[ 2015-03-23T10:04:35+08:00 ] 127.0.0.1 /
INFO: [ view_parse ] --START--
INFO: [ template_filter ] --START--
INFO: Run Behavior\ContentReplaceBehavior [ RunTime:0.000541s ]
INFO: [ template_filter ] --END-- [ RunTime:0.001539s ]
INFO: Run Behavior\ParseTemplateBehavior [ RunTime:0.019037s ]
INFO: [ view_parse ] --END-- [ RunTime:0.020728s ]
INFO: [ view_filter ] --START--
INFO: Run Behavior\WriteHtmlCacheBehavior [ RunTime:0.001093s ]
INFO: [ view_filter ] --END-- [ RunTime:0.002108s ]
INFO: [ app_end ] --START--
INFO: Run Behavior\ShowPageTraceBehavior [ RunTime:0.001143s ]
INFO: [ app_end ] --END-- [ RunTime:0.002128s ]

[ 2015-03-23T10:04:38+08:00 ] 127.0.0.1 /Index/home.html
SQL: SHOW COLUMNS FROM `pro` [ RunTime:0.002803s ]
SQL: SELECT * FROM `pro` WHERE `p` = 1 AND `status` = 1  [ RunTime:0.000592s ]
SQL: SELECT * FROM `news` WHERE `type` = 1 AND `status` = 1 LIMIT 8   [ RunTime:0.000712s ]
INFO: [ view_parse ] --START--
INFO: [ template_filter ] --START--
INFO: Run Behavior\ContentReplaceBehavior [ RunTime:0.000629s ]
INFO: [ template_filter ] --END-- [ RunTime:0.001723s ]
INFO: Run Behavior\ParseTemplateBehavior [ RunTime:0.083560s ]
INFO: [ view_parse ] --END-- [ RunTime:0.084564s ]
INFO: [ view_filter ] --START--
INFO: Run Behavior\WriteHtmlCacheBehavior [ RunTime:0.000749s ]
INFO: [ view_filter ] --END-- [ RunTime:0.001770s ]
INFO: [ app_end ] --START--
INFO: Run Behavior\ShowPageTraceBehavior [ RunTime:0.000956s ]
INFO: [ app_end ] --END-- [ RunTime:0.001929s ]

[ 2015-03-23T10:05:30+08:00 ] 127.0.0.1 /Index/about/id/5.html
SQL: SHOW COLUMNS FROM `along` [ RunTime:0.002464s ]
SQL: SELECT * FROM `along` WHERE `id` = 5 LIMIT 1   [ RunTime:0.000594s ]
INFO: [ view_parse ] --START--
INFO: [ template_filter ] --START--
INFO: Run Behavior\ContentReplaceBehavior [ RunTime:0.000563s ]
INFO: [ template_filter ] --END-- [ RunTime:0.001547s ]
INFO: Run Behavior\ParseTemplateBehavior [ RunTime:0.047754s ]
INFO: [ view_parse ] --END-- [ RunTime:0.048788s ]
INFO: [ view_filter ] --START--
INFO: Run Behavior\WriteHtmlCacheBehavior [ RunTime:0.000857s ]
INFO: [ view_filter ] --END-- [ RunTime:0.001832s ]
INFO: [ app_end ] --START--
INFO: Run Behavior\ShowPageTraceBehavior [ RunTime:0.001062s ]
INFO: [ app_end ] --END-- [ RunTime:0.002043s ]

[ 2015-03-23T10:05:39+08:00 ] 127.0.0.1 /Index/news/id/1.html
SQL: SELECT COUNT(*) AS tp_count FROM `news` WHERE `pid` = 1 AND `status` = 1 AND `type` = 1 LIMIT 1   [ RunTime:0.000607s ]
SQL: SELECT * FROM `news` WHERE `pid` = 1 AND `status` = 1 AND `type` = 1 ORDER BY `id` desc LIMIT 0,10   [ RunTime:0.000592s ]
INFO: [ view_parse ] --START--
INFO: [ template_filter ] --START--
INFO: Run Behavior\ContentReplaceBehavior [ RunTime:0.000606s ]
INFO: [ template_filter ] --END-- [ RunTime:0.001613s ]
INFO: Run Behavior\ParseTemplateBehavior [ RunTime:0.057508s ]
INFO: [ view_parse ] --END-- [ RunTime:0.058515s ]
INFO: [ view_filter ] --START--
INFO: Run Behavior\WriteHtmlCacheBehavior [ RunTime:0.000844s ]
INFO: [ view_filter ] --END-- [ RunTime:0.001811s ]
INFO: [ app_end ] --START--
INFO: Run Behavior\ShowPageTraceBehavior [ RunTime:0.001047s ]
INFO: [ app_end ] --END-- [ RunTime:0.002012s ]

[ 2015-03-23T10:05:41+08:00 ] 127.0.0.1 /Index/news/id/1.html
SQL: SELECT COUNT(*) AS tp_count FROM `news` WHERE `pid` = 1 AND `status` = 1 AND `type` = 1 LIMIT 1   [ RunTime:0.000493s ]
SQL: SELECT * FROM `news` WHERE `pid` = 1 AND `status` = 1 AND `type` = 1 ORDER BY `id` desc LIMIT 0,10   [ RunTime:0.000417s ]
INFO: [ view_parse ] --START--
INFO: [ template_filter ] --START--
INFO: Run Behavior\ContentReplaceBehavior [ RunTime:0.000569s ]
INFO: [ template_filter ] --END-- [ RunTime:0.001557s ]
INFO: Run Behavior\ParseTemplateBehavior [ RunTime:0.056917s ]
INFO: [ view_parse ] --END-- [ RunTime:0.058018s ]
INFO: [ view_filter ] --START--
INFO: Run Behavior\WriteHtmlCacheBehavior [ RunTime:0.000856s ]
INFO: [ view_filter ] --END-- [ RunTime:0.001856s ]
INFO: [ app_end ] --START--
INFO: Run Behavior\ShowPageTraceBehavior [ RunTime:0.001061s ]
INFO: [ app_end ] --END-- [ RunTime:0.002050s ]

[ 2015-03-23T10:05:42+08:00 ] 127.0.0.1 /Index/news/id/1.html
SQL: SELECT COUNT(*) AS tp_count FROM `news` WHERE `pid` = 1 AND `status` = 1 AND `type` = 1 LIMIT 1   [ RunTime:0.000396s ]
SQL: SELECT * FROM `news` WHERE `pid` = 1 AND `status` = 1 AND `type` = 1 ORDER BY `id` desc LIMIT 0,10   [ RunTime:0.000406s ]
INFO: [ view_parse ] --START--
INFO: [ template_filter ] --START--
INFO: Run Behavior\ContentReplaceBehavior [ RunTime:0.000571s ]
INFO: [ template_filter ] --END-- [ RunTime:0.001561s ]
INFO: Run Behavior\ParseTemplateBehavior [ RunTime:0.056074s ]
INFO: [ view_parse ] --END-- [ RunTime:0.057063s ]
INFO: [ view_filter ] --START--
INFO: Run Behavior\WriteHtmlCacheBehavior [ RunTime:0.000813s ]
INFO: [ view_filter ] --END-- [ RunTime:0.001784s ]
INFO: [ app_end ] --START--
INFO: Run Behavior\ShowPageTraceBehavior [ RunTime:0.000961s ]
INFO: [ app_end ] --END-- [ RunTime:0.001927s ]

[ 2015-03-23T10:06:03+08:00 ] 127.0.0.1 /Index/news/id/2.html
SQL: SELECT COUNT(*) AS tp_count FROM `news` WHERE `pid` = 2 AND `status` = 1 AND `type` = 1 LIMIT 1   [ RunTime:0.000587s ]
SQL: SELECT * FROM `news` WHERE `pid` = 2 AND `status` = 1 AND `type` = 1 ORDER BY `id` desc LIMIT 0,10   [ RunTime:0.000595s ]
INFO: [ view_parse ] --START--
INFO: [ template_filter ] --START--
INFO: Run Behavior\ContentReplaceBehavior [ RunTime:0.000569s ]
INFO: [ template_filter ] --END-- [ RunTime:0.001583s ]
INFO: Run Behavior\ParseTemplateBehavior [ RunTime:0.057428s ]
INFO: [ view_parse ] --END-- [ RunTime:0.058421s ]
INFO: [ view_filter ] --START--
INFO: Run Behavior\WriteHtmlCacheBehavior [ RunTime:0.000771s ]
INFO: [ view_filter ] --END-- [ RunTime:0.001756s ]
INFO: [ app_end ] --START--
INFO: Run Behavior\ShowPageTraceBehavior [ RunTime:0.001167s ]
INFO: [ app_end ] --END-- [ RunTime:0.002152s ]

[ 2015-03-23T10:06:04+08:00 ] 127.0.0.1 /Index/news/id/1.html
SQL: SELECT COUNT(*) AS tp_count FROM `news` WHERE `pid` = 1 AND `status` = 1 AND `type` = 1 LIMIT 1   [ RunTime:0.000349s ]
SQL: SELECT * FROM `news` WHERE `pid` = 1 AND `status` = 1 AND `type` = 1 ORDER BY `id` desc LIMIT 0,10   [ RunTime:0.000378s ]
INFO: [ view_parse ] --START--
INFO: [ template_filter ] --START--
INFO: Run Behavior\ContentReplaceBehavior [ RunTime:0.000571s ]
INFO: [ template_filter ] --END-- [ RunTime:0.001600s ]
INFO: Run Behavior\ParseTemplateBehavior [ RunTime:0.056253s ]
INFO: [ view_parse ] --END-- [ RunTime:0.057226s ]
INFO: [ view_filter ] --START--
INFO: Run Behavior\WriteHtmlCacheBehavior [ RunTime:0.000735s ]
INFO: [ view_filter ] --END-- [ RunTime:0.001705s ]
INFO: [ app_end ] --START--
INFO: Run Behavior\ShowPageTraceBehavior [ RunTime:0.000990s ]
INFO: [ app_end ] --END-- [ RunTime:0.001963s ]

[ 2015-03-23T10:06:05+08:00 ] 127.0.0.1 /Index/news/id/2.html
SQL: SELECT COUNT(*) AS tp_count FROM `news` WHERE `pid` = 2 AND `status` = 1 AND `type` = 1 LIMIT 1   [ RunTime:0.000834s ]
SQL: SELECT * FROM `news` WHERE `pid` = 2 AND `status` = 1 AND `type` = 1 ORDER BY `id` desc LIMIT 0,10   [ RunTime:0.000896s ]
INFO: [ view_parse ] --START--
INFO: [ template_filter ] --START--
INFO: Run Behavior\ContentReplaceBehavior [ RunTime:0.000582s ]
INFO: [ template_filter ] --END-- [ RunTime:0.001643s ]
INFO: Run Behavior\ParseTemplateBehavior [ RunTime:0.059563s ]
INFO: [ view_parse ] --END-- [ RunTime:0.060690s ]
INFO: [ view_filter ] --START--
INFO: Run Behavior\WriteHtmlCacheBehavior [ RunTime:0.000900s ]
INFO: [ view_filter ] --END-- [ RunTime:0.001892s ]
INFO: [ app_end ] --START--
INFO: Run Behavior\ShowPageTraceBehavior [ RunTime:0.001152s ]
INFO: [ app_end ] --END-- [ RunTime:0.002157s ]

[ 2015-03-23T10:06:06+08:00 ] 127.0.0.1 /Index/news/id/2.html
SQL: SELECT COUNT(*) AS tp_count FROM `news` WHERE `pid` = 2 AND `status` = 1 AND `type` = 1 LIMIT 1   [ RunTime:0.000411s ]
SQL: SELECT * FROM `news` WHERE `pid` = 2 AND `status` = 1 AND `type` = 1 ORDER BY `id` desc LIMIT 0,10   [ RunTime:0.000455s ]
INFO: [ view_parse ] --START--
INFO: [ template_filter ] --START--
INFO: Run Behavior\ContentReplaceBehavior [ RunTime:0.000567s ]
INFO: [ template_filter ] --END-- [ RunTime:0.001554s ]
INFO: Run Behavior\ParseTemplateBehavior [ RunTime:0.058211s ]
INFO: [ view_parse ] --END-- [ RunTime:0.059218s ]
INFO: [ view_filter ] --START--
INFO: Run Behavior\WriteHtmlCacheBehavior [ RunTime:0.000874s ]
INFO: [ view_filter ] --END-- [ RunTime:0.001843s ]
INFO: [ app_end ] --START--
INFO: Run Behavior\ShowPageTraceBehavior [ RunTime:0.001093s ]
INFO: [ app_end ] --END-- [ RunTime:0.002101s ]

[ 2015-03-23T10:06:08+08:00 ] 127.0.0.1 /Index/news/id/1.html
SQL: SELECT COUNT(*) AS tp_count FROM `news` WHERE `pid` = 1 AND `status` = 1 AND `type` = 1 LIMIT 1   [ RunTime:0.000789s ]
SQL: SELECT * FROM `news` WHERE `pid` = 1 AND `status` = 1 AND `type` = 1 ORDER BY `id` desc LIMIT 0,10   [ RunTime:0.000955s ]
INFO: [ view_parse ] --START--
INFO: [ template_filter ] --START--
INFO: Run Behavior\ContentReplaceBehavior [ RunTime:0.000563s ]
INFO: [ template_filter ] --END-- [ RunTime:0.001564s ]
INFO: Run Behavior\ParseTemplateBehavior [ RunTime:0.066801s ]
INFO: [ view_parse ] --END-- [ RunTime:0.068271s ]
INFO: [ view_filter ] --START--
INFO: Run Behavior\WriteHtmlCacheBehavior [ RunTime:0.001066s ]
INFO: [ view_filter ] --END-- [ RunTime:0.002141s ]
INFO: [ app_end ] --START--
INFO: Run Behavior\ShowPageTraceBehavior [ RunTime:0.001085s ]
INFO: [ app_end ] --END-- [ RunTime:0.002088s ]

[ 2015-03-23T10:06:09+08:00 ] 127.0.0.1 /Index/news/id/1.html
SQL: SELECT COUNT(*) AS tp_count FROM `news` WHERE `pid` = 1 AND `status` = 1 AND `type` = 1 LIMIT 1   [ RunTime:0.000424s ]
SQL: SELECT * FROM `news` WHERE `pid` = 1 AND `status` = 1 AND `type` = 1 ORDER BY `id` desc LIMIT 0,10   [ RunTime:0.000466s ]
INFO: [ view_parse ] --START--
INFO: [ template_filter ] --START--
INFO: Run Behavior\ContentReplaceBehavior [ RunTime:0.000718s ]
INFO: [ template_filter ] --END-- [ RunTime:0.001818s ]
INFO: Run Behavior\ParseTemplateBehavior [ RunTime:0.059726s ]
INFO: [ view_parse ] --END-- [ RunTime:0.060749s ]
INFO: [ view_filter ] --START--
INFO: Run Behavior\WriteHtmlCacheBehavior [ RunTime:0.000834s ]
INFO: [ view_filter ] --END-- [ RunTime:0.001882s ]
INFO: [ app_end ] --START--
INFO: Run Behavior\ShowPageTraceBehavior [ RunTime:0.001181s ]
INFO: [ app_end ] --END-- [ RunTime:0.002238s ]

[ 2015-03-23T10:06:10+08:00 ] 127.0.0.1 /Index/news/id/1.html
SQL: SELECT COUNT(*) AS tp_count FROM `news` WHERE `pid` = 1 AND `status` = 1 AND `type` = 1 LIMIT 1   [ RunTime:0.000419s ]
SQL: SELECT * FROM `news` WHERE `pid` = 1 AND `status` = 1 AND `type` = 1 ORDER BY `id` desc LIMIT 0,10   [ RunTime:0.000468s ]
INFO: [ view_parse ] --START--
INFO: [ template_filter ] --START--
INFO: Run Behavior\ContentReplaceBehavior [ RunTime:0.000592s ]
INFO: [ template_filter ] --END-- [ RunTime:0.001597s ]
INFO: Run Behavior\ParseTemplateBehavior [ RunTime:0.057447s ]
INFO: [ view_parse ] --END-- [ RunTime:0.058461s ]
INFO: [ view_filter ] --START--
INFO: Run Behavior\WriteHtmlCacheBehavior [ RunTime:0.000751s ]
INFO: [ view_filter ] --END-- [ RunTime:0.001748s ]
INFO: [ app_end ] --START--
INFO: Run Behavior\ShowPageTraceBehavior [ RunTime:0.001034s ]
INFO: [ app_end ] --END-- [ RunTime:0.002063s ]

[ 2015-03-23T10:06:12+08:00 ] 127.0.0.1 /Index/news/id/2.html
SQL: SELECT COUNT(*) AS tp_count FROM `news` WHERE `pid` = 2 AND `status` = 1 AND `type` = 1 LIMIT 1   [ RunTime:0.000485s ]
SQL: SELECT * FROM `news` WHERE `pid` = 2 AND `status` = 1 AND `type` = 1 ORDER BY `id` desc LIMIT 0,10   [ RunTime:0.000451s ]
INFO: [ view_parse ] --START--
INFO: [ template_filter ] --START--
INFO: Run Behavior\ContentReplaceBehavior [ RunTime:0.000584s ]
INFO: [ template_filter ] --END-- [ RunTime:0.001559s ]
INFO: Run Behavior\ParseTemplateBehavior [ RunTime:0.056136s ]
INFO: [ view_parse ] --END-- [ RunTime:0.057119s ]
INFO: [ view_filter ] --START--
INFO: Run Behavior\WriteHtmlCacheBehavior [ RunTime:0.000757s ]
INFO: [ view_filter ] --END-- [ RunTime:0.001712s ]
INFO: [ app_end ] --START--
INFO: Run Behavior\ShowPageTraceBehavior [ RunTime:0.001122s ]
INFO: [ app_end ] --END-- [ RunTime:0.002091s ]

[ 2015-03-23T10:06:15+08:00 ] 127.0.0.1 /Index/news/id/1.html
SQL: SELECT COUNT(*) AS tp_count FROM `news` WHERE `pid` = 1 AND `status` = 1 AND `type` = 1 LIMIT 1   [ RunTime:0.000468s ]
SQL: SELECT * FROM `news` WHERE `pid` = 1 AND `status` = 1 AND `type` = 1 ORDER BY `id` desc LIMIT 0,10   [ RunTime:0.000492s ]
INFO: [ view_parse ] --START--
INFO: [ template_filter ] --START--
INFO: Run Behavior\ContentReplaceBehavior [ RunTime:0.000593s ]
INFO: [ template_filter ] --END-- [ RunTime:0.001620s ]
INFO: Run Behavior\ParseTemplateBehavior [ RunTime:0.055723s ]
INFO: [ view_parse ] --END-- [ RunTime:0.056718s ]
INFO: [ view_filter ] --START--
INFO: Run Behavior\WriteHtmlCacheBehavior [ RunTime:0.000795s ]
INFO: [ view_filter ] --END-- [ RunTime:0.001785s ]
INFO: [ app_end ] --START--
INFO: Run Behavior\ShowPageTraceBehavior [ RunTime:0.000977s ]
INFO: [ app_end ] --END-- [ RunTime:0.001966s ]

[ 2015-03-23T10:06:24+08:00 ] 127.0.0.1 /Index/about/id/12.html
SQL: SHOW COLUMNS FROM `along` [ RunTime:0.004505s ]
SQL: SELECT * FROM `along` WHERE `id` = 12 LIMIT 1   [ RunTime:0.000697s ]
INFO: [ view_parse ] --START--
INFO: [ template_filter ] --START--
INFO: Run Behavior\ContentReplaceBehavior [ RunTime:0.000565s ]
INFO: [ template_filter ] --END-- [ RunTime:0.001594s ]
INFO: Run Behavior\ParseTemplateBehavior [ RunTime:0.050291s ]
INFO: [ view_parse ] --END-- [ RunTime:0.051364s ]
INFO: [ view_filter ] --START--
INFO: Run Behavior\WriteHtmlCacheBehavior [ RunTime:0.000784s ]
INFO: [ view_filter ] --END-- [ RunTime:0.001744s ]
INFO: [ app_end ] --START--
INFO: Run Behavior\ShowPageTraceBehavior [ RunTime:0.001021s ]
INFO: [ app_end ] --END-- [ RunTime:0.001982s ]

[ 2015-03-23T10:06:27+08:00 ] 127.0.0.1 /Index/about/id/11.html
SQL: SHOW COLUMNS FROM `along` [ RunTime:0.003409s ]
SQL: SELECT * FROM `along` WHERE `id` = 11 LIMIT 1   [ RunTime:0.000563s ]
INFO: [ view_parse ] --START--
INFO: [ template_filter ] --START--
INFO: Run Behavior\ContentReplaceBehavior [ RunTime:0.000581s ]
INFO: [ template_filter ] --END-- [ RunTime:0.001620s ]
INFO: Run Behavior\ParseTemplateBehavior [ RunTime:0.047242s ]
INFO: [ view_parse ] --END-- [ RunTime:0.048290s ]
INFO: [ view_filter ] --START--
INFO: Run Behavior\WriteHtmlCacheBehavior [ RunTime:0.000827s ]
INFO: [ view_filter ] --END-- [ RunTime:0.001829s ]
INFO: [ app_end ] --START--
INFO: Run Behavior\ShowPageTraceBehavior [ RunTime:0.001025s ]
INFO: [ app_end ] --END-- [ RunTime:0.001999s ]

[ 2015-03-23T10:06:30+08:00 ] 127.0.0.1 /Index/cases.html
SQL: SELECT COUNT(*) AS tp_count FROM `news` WHERE `type` = 2 AND `status` = 1 LIMIT 1   [ RunTime:0.000556s ]
SQL: SELECT * FROM `news` WHERE `type` = 2 AND `status` = 1 ORDER BY `id` desc LIMIT 0,10   [ RunTime:0.000659s ]
INFO: [ view_parse ] --START--
INFO: [ template_filter ] --START--
INFO: Run Behavior\ContentReplaceBehavior [ RunTime:0.000602s ]
INFO: [ template_filter ] --END-- [ RunTime:0.001600s ]
INFO: Run Behavior\ParseTemplateBehavior [ RunTime:0.067396s ]
INFO: [ view_parse ] --END-- [ RunTime:0.068395s ]
INFO: [ view_filter ] --START--
INFO: Run Behavior\WriteHtmlCacheBehavior [ RunTime:0.000787s ]
INFO: [ view_filter ] --END-- [ RunTime:0.001769s ]
INFO: [ app_end ] --START--
INFO: Run Behavior\ShowPageTraceBehavior [ RunTime:0.001015s ]
INFO: [ app_end ] --END-- [ RunTime:0.002011s ]

[ 2015-03-23T10:06:32+08:00 ] 127.0.0.1 /Index/support/id/6.html
SQL: SHOW COLUMNS FROM `along` [ RunTime:0.002411s ]
SQL: SELECT * FROM `along` WHERE `id` = 6 LIMIT 1   [ RunTime:0.000549s ]
INFO: [ view_parse ] --START--
INFO: [ template_filter ] --START--
INFO: Run Behavior\ContentReplaceBehavior [ RunTime:0.000565s ]
INFO: [ template_filter ] --END-- [ RunTime:0.001643s ]
INFO: Run Behavior\ParseTemplateBehavior [ RunTime:0.047079s ]
INFO: [ view_parse ] --END-- [ RunTime:0.048076s ]
INFO: [ view_filter ] --START--
INFO: Run Behavior\WriteHtmlCacheBehavior [ RunTime:0.000843s ]
INFO: [ view_filter ] --END-- [ RunTime:0.001829s ]
INFO: [ app_end ] --START--
INFO: Run Behavior\ShowPageTraceBehavior [ RunTime:0.001074s ]
INFO: [ app_end ] --END-- [ RunTime:0.002045s ]

[ 2015-03-23T10:06:34+08:00 ] 127.0.0.1 /Index/pro.html
SQL: SHOW COLUMNS FROM `pro` [ RunTime:0.003434s ]
SQL: SELECT * FROM `pro` WHERE `p` = 1 AND `status` = 1  [ RunTime:0.000434s ]
SQL: SELECT COUNT(*) AS tp_count FROM `pro` WHERE `p` = 2 AND `status` = 1 LIMIT 1   [ RunTime:0.000561s ]
SQL: SELECT * FROM `pro` WHERE `p` = 2 AND `status` = 1 ORDER BY `id` desc LIMIT 0,10   [ RunTime:0.000632s ]
INFO: [ view_parse ] --START--
INFO: [ template_filter ] --START--
INFO: Run Behavior\ContentReplaceBehavior [ RunTime:0.000573s ]
INFO: [ template_filter ] --END-- [ RunTime:0.001591s ]
INFO: Run Behavior\ParseTemplateBehavior [ RunTime:0.076968s ]
INFO: [ view_parse ] --END-- [ RunTime:0.078001s ]
INFO: [ view_filter ] --START--
INFO: Run Behavior\WriteHtmlCacheBehavior [ RunTime:0.000912s ]
INFO: [ view_filter ] --END-- [ RunTime:0.001921s ]
INFO: [ app_end ] --START--
INFO: Run Behavior\ShowPageTraceBehavior [ RunTime:0.000983s ]
INFO: [ app_end ] --END-- [ RunTime:0.001967s ]

[ 2015-03-23T10:06:36+08:00 ] 127.0.0.1 /Index/news/id/1.html
SQL: SELECT COUNT(*) AS tp_count FROM `news` WHERE `pid` = 1 AND `status` = 1 AND `type` = 1 LIMIT 1   [ RunTime:0.000522s ]
SQL: SELECT * FROM `news` WHERE `pid` = 1 AND `status` = 1 AND `type` = 1 ORDER BY `id` desc LIMIT 0,10   [ RunTime:0.000557s ]
INFO: [ view_parse ] --START--
INFO: [ template_filter ] --START--
INFO: Run Behavior\ContentReplaceBehavior [ RunTime:0.000574s ]
INFO: [ template_filter ] --END-- [ RunTime:0.001560s ]
INFO: Run Behavior\ParseTemplateBehavior [ RunTime:0.057206s ]
INFO: [ view_parse ] --END-- [ RunTime:0.058281s ]
INFO: [ view_filter ] --START--
INFO: Run Behavior\WriteHtmlCacheBehavior [ RunTime:0.000814s ]
INFO: [ view_filter ] --END-- [ RunTime:0.001795s ]
INFO: [ app_end ] --START--
INFO: Run Behavior\ShowPageTraceBehavior [ RunTime:0.001037s ]
INFO: [ app_end ] --END-- [ RunTime:0.002029s ]

[ 2015-03-23T10:06:38+08:00 ] 127.0.0.1 /Index/about/id/5.html
SQL: SHOW COLUMNS FROM `along` [ RunTime:0.002393s ]
SQL: SELECT * FROM `along` WHERE `id` = 5 LIMIT 1   [ RunTime:0.000445s ]
INFO: [ view_parse ] --START--
INFO: [ template_filter ] --START--
INFO: Run Behavior\ContentReplaceBehavior [ RunTime:0.000562s ]
INFO: [ template_filter ] --END-- [ RunTime:0.001542s ]
INFO: Run Behavior\ParseTemplateBehavior [ RunTime:0.046467s ]
INFO: [ view_parse ] --END-- [ RunTime:0.047469s ]
INFO: [ view_filter ] --START--
INFO: Run Behavior\WriteHtmlCacheBehavior [ RunTime:0.000771s ]
INFO: [ view_filter ] --END-- [ RunTime:0.001737s ]
INFO: [ app_end ] --START--
INFO: Run Behavior\ShowPageTraceBehavior [ RunTime:0.001037s ]
INFO: [ app_end ] --END-- [ RunTime:0.001998s ]

[ 2015-03-23T10:06:40+08:00 ] 127.0.0.1 /
INFO: [ view_parse ] --START--
INFO: [ template_filter ] --START--
INFO: Run Behavior\ContentReplaceBehavior [ RunTime:0.000552s ]
INFO: [ template_filter ] --END-- [ RunTime:0.001578s ]
INFO: Run Behavior\ParseTemplateBehavior [ RunTime:0.016491s ]
INFO: [ view_parse ] --END-- [ RunTime:0.018000s ]
INFO: [ view_filter ] --START--
INFO: Run Behavior\WriteHtmlCacheBehavior [ RunTime:0.000835s ]
INFO: [ view_filter ] --END-- [ RunTime:0.001840s ]
INFO: [ app_end ] --START--
INFO: Run Behavior\ShowPageTraceBehavior [ RunTime:0.001124s ]
INFO: [ app_end ] --END-- [ RunTime:0.002122s ]

[ 2015-03-23T10:06:42+08:00 ] 127.0.0.1 /Index/home.html
SQL: SHOW COLUMNS FROM `pro` [ RunTime:0.002812s ]
SQL: SELECT * FROM `pro` WHERE `p` = 1 AND `status` = 1  [ RunTime:0.000501s ]
SQL: SELECT * FROM `news` WHERE `type` = 1 AND `status` = 1 LIMIT 8   [ RunTime:0.000542s ]
INFO: [ view_parse ] --START--
INFO: [ template_filter ] --START--
INFO: Run Behavior\ContentReplaceBehavior [ RunTime:0.000696s ]
INFO: [ template_filter ] --END-- [ RunTime:0.001768s ]
INFO: Run Behavior\ParseTemplateBehavior [ RunTime:0.085311s ]
INFO: [ view_parse ] --END-- [ RunTime:0.086356s ]
INFO: [ view_filter ] --START--
INFO: Run Behavior\WriteHtmlCacheBehavior [ RunTime:0.000821s ]
INFO: [ view_filter ] --END-- [ RunTime:0.001823s ]
INFO: [ app_end ] --START--
INFO: Run Behavior\ShowPageTraceBehavior [ RunTime:0.001080s ]
INFO: [ app_end ] --END-- [ RunTime:0.002055s ]

[ 2015-03-23T10:07:17+08:00 ] 127.0.0.1 /Index/about/id/5.html
SQL: SHOW COLUMNS FROM `along` [ RunTime:0.002300s ]
SQL: SELECT * FROM `along` WHERE `id` = 5 LIMIT 1   [ RunTime:0.000499s ]
INFO: [ view_parse ] --START--
INFO: [ template_filter ] --START--
INFO: Run Behavior\ContentReplaceBehavior [ RunTime:0.000563s ]
INFO: [ template_filter ] --END-- [ RunTime:0.001615s ]
INFO: Run Behavior\ParseTemplateBehavior [ RunTime:0.047408s ]
INFO: [ view_parse ] --END-- [ RunTime:0.048479s ]
INFO: [ view_filter ] --START--
INFO: Run Behavior\WriteHtmlCacheBehavior [ RunTime:0.000798s ]
INFO: [ view_filter ] --END-- [ RunTime:0.001766s ]
INFO: [ app_end ] --START--
INFO: Run Behavior\ShowPageTraceBehavior [ RunTime:0.001034s ]
INFO: [ app_end ] --END-- [ RunTime:0.001997s ]

[ 2015-03-23T10:07:19+08:00 ] 127.0.0.1 /Index/news/id/1.html
SQL: SELECT COUNT(*) AS tp_count FROM `news` WHERE `pid` = 1 AND `status` = 1 AND `type` = 1 LIMIT 1   [ RunTime:0.000393s ]
SQL: SELECT * FROM `news` WHERE `pid` = 1 AND `status` = 1 AND `type` = 1 ORDER BY `id` desc LIMIT 0,10   [ RunTime:0.000511s ]
INFO: [ view_parse ] --START--
INFO: [ template_filter ] --START--
INFO: Run Behavior\ContentReplaceBehavior [ RunTime:0.000574s ]
INFO: [ template_filter ] --END-- [ RunTime:0.001601s ]
INFO: Run Behavior\ParseTemplateBehavior [ RunTime:0.056673s ]
INFO: [ view_parse ] --END-- [ RunTime:0.057658s ]
INFO: [ view_filter ] --START--
INFO: Run Behavior\WriteHtmlCacheBehavior [ RunTime:0.000968s ]
INFO: [ view_filter ] --END-- [ RunTime:0.002005s ]
INFO: [ app_end ] --START--
INFO: Run Behavior\ShowPageTraceBehavior [ RunTime:0.001055s ]
INFO: [ app_end ] --END-- [ RunTime:0.002071s ]

[ 2015-03-23T10:07:22+08:00 ] 127.0.0.1 /Index/pro.html
SQL: SHOW COLUMNS FROM `pro` [ RunTime:0.002781s ]
SQL: SELECT * FROM `pro` WHERE `p` = 1 AND `status` = 1  [ RunTime:0.000575s ]
SQL: SELECT COUNT(*) AS tp_count FROM `pro` WHERE `p` = 2 AND `status` = 1 LIMIT 1   [ RunTime:0.000476s ]
SQL: SELECT * FROM `pro` WHERE `p` = 2 AND `status` = 1 ORDER BY `id` desc LIMIT 0,10   [ RunTime:0.000539s ]
INFO: [ view_parse ] --START--
INFO: [ template_filter ] --START--
INFO: Run Behavior\ContentReplaceBehavior [ RunTime:0.000586s ]
INFO: [ template_filter ] --END-- [ RunTime:0.001609s ]
INFO: Run Behavior\ParseTemplateBehavior [ RunTime:0.074365s ]
INFO: [ view_parse ] --END-- [ RunTime:0.075380s ]
INFO: [ view_filter ] --START--
INFO: Run Behavior\WriteHtmlCacheBehavior [ RunTime:0.000792s ]
INFO: [ view_filter ] --END-- [ RunTime:0.001782s ]
INFO: [ app_end ] --START--
INFO: Run Behavior\ShowPageTraceBehavior [ RunTime:0.000969s ]
INFO: [ app_end ] --END-- [ RunTime:0.001931s ]

[ 2015-03-23T10:07:26+08:00 ] 127.0.0.1 /Index/pro/type/1/pid/1.html
SQL: SHOW COLUMNS FROM `pro` [ RunTime:0.002780s ]
SQL: SELECT * FROM `pro` WHERE `p` = 1 AND `status` = 1  [ RunTime:0.000498s ]
SQL: SELECT COUNT(*) AS tp_count FROM `pro` WHERE `p` = 2 AND `status` = 1 AND `pid` = 1 LIMIT 1   [ RunTime:0.000644s ]
SQL: SELECT * FROM `pro` WHERE `p` = 2 AND `status` = 1 AND `pid` = 1 ORDER BY `id` desc LIMIT 0,10   [ RunTime:0.000623s ]
INFO: [ view_parse ] --START--
INFO: [ template_filter ] --START--
INFO: Run Behavior\ContentReplaceBehavior [ RunTime:0.000618s ]
INFO: [ template_filter ] --END-- [ RunTime:0.001685s ]
SQL: SELECT * FROM `pro` WHERE `p` = 1  [ RunTime:0.000663s ]
INFO: Run Behavior\ParseTemplateBehavior [ RunTime:0.078195s ]
INFO: [ view_parse ] --END-- [ RunTime:0.079183s ]
INFO: [ view_filter ] --START--
INFO: Run Behavior\WriteHtmlCacheBehavior [ RunTime:0.000798s ]
INFO: [ view_filter ] --END-- [ RunTime:0.001761s ]
INFO: [ app_end ] --START--
INFO: Run Behavior\ShowPageTraceBehavior [ RunTime:0.001016s ]
INFO: [ app_end ] --END-- [ RunTime:0.001984s ]

[ 2015-03-23T10:07:28+08:00 ] 127.0.0.1 /Index/pro/type/1/pid/2.html
SQL: SHOW COLUMNS FROM `pro` [ RunTime:0.002597s ]
SQL: SELECT * FROM `pro` WHERE `p` = 1 AND `status` = 1  [ RunTime:0.000532s ]
SQL: SELECT COUNT(*) AS tp_count FROM `pro` WHERE `p` = 2 AND `status` = 1 AND `pid` = 2 LIMIT 1   [ RunTime:0.000525s ]
SQL: SELECT * FROM `pro` WHERE `p` = 2 AND `status` = 1 AND `pid` = 2 ORDER BY `id` desc LIMIT 0,10   [ RunTime:0.000494s ]
INFO: [ view_parse ] --START--
INFO: [ template_filter ] --START--
INFO: Run Behavior\ContentReplaceBehavior [ RunTime:0.000590s ]
INFO: [ template_filter ] --END-- [ RunTime:0.001607s ]
SQL: SELECT * FROM `pro` WHERE `p` = 1  [ RunTime:0.000483s ]
INFO: Run Behavior\ParseTemplateBehavior [ RunTime:0.078199s ]
INFO: [ view_parse ] --END-- [ RunTime:0.079209s ]
INFO: [ view_filter ] --START--
INFO: Run Behavior\WriteHtmlCacheBehavior [ RunTime:0.000822s ]
INFO: [ view_filter ] --END-- [ RunTime:0.001818s ]
INFO: [ app_end ] --START--
INFO: Run Behavior\ShowPageTraceBehavior [ RunTime:0.001038s ]
INFO: [ app_end ] --END-- [ RunTime:0.002015s ]

[ 2015-03-23T10:07:30+08:00 ] 127.0.0.1 /Index/pro/type/1/pid/3.html
SQL: SHOW COLUMNS FROM `pro` [ RunTime:0.002534s ]
SQL: SELECT * FROM `pro` WHERE `p` = 1 AND `status` = 1  [ RunTime:0.000467s ]
SQL: SELECT COUNT(*) AS tp_count FROM `pro` WHERE `p` = 2 AND `status` = 1 AND `pid` = 3 LIMIT 1   [ RunTime:0.000567s ]
SQL: SELECT * FROM `pro` WHERE `p` = 2 AND `status` = 1 AND `pid` = 3 ORDER BY `id` desc LIMIT 0,10   [ RunTime:0.000549s ]
INFO: [ view_parse ] --START--
INFO: [ template_filter ] --START--
INFO: Run Behavior\ContentReplaceBehavior [ RunTime:0.000570s ]
INFO: [ template_filter ] --END-- [ RunTime:0.001597s ]
SQL: SELECT * FROM `pro` WHERE `p` = 1  [ RunTime:0.000485s ]
INFO: Run Behavior\ParseTemplateBehavior [ RunTime:0.078129s ]
INFO: [ view_parse ] --END-- [ RunTime:0.079123s ]
INFO: [ view_filter ] --START--
INFO: Run Behavior\WriteHtmlCacheBehavior [ RunTime:0.000888s ]
INFO: [ view_filter ] --END-- [ RunTime:0.001933s ]
INFO: [ app_end ] --START--
INFO: Run Behavior\ShowPageTraceBehavior [ RunTime:0.001142s ]
INFO: [ app_end ] --END-- [ RunTime:0.002208s ]

[ 2015-03-23T10:07:31+08:00 ] 127.0.0.1 /Index/pro/type/1/pid/4.html
SQL: SHOW COLUMNS FROM `pro` [ RunTime:0.002521s ]
SQL: SELECT * FROM `pro` WHERE `p` = 1 AND `status` = 1  [ RunTime:0.000395s ]
SQL: SELECT COUNT(*) AS tp_count FROM `pro` WHERE `p` = 2 AND `status` = 1 AND `pid` = 4 LIMIT 1   [ RunTime:0.000535s ]
SQL: SELECT * FROM `pro` WHERE `p` = 2 AND `status` = 1 AND `pid` = 4 ORDER BY `id` desc LIMIT 0,10   [ RunTime:0.000573s ]
INFO: [ view_parse ] --START--
INFO: [ template_filter ] --START--
INFO: Run Behavior\ContentReplaceBehavior [ RunTime:0.000581s ]
INFO: [ template_filter ] --END-- [ RunTime:0.001568s ]
SQL: SELECT * FROM `pro` WHERE `p` = 1  [ RunTime:0.000528s ]
INFO: Run Behavior\ParseTemplateBehavior [ RunTime:0.078432s ]
INFO: [ view_parse ] --END-- [ RunTime:0.079426s ]
INFO: [ view_filter ] --START--
INFO: Run Behavior\WriteHtmlCacheBehavior [ RunTime:0.000846s ]
INFO: [ view_filter ] --END-- [ RunTime:0.001819s ]
INFO: [ app_end ] --START--
INFO: Run Behavior\ShowPageTraceBehavior [ RunTime:0.001027s ]
INFO: [ app_end ] --END-- [ RunTime:0.002015s ]

[ 2015-03-23T10:07:33+08:00 ] 127.0.0.1 /Index/pro/type/1/pid/5.html
SQL: SHOW COLUMNS FROM `pro` [ RunTime:0.002747s ]
SQL: SELECT * FROM `pro` WHERE `p` = 1 AND `status` = 1  [ RunTime:0.000519s ]
SQL: SELECT COUNT(*) AS tp_count FROM `pro` WHERE `p` = 2 AND `status` = 1 AND `pid` = 5 LIMIT 1   [ RunTime:0.000553s ]
SQL: SELECT * FROM `pro` WHERE `p` = 2 AND `status` = 1 AND `pid` = 5 ORDER BY `id` desc LIMIT 0,10   [ RunTime:0.000570s ]
INFO: [ view_parse ] --START--
INFO: [ template_filter ] --START--
INFO: Run Behavior\ContentReplaceBehavior [ RunTime:0.000583s ]
INFO: [ template_filter ] --END-- [ RunTime:0.001581s ]
SQL: SELECT * FROM `pro` WHERE `p` = 1  [ RunTime:0.000470s ]
INFO: Run Behavior\ParseTemplateBehavior [ RunTime:0.078373s ]
INFO: [ view_parse ] --END-- [ RunTime:0.079352s ]
INFO: [ view_filter ] --START--
INFO: Run Behavior\WriteHtmlCacheBehavior [ RunTime:0.000860s ]
INFO: [ view_filter ] --END-- [ RunTime:0.001862s ]
INFO: [ app_end ] --START--
INFO: Run Behavior\ShowPageTraceBehavior [ RunTime:0.001147s ]
INFO: [ app_end ] --END-- [ RunTime:0.002250s ]

[ 2015-03-23T10:07:34+08:00 ] 127.0.0.1 /Index/pro/type/2/pid/6.html
SQL: SHOW COLUMNS FROM `pro` [ RunTime:0.002676s ]
SQL: SELECT * FROM `pro` WHERE `p` = 1 AND `status` = 1  [ RunTime:0.000484s ]
SQL: SELECT COUNT(*) AS tp_count FROM `pro` WHERE `p` = 2 AND `status` = 1 AND `pid` = 6 LIMIT 1   [ RunTime:0.000598s ]
SQL: SELECT * FROM `pro` WHERE `p` = 2 AND `status` = 1 AND `pid` = 6 ORDER BY `id` desc LIMIT 0,10   [ RunTime:0.000577s ]
INFO: [ view_parse ] --START--
INFO: [ template_filter ] --START--
INFO: Run Behavior\ContentReplaceBehavior [ RunTime:0.000608s ]
INFO: [ template_filter ] --END-- [ RunTime:0.001662s ]
SQL: SELECT * FROM `pro` WHERE `p` = 1  [ RunTime:0.000505s ]
INFO: Run Behavior\ParseTemplateBehavior [ RunTime:0.080514s ]
INFO: [ view_parse ] --END-- [ RunTime:0.081509s ]
INFO: [ view_filter ] --START--
INFO: Run Behavior\WriteHtmlCacheBehavior [ RunTime:0.000792s ]
INFO: [ view_filter ] --END-- [ RunTime:0.001760s ]
INFO: [ app_end ] --START--
INFO: Run Behavior\ShowPageTraceBehavior [ RunTime:0.000970s ]
INFO: [ app_end ] --END-- [ RunTime:0.002091s ]

[ 2015-03-23T10:07:37+08:00 ] 127.0.0.1 /
INFO: [ view_parse ] --START--
INFO: [ template_filter ] --START--
INFO: Run Behavior\ContentReplaceBehavior [ RunTime:0.000601s ]
INFO: [ template_filter ] --END-- [ RunTime:0.001589s ]
INFO: Run Behavior\ParseTemplateBehavior [ RunTime:0.016053s ]
INFO: [ view_parse ] --END-- [ RunTime:0.017594s ]
INFO: [ view_filter ] --START--
INFO: Run Behavior\WriteHtmlCacheBehavior [ RunTime:0.000865s ]
INFO: [ view_filter ] --END-- [ RunTime:0.001829s ]
INFO: [ app_end ] --START--
INFO: Run Behavior\ShowPageTraceBehavior [ RunTime:0.001045s ]
INFO: [ app_end ] --END-- [ RunTime:0.002019s ]

[ 2015-03-23T10:07:39+08:00 ] 127.0.0.1 /Index/home.html
SQL: SHOW COLUMNS FROM `pro` [ RunTime:0.002694s ]
SQL: SELECT * FROM `pro` WHERE `p` = 1 AND `status` = 1  [ RunTime:0.000426s ]
SQL: SELECT * FROM `news` WHERE `type` = 1 AND `status` = 1 LIMIT 8   [ RunTime:0.000484s ]
INFO: [ view_parse ] --START--
INFO: [ template_filter ] --START--
INFO: Run Behavior\ContentReplaceBehavior [ RunTime:0.000586s ]
INFO: [ template_filter ] --END-- [ RunTime:0.001588s ]
INFO: Run Behavior\ParseTemplateBehavior [ RunTime:0.081292s ]
INFO: [ view_parse ] --END-- [ RunTime:0.082350s ]
INFO: [ view_filter ] --START--
INFO: Run Behavior\WriteHtmlCacheBehavior [ RunTime:0.000888s ]
INFO: [ view_filter ] --END-- [ RunTime:0.001996s ]
INFO: [ app_end ] --START--
INFO: Run Behavior\ShowPageTraceBehavior [ RunTime:0.001066s ]
INFO: [ app_end ] --END-- [ RunTime:0.002050s ]

[ 2015-03-23T10:07:42+08:00 ] 127.0.0.1 /Index/Home/?l=en-us
SQL: SHOW COLUMNS FROM `pro` [ RunTime:0.002636s ]
SQL: SELECT * FROM `pro` WHERE `p` = 1 AND `status` = 1  [ RunTime:0.000466s ]
SQL: SELECT * FROM `news` WHERE `type` = 1 AND `status` = 1 LIMIT 8   [ RunTime:0.000397s ]
INFO: [ view_parse ] --START--
INFO: [ template_filter ] --START--
INFO: Run Behavior\ContentReplaceBehavior [ RunTime:0.000576s ]
INFO: [ template_filter ] --END-- [ RunTime:0.001553s ]
INFO: Run Behavior\ParseTemplateBehavior [ RunTime:0.080595s ]
INFO: [ view_parse ] --END-- [ RunTime:0.081595s ]
INFO: [ view_filter ] --START--
INFO: Run Behavior\WriteHtmlCacheBehavior [ RunTime:0.000801s ]
INFO: [ view_filter ] --END-- [ RunTime:0.001758s ]
INFO: [ app_end ] --START--
INFO: Run Behavior\ShowPageTraceBehavior [ RunTime:0.001024s ]
INFO: [ app_end ] --END-- [ RunTime:0.001997s ]

[ 2015-03-23T10:10:53+08:00 ] 127.0.0.1 /Index/Home/?l=en-us
SQL: SHOW COLUMNS FROM `pro` [ RunTime:0.002717s ]
SQL: SELECT * FROM `pro` WHERE `p` = 1 AND `status` = 1  [ RunTime:0.000483s ]
SQL: SELECT * FROM `news` WHERE `type` = 1 AND `status` = 1 LIMIT 8   [ RunTime:0.000511s ]
INFO: [ view_parse ] --START--
INFO: [ template_filter ] --START--
INFO: Run Behavior\ContentReplaceBehavior [ RunTime:0.000676s ]
INFO: [ template_filter ] --END-- [ RunTime:0.001785s ]
INFO: Run Behavior\ParseTemplateBehavior [ RunTime:0.082260s ]
INFO: [ view_parse ] --END-- [ RunTime:0.083327s ]
INFO: [ view_filter ] --START--
INFO: Run Behavior\WriteHtmlCacheBehavior [ RunTime:0.000896s ]
INFO: [ view_filter ] --END-- [ RunTime:0.002046s ]
INFO: [ app_end ] --START--
INFO: Run Behavior\ShowPageTraceBehavior [ RunTime:0.001109s ]
INFO: [ app_end ] --END-- [ RunTime:0.002077s ]

[ 2015-03-23T10:10:55+08:00 ] 127.0.0.1 /Index/about/id/13.html
SQL: SHOW COLUMNS FROM `along` [ RunTime:0.002509s ]
SQL: SELECT * FROM `along` WHERE `id` = 13 LIMIT 1   [ RunTime:0.000621s ]
INFO: [ view_parse ] --START--
INFO: [ template_filter ] --START--
INFO: Run Behavior\ContentReplaceBehavior [ RunTime:0.000584s ]
INFO: [ template_filter ] --END-- [ RunTime:0.001574s ]
INFO: Run Behavior\ParseTemplateBehavior [ RunTime:0.047394s ]
INFO: [ view_parse ] --END-- [ RunTime:0.048421s ]
INFO: [ view_filter ] --START--
INFO: Run Behavior\WriteHtmlCacheBehavior [ RunTime:0.000738s ]
INFO: [ view_filter ] --END-- [ RunTime:0.001722s ]
INFO: [ app_end ] --START--
INFO: Run Behavior\ShowPageTraceBehavior [ RunTime:0.001243s ]
INFO: [ app_end ] --END-- [ RunTime:0.002210s ]

[ 2015-03-23T10:11:52+08:00 ] 127.0.0.1 /
INFO: [ view_parse ] --START--
INFO: [ template_filter ] --START--
INFO: Run Behavior\ContentReplaceBehavior [ RunTime:0.000560s ]
INFO: [ template_filter ] --END-- [ RunTime:0.001578s ]
INFO: Run Behavior\ParseTemplateBehavior [ RunTime:0.016470s ]
INFO: [ view_parse ] --END-- [ RunTime:0.017937s ]
INFO: [ view_filter ] --START--
INFO: Run Behavior\WriteHtmlCacheBehavior [ RunTime:0.000847s ]
INFO: [ view_filter ] --END-- [ RunTime:0.001822s ]
INFO: [ app_end ] --START--
INFO: Run Behavior\ShowPageTraceBehavior [ RunTime:0.001080s ]
INFO: [ app_end ] --END-- [ RunTime:0.002054s ]

[ 2015-03-23T10:11:55+08:00 ] 127.0.0.1 /Index/home.html
SQL: SHOW COLUMNS FROM `pro` [ RunTime:0.004874s ]
SQL: SELECT * FROM `pro` WHERE `p` = 1 AND `status` = 1  [ RunTime:0.000866s ]
SQL: SELECT * FROM `news` WHERE `type` = 1 AND `status` = 1 LIMIT 8   [ RunTime:0.000441s ]
INFO: [ view_parse ] --START--
INFO: [ template_filter ] --START--
INFO: Run Behavior\ContentReplaceBehavior [ RunTime:0.000583s ]
INFO: [ template_filter ] --END-- [ RunTime:0.001616s ]
INFO: Run Behavior\ParseTemplateBehavior [ RunTime:0.082523s ]
INFO: [ view_parse ] --END-- [ RunTime:0.083523s ]
INFO: [ view_filter ] --START--
INFO: Run Behavior\WriteHtmlCacheBehavior [ RunTime:0.000831s ]
INFO: [ view_filter ] --END-- [ RunTime:0.001887s ]
INFO: [ app_end ] --START--
INFO: Run Behavior\ShowPageTraceBehavior [ RunTime:0.001086s ]
INFO: [ app_end ] --END-- [ RunTime:0.002100s ]

[ 2015-03-23T10:12:00+08:00 ] 127.0.0.1 /Index/Home/?l=zh-cn
SQL: SHOW COLUMNS FROM `pro` [ RunTime:0.002610s ]
SQL: SELECT * FROM `pro` WHERE `p` = 1 AND `status` = 1  [ RunTime:0.000515s ]
SQL: SELECT * FROM `news` WHERE `type` = 1 AND `status` = 1 LIMIT 8   [ RunTime:0.000532s ]
INFO: [ view_parse ] --START--
INFO: [ template_filter ] --START--
INFO: Run Behavior\ContentReplaceBehavior [ RunTime:0.000587s ]
INFO: [ template_filter ] --END-- [ RunTime:0.001573s ]
INFO: Run Behavior\ParseTemplateBehavior [ RunTime:0.082312s ]
INFO: [ view_parse ] --END-- [ RunTime:0.083318s ]
INFO: [ view_filter ] --START--
INFO: Run Behavior\WriteHtmlCacheBehavior [ RunTime:0.000725s ]
INFO: [ view_filter ] --END-- [ RunTime:0.001693s ]
INFO: [ app_end ] --START--
INFO: Run Behavior\ShowPageTraceBehavior [ RunTime:0.000989s ]
INFO: [ app_end ] --END-- [ RunTime:0.001957s ]

[ 2015-03-23T10:12:02+08:00 ] 127.0.0.1 /Index/Home/?l=en-us
SQL: SHOW COLUMNS FROM `pro` [ RunTime:0.002626s ]
SQL: SELECT * FROM `pro` WHERE `p` = 1 AND `status` = 1  [ RunTime:0.000438s ]
SQL: SELECT * FROM `news` WHERE `type` = 1 AND `status` = 1 LIMIT 8   [ RunTime:0.000503s ]
INFO: [ view_parse ] --START--
INFO: [ template_filter ] --START--
INFO: Run Behavior\ContentReplaceBehavior [ RunTime:0.000574s ]
INFO: [ template_filter ] --END-- [ RunTime:0.001590s ]
INFO: Run Behavior\ParseTemplateBehavior [ RunTime:0.080439s ]
INFO: [ view_parse ] --END-- [ RunTime:0.081445s ]
INFO: [ view_filter ] --START--
INFO: Run Behavior\WriteHtmlCacheBehavior [ RunTime:0.000736s ]
INFO: [ view_filter ] --END-- [ RunTime:0.001730s ]
INFO: [ app_end ] --START--
INFO: Run Behavior\ShowPageTraceBehavior [ RunTime:0.001003s ]
INFO: [ app_end ] --END-- [ RunTime:0.002000s ]

[ 2015-03-23T10:13:47+08:00 ] 127.0.0.1 /Index/Home/?l=en-us
SQL: SHOW COLUMNS FROM `pro` [ RunTime:0.002676s ]
SQL: SELECT * FROM `pro` WHERE `p` = 1 AND `status` = 1  [ RunTime:0.000392s ]
SQL: SELECT * FROM `news` WHERE `type` = 1 AND `status` = 1 LIMIT 8   [ RunTime:0.000521s ]
INFO: [ view_parse ] --START--
INFO: [ template_filter ] --START--
INFO: Run Behavior\ContentReplaceBehavior [ RunTime:0.000601s ]
INFO: [ template_filter ] --END-- [ RunTime:0.001631s ]
INFO: Run Behavior\ParseTemplateBehavior [ RunTime:0.082485s ]
INFO: [ view_parse ] --END-- [ RunTime:0.083481s ]
INFO: [ view_filter ] --START--
INFO: Run Behavior\WriteHtmlCacheBehavior [ RunTime:0.000900s ]
INFO: [ view_filter ] --END-- [ RunTime:0.001878s ]
INFO: [ app_end ] --START--
INFO: Run Behavior\ShowPageTraceBehavior [ RunTime:0.001059s ]
INFO: [ app_end ] --END-- [ RunTime:0.002024s ]

[ 2015-03-23T10:14:03+08:00 ] 127.0.0.1 /Public/Static/js/jquery.min.js
ERR: Controler can't be loaded:Public

[ 2015-03-23T11:57:30+08:00 ] 127.0.0.1 /
INFO: [ view_parse ] --START--
INFO: [ template_filter ] --START--
INFO: Run Behavior\ContentReplaceBehavior [ RunTime:0.000537s ]
INFO: [ template_filter ] --END-- [ RunTime:0.001531s ]
INFO: Run Behavior\ParseTemplateBehavior [ RunTime:0.016810s ]
INFO: [ view_parse ] --END-- [ RunTime:0.018361s ]
INFO: [ view_filter ] --START--
INFO: Run Behavior\WriteHtmlCacheBehavior [ RunTime:0.000869s ]
INFO: [ view_filter ] --END-- [ RunTime:0.001867s ]
INFO: [ app_end ] --START--
INFO: Run Behavior\ShowPageTraceBehavior [ RunTime:0.001132s ]
INFO: [ app_end ] --END-- [ RunTime:0.002126s ]

[ 2015-03-23T16:24:01+08:00 ] 127.0.0.1 /
INFO: [ view_parse ] --START--
INFO: [ template_filter ] --START--
INFO: Run Behavior\ContentReplaceBehavior [ RunTime:0.000593s ]
INFO: [ template_filter ] --END-- [ RunTime:0.001632s ]
INFO: Run Behavior\ParseTemplateBehavior [ RunTime:0.017254s ]
INFO: [ view_parse ] --END-- [ RunTime:0.018804s ]
INFO: [ view_filter ] --START--
INFO: Run Behavior\WriteHtmlCacheBehavior [ RunTime:0.000889s ]
INFO: [ view_filter ] --END-- [ RunTime:0.001903s ]
INFO: [ app_end ] --START--
INFO: Run Behavior\ShowPageTraceBehavior [ RunTime:0.001136s ]
INFO: [ app_end ] --END-- [ RunTime:0.002149s ]

[ 2015-03-23T16:24:04+08:00 ] 127.0.0.1 /Index/home.html
SQL: SHOW COLUMNS FROM `pro` [ RunTime:0.002587s ]
SQL: SELECT * FROM `pro` WHERE `p` = 1 AND `status` = 1  [ RunTime:0.000445s ]
SQL: SELECT * FROM `news` WHERE `type` = 1 AND `status` = 1 LIMIT 8   [ RunTime:0.000562s ]
INFO: [ view_parse ] --START--
INFO: [ template_filter ] --START--
INFO: Run Behavior\ContentReplaceBehavior [ RunTime:0.000585s ]
INFO: [ template_filter ] --END-- [ RunTime:0.001616s ]
INFO: Run Behavior\ParseTemplateBehavior [ RunTime:0.083702s ]
INFO: [ view_parse ] --END-- [ RunTime:0.084921s ]
INFO: [ view_filter ] --START--
INFO: Run Behavior\WriteHtmlCacheBehavior [ RunTime:0.000852s ]
INFO: [ view_filter ] --END-- [ RunTime:0.001874s ]
INFO: [ app_end ] --START--
INFO: Run Behavior\ShowPageTraceBehavior [ RunTime:0.001043s ]
INFO: [ app_end ] --END-- [ RunTime:0.002034s ]

[ 2015-03-23T16:24:15+08:00 ] 127.0.0.1 /Public/Static/js/jquery.min.js
ERR: 无法加载控制器:Public

[ 2015-03-23T17:51:29+08:00 ] 127.0.0.1 /?l=zh-cn
INFO: [ view_parse ] --START--
INFO: [ template_filter ] --START--
INFO: Run Behavior\ContentReplaceBehavior [ RunTime:0.000560s ]
INFO: [ template_filter ] --END-- [ RunTime:0.001674s ]
INFO: Run Behavior\ParseTemplateBehavior [ RunTime:0.017493s ]
INFO: [ view_parse ] --END-- [ RunTime:0.019185s ]
INFO: [ view_filter ] --START--
INFO: Run Behavior\WriteHtmlCacheBehavior [ RunTime:0.000753s ]
INFO: [ view_filter ] --END-- [ RunTime:0.001764s ]
INFO: [ app_end ] --START--
INFO: Run Behavior\ShowPageTraceBehavior [ RunTime:0.001040s ]
INFO: [ app_end ] --END-- [ RunTime:0.002010s ]

[ 2015-03-23T18:21:01+08:00 ] 127.0.0.1 /Index/home.html
SQL: SHOW COLUMNS FROM `pro` [ RunTime:0.003344s ]
SQL: SELECT * FROM `pro` WHERE `p` = 1 AND `status` = 1  [ RunTime:0.000457s ]
SQL: SELECT * FROM `news` WHERE `type` = 1 AND `status` = 1 LIMIT 8   [ RunTime:0.000660s ]
INFO: [ view_parse ] --START--
INFO: [ template_filter ] --START--
INFO: Run Behavior\ContentReplaceBehavior [ RunTime:0.000601s ]
INFO: [ template_filter ] --END-- [ RunTime:0.001646s ]
INFO: Run Behavior\ParseTemplateBehavior [ RunTime:0.084715s ]
INFO: [ view_parse ] --END-- [ RunTime:0.085721s ]
INFO: [ view_filter ] --START--
INFO: Run Behavior\WriteHtmlCacheBehavior [ RunTime:0.000886s ]
INFO: [ view_filter ] --END-- [ RunTime:0.002071s ]
INFO: [ app_end ] --START--
INFO: Run Behavior\ShowPageTraceBehavior [ RunTime:0.001101s ]
INFO: [ app_end ] --END-- [ RunTime:0.002130s ]

[ 2015-03-23T18:21:04+08:00 ] 127.0.0.1 /Index/news/id/1.html
SQL: SHOW COLUMNS FROM `along` [ RunTime:0.002900s ]
SQL: SELECT * FROM `along` WHERE `lang` = 'zh-cn' AND `status` = 1 AND `type` = 'News'  [ RunTime:0.000726s ]
SQL: SELECT COUNT(*) AS tp_count FROM `news` WHERE `pid` = 1 AND `status` = 1 AND `type` = 1 LIMIT 1   [ RunTime:0.000585s ]
SQL: SELECT * FROM `news` WHERE `pid` = 1 AND `status` = 1 AND `type` = 1 ORDER BY `id` desc LIMIT 0,10   [ RunTime:0.000548s ]
INFO: [ view_parse ] --START--
INFO: [ template_filter ] --START--
INFO: Run Behavior\ContentReplaceBehavior [ RunTime:0.000572s ]
INFO: [ template_filter ] --END-- [ RunTime:0.001603s ]
INFO: Run Behavior\ParseTemplateBehavior [ RunTime:0.067380s ]
INFO: [ view_parse ] --END-- [ RunTime:0.068443s ]
INFO: [ view_filter ] --START--
INFO: Run Behavior\WriteHtmlCacheBehavior [ RunTime:0.000774s ]
INFO: [ view_filter ] --END-- [ RunTime:0.001770s ]
INFO: [ app_end ] --START--
INFO: Run Behavior\ShowPageTraceBehavior [ RunTime:0.000993s ]
INFO: [ app_end ] --END-- [ RunTime:0.001993s ]

[ 2015-03-23T18:21:31+08:00 ] 127.0.0.1 /Index/news/id/1.html
SQL: SHOW COLUMNS FROM `along` [ RunTime:0.005428s ]
SQL: SELECT * FROM `along` WHERE `lang` = 'zh-cn' AND `status` = 1 AND `type` = 'News'  [ RunTime:0.000899s ]
SQL: SELECT COUNT(*) AS tp_count FROM `news` WHERE `pid` = 1 AND `status` = 1 AND `lang` = 'zh-cn' AND `type` = 1 LIMIT 1   [ RunTime:0.000635s ]
SQL: SELECT * FROM `news` WHERE `pid` = 1 AND `status` = 1 AND `type` = 1 AND `lang` = 'zh-cn' ORDER BY `id` desc LIMIT 0,10   [ RunTime:0.000592s ]
INFO: [ view_parse ] --START--
INFO: [ template_filter ] --START--
INFO: Run Behavior\ContentReplaceBehavior [ RunTime:0.000574s ]
INFO: [ template_filter ] --END-- [ RunTime:0.001676s ]
INFO: Run Behavior\ParseTemplateBehavior [ RunTime:0.068517s ]
INFO: [ view_parse ] --END-- [ RunTime:0.069538s ]
INFO: [ view_filter ] --START--
INFO: Run Behavior\WriteHtmlCacheBehavior [ RunTime:0.000988s ]
INFO: [ view_filter ] --END-- [ RunTime:0.001988s ]
INFO: [ app_end ] --START--
INFO: Run Behavior\ShowPageTraceBehavior [ RunTime:0.001132s ]
INFO: [ app_end ] --END-- [ RunTime:0.002110s ]

[ 2015-03-23T18:21:35+08:00 ] 127.0.0.1 /Index/news/id/21.html
SQL: SHOW COLUMNS FROM `along` [ RunTime:0.003173s ]
SQL: SELECT * FROM `along` WHERE `lang` = 'zh-cn' AND `status` = 1 AND `type` = 'News'  [ RunTime:0.000473s ]
SQL: SELECT COUNT(*) AS tp_count FROM `news` WHERE `pid` = 21 AND `status` = 1 AND `lang` = 'zh-cn' AND `type` = 1 LIMIT 1   [ RunTime:0.000612s ]
SQL: SELECT * FROM `news` WHERE `pid` = 21 AND `status` = 1 AND `type` = 1 AND `lang` = 'zh-cn' ORDER BY `id` desc LIMIT 0,10   [ RunTime:0.000634s ]
INFO: [ view_parse ] --START--
INFO: [ template_filter ] --START--
INFO: Run Behavior\ContentReplaceBehavior [ RunTime:0.000613s ]
INFO: [ template_filter ] --END-- [ RunTime:0.001682s ]
NOTIC: [8] Undefined index: 21 G:\bnnbr\Application\Home\Common\function.php 第 10 行.
NOTIC: [8] Undefined index: 21 G:\bnnbr\Application\Home\Common\function.php 第 10 行.
INFO: Run Behavior\ParseTemplateBehavior [ RunTime:0.069512s ]
INFO: [ view_parse ] --END-- [ RunTime:0.070538s ]
INFO: [ view_filter ] --START--
INFO: Run Behavior\WriteHtmlCacheBehavior [ RunTime:0.000958s ]
INFO: [ view_filter ] --END-- [ RunTime:0.001967s ]
INFO: [ app_end ] --START--
INFO: Run Behavior\ShowPageTraceBehavior [ RunTime:0.001138s ]
INFO: [ app_end ] --END-- [ RunTime:0.002179s ]

[ 2015-03-23T18:21:37+08:00 ] 127.0.0.1 /Index/news/id/22.html
SQL: SHOW COLUMNS FROM `along` [ RunTime:0.003146s ]
SQL: SELECT * FROM `along` WHERE `lang` = 'zh-cn' AND `status` = 1 AND `type` = 'News'  [ RunTime:0.000477s ]
SQL: SELECT COUNT(*) AS tp_count FROM `news` WHERE `pid` = 22 AND `status` = 1 AND `lang` = 'zh-cn' AND `type` = 1 LIMIT 1   [ RunTime:0.000574s ]
SQL: SELECT * FROM `news` WHERE `pid` = 22 AND `status` = 1 AND `type` = 1 AND `lang` = 'zh-cn' ORDER BY `id` desc LIMIT 0,10   [ RunTime:0.000619s ]
INFO: [ view_parse ] --START--
INFO: [ template_filter ] --START--
INFO: Run Behavior\ContentReplaceBehavior [ RunTime:0.000611s ]
INFO: [ template_filter ] --END-- [ RunTime:0.001684s ]
NOTIC: [8] Undefined index: 22 G:\bnnbr\Application\Home\Common\function.php 第 10 行.
NOTIC: [8] Undefined index: 22 G:\bnnbr\Application\Home\Common\function.php 第 10 行.
INFO: Run Behavior\ParseTemplateBehavior [ RunTime:0.072494s ]
INFO: [ view_parse ] --END-- [ RunTime:0.073536s ]
INFO: [ view_filter ] --START--
INFO: Run Behavior\WriteHtmlCacheBehavior [ RunTime:0.000752s ]
INFO: [ view_filter ] --END-- [ RunTime:0.001794s ]
INFO: [ app_end ] --START--
INFO: Run Behavior\ShowPageTraceBehavior [ RunTime:0.000998s ]
INFO: [ app_end ] --END-- [ RunTime:0.002001s ]

[ 2015-03-23T18:21:40+08:00 ] 127.0.0.1 /Index/news/id/21.html
SQL: SHOW COLUMNS FROM `along` [ RunTime:0.003231s ]
SQL: SELECT * FROM `along` WHERE `lang` = 'zh-cn' AND `status` = 1 AND `type` = 'News'  [ RunTime:0.000500s ]
SQL: SELECT COUNT(*) AS tp_count FROM `news` WHERE `pid` = 21 AND `status` = 1 AND `lang` = 'zh-cn' AND `type` = 1 LIMIT 1   [ RunTime:0.000468s ]
SQL: SELECT * FROM `news` WHERE `pid` = 21 AND `status` = 1 AND `type` = 1 AND `lang` = 'zh-cn' ORDER BY `id` desc LIMIT 0,10   [ RunTime:0.000437s ]
INFO: [ view_parse ] --START--
INFO: [ template_filter ] --START--
INFO: Run Behavior\ContentReplaceBehavior [ RunTime:0.000596s ]
INFO: [ template_filter ] --END-- [ RunTime:0.001645s ]
NOTIC: [8] Undefined index: 21 G:\bnnbr\Application\Home\Common\function.php 第 10 行.
NOTIC: [8] Undefined index: 21 G:\bnnbr\Application\Home\Common\function.php 第 10 行.
INFO: Run Behavior\ParseTemplateBehavior [ RunTime:0.068716s ]
INFO: [ view_parse ] --END-- [ RunTime:0.069731s ]
INFO: [ view_filter ] --START--
INFO: Run Behavior\WriteHtmlCacheBehavior [ RunTime:0.001127s ]
INFO: [ view_filter ] --END-- [ RunTime:0.002214s ]
INFO: [ app_end ] --START--
INFO: Run Behavior\ShowPageTraceBehavior [ RunTime:0.001102s ]
INFO: [ app_end ] --END-- [ RunTime:0.002099s ]

[ 2015-03-23T18:21:41+08:00 ] 127.0.0.1 /Index/news/id/22.html
SQL: SHOW COLUMNS FROM `along` [ RunTime:0.003335s ]
SQL: SELECT * FROM `along` WHERE `lang` = 'zh-cn' AND `status` = 1 AND `type` = 'News'  [ RunTime:0.000488s ]
SQL: SELECT COUNT(*) AS tp_count FROM `news` WHERE `pid` = 22 AND `status` = 1 AND `lang` = 'zh-cn' AND `type` = 1 LIMIT 1   [ RunTime:0.000416s ]
SQL: SELECT * FROM `news` WHERE `pid` = 22 AND `status` = 1 AND `type` = 1 AND `lang` = 'zh-cn' ORDER BY `id` desc LIMIT 0,10   [ RunTime:0.000418s ]
INFO: [ view_parse ] --START--
INFO: [ template_filter ] --START--
INFO: Run Behavior\ContentReplaceBehavior [ RunTime:0.000641s ]
INFO: [ template_filter ] --END-- [ RunTime:0.001703s ]
NOTIC: [8] Undefined index: 22 G:\bnnbr\Application\Home\Common\function.php 第 10 行.
NOTIC: [8] Undefined index: 22 G:\bnnbr\Application\Home\Common\function.php 第 10 行.
INFO: Run Behavior\ParseTemplateBehavior [ RunTime:0.071569s ]
INFO: [ view_parse ] --END-- [ RunTime:0.072540s ]
INFO: [ view_filter ] --START--
INFO: Run Behavior\WriteHtmlCacheBehavior [ RunTime:0.000783s ]
INFO: [ view_filter ] --END-- [ RunTime:0.001751s ]
INFO: [ app_end ] --START--
INFO: Run Behavior\ShowPageTraceBehavior [ RunTime:0.001038s ]
INFO: [ app_end ] --END-- [ RunTime:0.002071s ]

[ 2015-03-23T18:21:59+08:00 ] 127.0.0.1 /Index/news/id/22.html
SQL: SHOW COLUMNS FROM `along` [ RunTime:0.002944s ]
SQL: SELECT * FROM `along` WHERE `lang` = 'zh-cn' AND `status` = 1 AND `type` = 'News'  [ RunTime:0.000459s ]
SQL: SELECT COUNT(*) AS tp_count FROM `news` WHERE `pid` = 22 AND `status` = 1 AND `lang` = 'zh-cn' AND `type` = 1 LIMIT 1   [ RunTime:0.000392s ]
SQL: SELECT * FROM `news` WHERE `pid` = 22 AND `status` = 1 AND `type` = 1 AND `lang` = 'zh-cn' ORDER BY `id` desc LIMIT 0,10   [ RunTime:0.000404s ]
INFO: [ view_parse ] --START--
INFO: [ template_filter ] --START--
INFO: Run Behavior\ContentReplaceBehavior [ RunTime:0.000635s ]
INFO: [ template_filter ] --END-- [ RunTime:0.001677s ]
NOTIC: [8] Undefined index: 22 G:\bnnbr\Application\Home\Common\function.php 第 10 行.
NOTIC: [8] Undefined index: 22 G:\bnnbr\Application\Home\Common\function.php 第 10 行.
INFO: Run Behavior\ParseTemplateBehavior [ RunTime:0.068610s ]
INFO: [ view_parse ] --END-- [ RunTime:0.069716s ]
INFO: [ view_filter ] --START--
INFO: Run Behavior\WriteHtmlCacheBehavior [ RunTime:0.000859s ]
INFO: [ view_filter ] --END-- [ RunTime:0.001883s ]
INFO: [ app_end ] --START--
INFO: Run Behavior\ShowPageTraceBehavior [ RunTime:0.001078s ]
INFO: [ app_end ] --END-- [ RunTime:0.002089s ]

[ 2015-03-23T18:22:02+08:00 ] 127.0.0.1 /Index/about/id/5.html
SQL: SHOW COLUMNS FROM `along` [ RunTime:0.005546s ]
SQL: SELECT * FROM `along` WHERE `id` = 5 LIMIT 1   [ RunTime:0.001041s ]
INFO: [ view_parse ] --START--
INFO: [ template_filter ] --START--
INFO: Run Behavior\ContentReplaceBehavior [ RunTime:0.000596s ]
INFO: [ template_filter ] --END-- [ RunTime:0.001691s ]
INFO: Run Behavior\ParseTemplateBehavior [ RunTime:0.048997s ]
INFO: [ view_parse ] --END-- [ RunTime:0.050449s ]
INFO: [ view_filter ] --START--
INFO: Run Behavior\WriteHtmlCacheBehavior [ RunTime:0.000824s ]
INFO: [ view_filter ] --END-- [ RunTime:0.001840s ]
INFO: [ app_end ] --START--
INFO: Run Behavior\ShowPageTraceBehavior [ RunTime:0.001183s ]
INFO: [ app_end ] --END-- [ RunTime:0.002232s ]

[ 2015-03-23T18:22:05+08:00 ] 127.0.0.1 /Index/news/id/1.html
SQL: SHOW COLUMNS FROM `along` [ RunTime:0.003021s ]
SQL: SELECT * FROM `along` WHERE `lang` = 'zh-cn' AND `status` = 1 AND `type` = 'News'  [ RunTime:0.000468s ]
SQL: SELECT COUNT(*) AS tp_count FROM `news` WHERE `pid` = 1 AND `status` = 1 AND `lang` = 'zh-cn' AND `type` = 1 LIMIT 1   [ RunTime:0.000379s ]
SQL: SELECT * FROM `news` WHERE `pid` = 1 AND `status` = 1 AND `type` = 1 AND `lang` = 'zh-cn' ORDER BY `id` desc LIMIT 0,10   [ RunTime:0.000444s ]
INFO: [ view_parse ] --START--
INFO: [ template_filter ] --START--
INFO: Run Behavior\ContentReplaceBehavior [ RunTime:0.000609s ]
INFO: [ template_filter ] --END-- [ RunTime:0.001667s ]
INFO: Run Behavior\ParseTemplateBehavior [ RunTime:0.068499s ]
INFO: [ view_parse ] --END-- [ RunTime:0.069526s ]
INFO: [ view_filter ] --START--
INFO: Run Behavior\WriteHtmlCacheBehavior [ RunTime:0.000799s ]
INFO: [ view_filter ] --END-- [ RunTime:0.001816s ]
INFO: [ app_end ] --START--
INFO: Run Behavior\ShowPageTraceBehavior [ RunTime:0.001087s ]
INFO: [ app_end ] --END-- [ RunTime:0.002261s ]

[ 2015-03-23T18:22:07+08:00 ] 127.0.0.1 /Index/news/id/21.html
SQL: SHOW COLUMNS FROM `along` [ RunTime:0.003051s ]
SQL: SELECT * FROM `along` WHERE `lang` = 'zh-cn' AND `status` = 1 AND `type` = 'News'  [ RunTime:0.000463s ]
SQL: SELECT COUNT(*) AS tp_count FROM `news` WHERE `pid` = 21 AND `status` = 1 AND `lang` = 'zh-cn' AND `type` = 1 LIMIT 1   [ RunTime:0.000432s ]
SQL: SELECT * FROM `news` WHERE `pid` = 21 AND `status` = 1 AND `type` = 1 AND `lang` = 'zh-cn' ORDER BY `id` desc LIMIT 0,10   [ RunTime:0.000518s ]
INFO: [ view_parse ] --START--
INFO: [ template_filter ] --START--
INFO: Run Behavior\ContentReplaceBehavior [ RunTime:0.000607s ]
INFO: [ template_filter ] --END-- [ RunTime:0.001636s ]
NOTIC: [8] Undefined index: 21 G:\bnnbr\Application\Home\Common\function.php 第 10 行.
NOTIC: [8] Undefined index: 21 G:\bnnbr\Application\Home\Common\function.php 第 10 行.
INFO: Run Behavior\ParseTemplateBehavior [ RunTime:0.068930s ]
INFO: [ view_parse ] --END-- [ RunTime:0.069945s ]
INFO: [ view_filter ] --START--
INFO: Run Behavior\WriteHtmlCacheBehavior [ RunTime:0.000930s ]
INFO: [ view_filter ] --END-- [ RunTime:0.001999s ]
INFO: [ app_end ] --START--
INFO: Run Behavior\ShowPageTraceBehavior [ RunTime:0.001027s ]
INFO: [ app_end ] --END-- [ RunTime:0.002087s ]

[ 2015-03-23T18:22:09+08:00 ] 127.0.0.1 /Index/news/id/22.html
SQL: SHOW COLUMNS FROM `along` [ RunTime:0.005372s ]
SQL: SELECT * FROM `along` WHERE `lang` = 'zh-cn' AND `status` = 1 AND `type` = 'News'  [ RunTime:0.000862s ]
SQL: SELECT COUNT(*) AS tp_count FROM `news` WHERE `pid` = 22 AND `status` = 1 AND `lang` = 'zh-cn' AND `type` = 1 LIMIT 1   [ RunTime:0.000422s ]
SQL: SELECT * FROM `news` WHERE `pid` = 22 AND `status` = 1 AND `type` = 1 AND `lang` = 'zh-cn' ORDER BY `id` desc LIMIT 0,10   [ RunTime:0.000510s ]
INFO: [ view_parse ] --START--
INFO: [ template_filter ] --START--
INFO: Run Behavior\ContentReplaceBehavior [ RunTime:0.000629s ]
INFO: [ template_filter ] --END-- [ RunTime:0.001673s ]
NOTIC: [8] Undefined index: 22 G:\bnnbr\Application\Home\Common\function.php 第 10 行.
NOTIC: [8] Undefined index: 22 G:\bnnbr\Application\Home\Common\function.php 第 10 行.
INFO: Run Behavior\ParseTemplateBehavior [ RunTime:0.068964s ]
INFO: [ view_parse ] --END-- [ RunTime:0.070023s ]
INFO: [ view_filter ] --START--
INFO: Run Behavior\WriteHtmlCacheBehavior [ RunTime:0.000842s ]
INFO: [ view_filter ] --END-- [ RunTime:0.001836s ]
INFO: [ app_end ] --START--
INFO: Run Behavior\ShowPageTraceBehavior [ RunTime:0.001092s ]
INFO: [ app_end ] --END-- [ RunTime:0.002107s ]

