[ 2015-04-08T10:12:42+08:00 ] 127.0.0.1 /index.php/Message/guestbook.html
INFO: [ app_begin ] --START--
INFO: Run Behavior\ReadHtmlCacheBehavior [ RunTime:0.000869s ]
INFO: Run Behavior\CheckLangBehavior [ RunTime:0.003162s ]
INFO: [ app_begin ] --END-- [ RunTime:0.005571s ]
SQL: SHOW COLUMNS FROM `news` [ RunTime:0.004783s ]
SQL: SELECT * FROM `news` WHERE `type` = 3 AND `status` = 1 AND `lang` = 'zh-cn'  [ RunTime:0.000852s ]
SQL: SHOW COLUMNS FROM `config` [ RunTime:0.002647s ]
SQL: SELECT `type`,`name`,`value` FROM `config` WHERE `status` = 1 AND `lang` = 'zh-cn'  [ RunTime:0.000473s ]
SQL: SHOW COLUMNS FROM `message` [ RunTime:0.002659s ]
SQL: INSERT INTO `message` (`title`,`name`,`conter`,`status`,`create_time`,`update_time`) VALUES ('','','',1,1428459161,1428459161) [ RunTime:0.109507s ]
INFO: [ app_end ] --START--
INFO: Run Behavior\ShowPageTraceBehavior [ RunTime:0.001908s ]
INFO: [ app_end ] --END-- [ RunTime:0.003508s ]

[ 2015-04-08T10:20:07+08:00 ] 127.0.0.1 /index.php/Message/guestbook.html
INFO: [ app_begin ] --START--
INFO: Run Behavior\ReadHtmlCacheBehavior [ RunTime:0.000833s ]
INFO: Run Behavior\CheckLangBehavior [ RunTime:0.003276s ]
INFO: [ app_begin ] --END-- [ RunTime:0.005624s ]
SQL: SHOW COLUMNS FROM `news` [ RunTime:0.004611s ]
SQL: SELECT * FROM `news` WHERE `type` = 3 AND `status` = 1 AND `lang` = 'zh-cn'  [ RunTime:0.000890s ]
SQL: SHOW COLUMNS FROM `config` [ RunTime:0.005005s ]
SQL: SELECT `type`,`name`,`value` FROM `config` WHERE `status` = 1 AND `lang` = 'zh-cn'  [ RunTime:0.000861s ]
SQL: SHOW COLUMNS FROM `message` [ RunTime:0.002683s ]
SQL: INSERT INTO `message` (`title`,`name`,`conter`,`status`,`create_time`,`update_time`) VALUES ('123213','','',1,1428459605,1428459605) [ RunTime:0.016607s ]
INFO: [ app_end ] --START--
INFO: Run Behavior\ShowPageTraceBehavior [ RunTime:0.001156s ]
INFO: [ app_end ] --END-- [ RunTime:0.001964s ]

[ 2015-04-08T10:30:22+08:00 ] 127.0.0.1 /Public/Static/js/jquery.min.js
ERR: 无法加载控制器:Public

[ 2015-04-08T10:57:18+08:00 ] 127.0.0.1 /index.php/Message/guestbook.html
INFO: [ app_begin ] --START--
INFO: Run Behavior\ReadHtmlCacheBehavior [ RunTime:0.000957s ]
INFO: Run Behavior\CheckLangBehavior [ RunTime:0.003282s ]
INFO: [ app_begin ] --END-- [ RunTime:0.005847s ]
SQL: SHOW COLUMNS FROM `news` [ RunTime:0.004617s ]
SQL: SELECT * FROM `news` WHERE `type` = 3 AND `status` = 1 AND `lang` = 'zh-cn'  [ RunTime:0.000918s ]
SQL: SHOW COLUMNS FROM `config` [ RunTime:0.004847s ]
SQL: SELECT `type`,`name`,`value` FROM `config` WHERE `status` = 1 AND `lang` = 'zh-cn'  [ RunTime:0.000874s ]
SQL: SHOW COLUMNS FROM `message` [ RunTime:0.004484s ]
SQL: INSERT INTO `message` (`title`,`name`,`conter`,`status`,`create_time`,`update_time`) VALUES ('中国北京大兴区采育开发区169号—A区','蒋先生','中国北京大兴区采育开发区169号—A区',1,1428461837,1428461837) [ RunTime:0.022086s ]
INFO: [ app_end ] --START--
INFO: Run Behavior\ShowPageTraceBehavior [ RunTime:0.002130s ]
INFO: [ app_end ] --END-- [ RunTime:0.003734s ]

[ 2015-04-08T15:35:15+08:00 ] 127.0.0.1 /index.php/Message/guestbook.html
INFO: [ app_begin ] --START--
INFO: Run Behavior\ReadHtmlCacheBehavior [ RunTime:0.000907s ]
INFO: Run Behavior\CheckLangBehavior [ RunTime:0.003437s ]
INFO: [ app_begin ] --END-- [ RunTime:0.006048s ]
SQL: SHOW COLUMNS FROM `news` [ RunTime:0.004768s ]
SQL: SELECT * FROM `news` WHERE `type` = 3 AND `status` = 1 AND `lang` = 'zh-cn'  [ RunTime:0.000896s ]
SQL: SHOW COLUMNS FROM `config` [ RunTime:0.004903s ]
SQL: SELECT `type`,`name`,`value` FROM `config` WHERE `status` = 1 AND `lang` = 'zh-cn'  [ RunTime:0.000858s ]
SQL: SHOW COLUMNS FROM `message` [ RunTime:0.004818s ]
SQL: INSERT INTO `message` (`title`,`name`,`phone`,`conter`,`status`,`create_time`,`update_time`) VALUES ('需要','曾先生','1521012','www.bnnbr.com，www.bnnbr.cn',1,1428478514,1428478514) [ RunTime:0.028247s ]
INFO: [ app_end ] --START--
INFO: Run Behavior\ShowPageTraceBehavior [ RunTime:0.002034s ]
INFO: [ app_end ] --END-- [ RunTime:0.003542s ]

[ 2015-04-08T15:49:43+08:00 ] 127.0.0.1 /Public/Static/js/jquery.min.js
ERR: 无法加载控制器:Public

[ 2015-04-08T15:54:54+08:00 ] 127.0.0.1 /Public/Static/js/jquery.min.js
ERR: 无法加载控制器:Public

[ 2015-04-08T16:29:08+08:00 ] 127.0.0.1 /Public/Static/js/jquery.min.js
ERR: 无法加载控制器:Public

[ 2015-04-08T16:30:10+08:00 ] 127.0.0.1 /Public/Static/js/jquery.min.js
ERR: 无法加载控制器:Public

[ 2015-04-08T16:30:19+08:00 ] 127.0.0.1 /Public/Static/js/jquery.min.js
ERR: 无法加载控制器:Public

