[ 2015-09-23T16:28:23+08:00 ] 127.0.0.1 /admin.php/Public/left/mid/5
INFO: [ app_begin ] --START--
INFO: Run Behavior\ReadHtmlCacheBehavior [ RunTime:0.000663s ]
INFO: Run Behavior\CheckLangBehavior [ RunTime:0.000578s ]
INFO: [ app_begin ] --END-- [ RunTime:0.001705s ]
SQL: SHOW COLUMNS FROM `node` [ RunTime:0.004024s ]
NOTIC: [8] Undefined index: administrator G:\jwscms\Application\Admin\Controller\PublicController.class.php 第 49 行.
SQL: SHOW COLUMNS FROM `access` [ RunTime:0.002817s ]
SQL: SELECT * FROM access as access,node as node WHERE ( node.pid = 5 AND node.status = 1 AND node.id = access.node_id AND access.role_id = 2  ) ORDER BY node.sort desc, node.id asc  [ RunTime:0.000508s ]
SQL: SELECT `title` FROM `node` WHERE ( id=5 )  [ RunTime:0.000232s ]

[ 2015-09-23T16:28:24+08:00 ] 127.0.0.1 /admin.php/Public/left/mid/2
INFO: [ app_begin ] --START--
INFO: Run Behavior\ReadHtmlCacheBehavior [ RunTime:0.000494s ]
INFO: Run Behavior\CheckLangBehavior [ RunTime:0.000465s ]
INFO: [ app_begin ] --END-- [ RunTime:0.001331s ]
SQL: SHOW COLUMNS FROM `node` [ RunTime:0.005782s ]
NOTIC: [8] Undefined index: administrator G:\jwscms\Application\Admin\Controller\PublicController.class.php 第 49 行.
SQL: SHOW COLUMNS FROM `access` [ RunTime:0.005313s ]
SQL: SELECT * FROM access as access,node as node WHERE ( node.pid = 2 AND node.status = 1 AND node.id = access.node_id AND access.role_id = 2  ) ORDER BY node.sort desc, node.id asc  [ RunTime:0.001139s ]
SQL: SELECT `title` FROM `node` WHERE ( id=2 )  [ RunTime:0.000466s ]

[ 2015-09-23T16:28:32+08:00 ] 127.0.0.1 /admin.php/Public/left/mid/4
INFO: [ app_begin ] --START--
INFO: Run Behavior\ReadHtmlCacheBehavior [ RunTime:0.000536s ]
INFO: Run Behavior\CheckLangBehavior [ RunTime:0.000502s ]
INFO: [ app_begin ] --END-- [ RunTime:0.001415s ]
SQL: SHOW COLUMNS FROM `node` [ RunTime:0.005758s ]
NOTIC: [8] Undefined index: administrator G:\jwscms\Application\Admin\Controller\PublicController.class.php 第 49 行.
SQL: SHOW COLUMNS FROM `access` [ RunTime:0.005302s ]
SQL: SELECT * FROM access as access,node as node WHERE ( node.pid = 4 AND node.status = 1 AND node.id = access.node_id AND access.role_id = 2  ) ORDER BY node.sort desc, node.id asc  [ RunTime:0.001301s ]
SQL: SELECT `title` FROM `node` WHERE ( id=4 )  [ RunTime:0.000513s ]

[ 2015-09-23T16:28:36+08:00 ] 127.0.0.1 /admin.php/Public/left/mid/2
INFO: [ app_begin ] --START--
INFO: Run Behavior\ReadHtmlCacheBehavior [ RunTime:0.000478s ]
INFO: Run Behavior\CheckLangBehavior [ RunTime:0.000521s ]
INFO: [ app_begin ] --END-- [ RunTime:0.001439s ]
SQL: SHOW COLUMNS FROM `node` [ RunTime:0.005647s ]
NOTIC: [8] Undefined index: administrator G:\jwscms\Application\Admin\Controller\PublicController.class.php 第 49 行.
SQL: SHOW COLUMNS FROM `access` [ RunTime:0.005343s ]
SQL: SELECT * FROM access as access,node as node WHERE ( node.pid = 2 AND node.status = 1 AND node.id = access.node_id AND access.role_id = 2  ) ORDER BY node.sort desc, node.id asc  [ RunTime:0.000931s ]
SQL: SELECT `title` FROM `node` WHERE ( id=2 )  [ RunTime:0.000345s ]

[ 2015-09-23T16:28:50+08:00 ] 127.0.0.1 /admin.php/Public/left/mid/5
INFO: [ app_begin ] --START--
INFO: Run Behavior\ReadHtmlCacheBehavior [ RunTime:0.000489s ]
INFO: Run Behavior\CheckLangBehavior [ RunTime:0.000479s ]
INFO: [ app_begin ] --END-- [ RunTime:0.001421s ]
SQL: SHOW COLUMNS FROM `node` [ RunTime:0.006003s ]
SQL: SELECT * FROM `node` WHERE ( pid = 5 AND status = 1 ) ORDER BY node.sort desc, node.id asc  [ RunTime:0.000581s ]
SQL: SELECT `title` FROM `node` WHERE ( id=5 )  [ RunTime:0.000382s ]

[ 2015-09-23T16:28:51+08:00 ] 127.0.0.1 /admin.php/Public/left/mid/4
INFO: [ app_begin ] --START--
INFO: Run Behavior\ReadHtmlCacheBehavior [ RunTime:0.000451s ]
INFO: Run Behavior\CheckLangBehavior [ RunTime:0.000476s ]
INFO: [ app_begin ] --END-- [ RunTime:0.001297s ]
SQL: SHOW COLUMNS FROM `node` [ RunTime:0.005694s ]
SQL: SELECT * FROM `node` WHERE ( pid = 4 AND status = 1 ) ORDER BY node.sort desc, node.id asc  [ RunTime:0.000605s ]
SQL: SELECT `title` FROM `node` WHERE ( id=4 )  [ RunTime:0.000374s ]

[ 2015-09-23T16:28:52+08:00 ] 127.0.0.1 /admin.php/Slide/Index?cid=263
ERR: 无法加载控制器:Slide

[ 2015-09-23T16:29:52+08:00 ] 127.0.0.1 /admin.php/Slide/Index?cid=263
ERR: 无法加载控制器:Slide

[ 2015-09-23T16:30:36+08:00 ] 127.0.0.1 /admin.php/Slide/Index?cid=263
ERR: 无法加载控制器:Slide

[ 2015-09-23T16:31:14+08:00 ] 127.0.0.1 /admin.php/Public/left/mid/5
INFO: [ app_begin ] --START--
INFO: Run Behavior\ReadHtmlCacheBehavior [ RunTime:0.000651s ]
INFO: Run Behavior\CheckLangBehavior [ RunTime:0.000623s ]
INFO: [ app_begin ] --END-- [ RunTime:0.001760s ]
SQL: SHOW COLUMNS FROM `node` [ RunTime:0.005690s ]
SQL: SELECT * FROM `node` WHERE ( pid = 5 AND status = 1 ) ORDER BY node.sort desc, node.id asc  [ RunTime:0.000576s ]
SQL: SELECT `title` FROM `node` WHERE ( id=5 )  [ RunTime:0.000397s ]

[ 2015-09-23T16:31:16+08:00 ] 127.0.0.1 /admin.php/Public/left/mid/4
INFO: [ app_begin ] --START--
INFO: Run Behavior\ReadHtmlCacheBehavior [ RunTime:0.000477s ]
INFO: Run Behavior\CheckLangBehavior [ RunTime:0.000483s ]
INFO: [ app_begin ] --END-- [ RunTime:0.001349s ]
SQL: SHOW COLUMNS FROM `node` [ RunTime:0.005739s ]
SQL: SELECT * FROM `node` WHERE ( pid = 4 AND status = 1 ) ORDER BY node.sort desc, node.id asc  [ RunTime:0.000582s ]
SQL: SELECT `title` FROM `node` WHERE ( id=4 )  [ RunTime:0.000402s ]

[ 2015-09-23T16:39:23+08:00 ] 127.0.0.1 /admin.php/Public/left/mid/5
INFO: [ app_begin ] --START--
INFO: Run Behavior\ReadHtmlCacheBehavior [ RunTime:0.000621s ]
INFO: Run Behavior\CheckLangBehavior [ RunTime:0.000713s ]
INFO: [ app_begin ] --END-- [ RunTime:0.001813s ]
SQL: SHOW COLUMNS FROM `node` [ RunTime:0.005739s ]
SQL: SELECT * FROM `node` WHERE ( pid = 5 AND status = 1 ) ORDER BY node.sort desc, node.id asc  [ RunTime:0.000674s ]
SQL: SELECT `title` FROM `node` WHERE ( id=5 )  [ RunTime:0.000480s ]

[ 2015-09-23T16:39:33+08:00 ] 127.0.0.1 /admin.php/Public/left/mid/4
INFO: [ app_begin ] --START--
INFO: Run Behavior\ReadHtmlCacheBehavior [ RunTime:0.000613s ]
INFO: Run Behavior\CheckLangBehavior [ RunTime:0.000563s ]
INFO: [ app_begin ] --END-- [ RunTime:0.001637s ]
SQL: SHOW COLUMNS FROM `node` [ RunTime:0.005769s ]
SQL: SELECT * FROM `node` WHERE ( pid = 4 AND status = 1 ) ORDER BY node.sort desc, node.id asc  [ RunTime:0.000632s ]
SQL: SELECT `title` FROM `node` WHERE ( id=4 )  [ RunTime:0.000465s ]

[ 2015-09-23T16:40:59+08:00 ] 127.0.0.1 /admin.php/Public/left/mid/2
INFO: [ app_begin ] --START--
INFO: Run Behavior\ReadHtmlCacheBehavior [ RunTime:0.000491s ]
INFO: Run Behavior\CheckLangBehavior [ RunTime:0.000486s ]
INFO: [ app_begin ] --END-- [ RunTime:0.001369s ]
SQL: SHOW COLUMNS FROM `node` [ RunTime:0.005824s ]
SQL: SELECT * FROM `node` WHERE ( pid = 2 AND status = 1 ) ORDER BY node.sort desc, node.id asc  [ RunTime:0.000679s ]
SQL: SELECT `title` FROM `node` WHERE ( id=2 )  [ RunTime:0.000466s ]

[ 2015-09-23T17:20:56+08:00 ] 127.0.0.1 /admin.php/Public/left/mid/4
INFO: [ app_begin ] --START--
INFO: Run Behavior\ReadHtmlCacheBehavior [ RunTime:0.000605s ]
INFO: Run Behavior\CheckLangBehavior [ RunTime:0.000557s ]
INFO: [ app_begin ] --END-- [ RunTime:0.001693s ]
SQL: SHOW COLUMNS FROM `node` [ RunTime:0.007169s ]
SQL: SELECT * FROM `node` WHERE ( pid = 4 AND status = 1 ) ORDER BY node.sort desc, node.id asc  [ RunTime:0.000563s ]
SQL: SELECT `title` FROM `node` WHERE ( id=4 )  [ RunTime:0.000350s ]

[ 2015-09-23T17:20:57+08:00 ] 127.0.0.1 /admin.php/Slide/Index?cid=263
ERR: 无法加载控制器:Slide

[ 2015-09-23T17:21:18+08:00 ] 127.0.0.1 /admin.php/Slide/Index?cid=263
ERR: 无法加载控制器:Slide

[ 2015-09-23T17:22:27+08:00 ] 127.0.0.1 /admin.php/Public/left/mid/2
INFO: [ app_begin ] --START--
INFO: Run Behavior\ReadHtmlCacheBehavior [ RunTime:0.000517s ]
INFO: Run Behavior\CheckLangBehavior [ RunTime:0.000490s ]
INFO: [ app_begin ] --END-- [ RunTime:0.001390s ]
SQL: SHOW COLUMNS FROM `node` [ RunTime:0.006273s ]
SQL: SELECT * FROM `node` WHERE ( pid = 2 AND status = 1 ) ORDER BY node.sort desc, node.id asc  [ RunTime:0.000605s ]
SQL: SELECT `title` FROM `node` WHERE ( id=2 )  [ RunTime:0.000362s ]

[ 2015-09-23T17:27:13+08:00 ] 127.0.0.1 /admin.php/Public/left/mid/4
INFO: [ app_begin ] --START--
INFO: Run Behavior\ReadHtmlCacheBehavior [ RunTime:0.000623s ]
INFO: Run Behavior\CheckLangBehavior [ RunTime:0.000605s ]
INFO: [ app_begin ] --END-- [ RunTime:0.001745s ]
SQL: SHOW COLUMNS FROM `node` [ RunTime:0.006136s ]
SQL: SELECT * FROM `node` WHERE ( pid = 4 AND status = 1 ) ORDER BY node.sort desc, node.id asc  [ RunTime:0.000618s ]
SQL: SELECT `title` FROM `node` WHERE ( id=4 )  [ RunTime:0.000403s ]

[ 2015-09-23T17:32:19+08:00 ] 127.0.0.1 /admin.php/Public/left/mid/2
INFO: [ app_begin ] --START--
INFO: Run Behavior\ReadHtmlCacheBehavior [ RunTime:0.000470s ]
INFO: Run Behavior\CheckLangBehavior [ RunTime:0.000456s ]
INFO: [ app_begin ] --END-- [ RunTime:0.001311s ]
SQL: SHOW COLUMNS FROM `node` [ RunTime:0.006060s ]
SQL: SELECT * FROM `node` WHERE ( pid = 2 AND status = 1 ) ORDER BY node.sort desc, node.id asc  [ RunTime:0.000602s ]
SQL: SELECT `title` FROM `node` WHERE ( id=2 )  [ RunTime:0.000433s ]

[ 2015-09-23T17:32:33+08:00 ] 127.0.0.1 /admin.php/Public/left/mid/4
INFO: [ app_begin ] --START--
INFO: Run Behavior\ReadHtmlCacheBehavior [ RunTime:0.000514s ]
INFO: Run Behavior\CheckLangBehavior [ RunTime:0.000496s ]
INFO: [ app_begin ] --END-- [ RunTime:0.001395s ]
SQL: SHOW COLUMNS FROM `node` [ RunTime:0.006062s ]
SQL: SELECT * FROM `node` WHERE ( pid = 4 AND status = 1 ) ORDER BY node.sort desc, node.id asc  [ RunTime:0.000607s ]
SQL: SELECT `title` FROM `node` WHERE ( id=4 )  [ RunTime:0.000406s ]

[ 2015-09-23T17:33:12+08:00 ] 127.0.0.1 /admin.php/Public/left/mid/2
INFO: [ app_begin ] --START--
INFO: Run Behavior\ReadHtmlCacheBehavior [ RunTime:0.000445s ]
INFO: Run Behavior\CheckLangBehavior [ RunTime:0.000486s ]
INFO: [ app_begin ] --END-- [ RunTime:0.001297s ]
SQL: SHOW COLUMNS FROM `node` [ RunTime:0.006079s ]
SQL: SELECT * FROM `node` WHERE ( pid = 2 AND status = 1 ) ORDER BY node.sort desc, node.id asc  [ RunTime:0.000629s ]
SQL: SELECT `title` FROM `node` WHERE ( id=2 )  [ RunTime:0.000377s ]

[ 2015-09-23T17:34:57+08:00 ] 127.0.0.1 /admin.php/Public/left/mid/4
INFO: [ app_begin ] --START--
INFO: Run Behavior\ReadHtmlCacheBehavior [ RunTime:0.000585s ]
INFO: Run Behavior\CheckLangBehavior [ RunTime:0.000567s ]
INFO: [ app_begin ] --END-- [ RunTime:0.001601s ]
SQL: SHOW COLUMNS FROM `node` [ RunTime:0.006370s ]
SQL: SELECT * FROM `node` WHERE ( pid = 4 AND status = 1 ) ORDER BY node.sort desc, node.id asc  [ RunTime:0.000592s ]
SQL: SELECT `title` FROM `node` WHERE ( id=4 )  [ RunTime:0.000418s ]

[ 2015-09-23T17:35:21+08:00 ] 127.0.0.1 /admin.php/Public/left/mid/5
INFO: [ app_begin ] --START--
INFO: Run Behavior\ReadHtmlCacheBehavior [ RunTime:0.000763s ]
INFO: Run Behavior\CheckLangBehavior [ RunTime:0.002268s ]
INFO: [ app_begin ] --END-- [ RunTime:0.004075s ]
SQL: SHOW COLUMNS FROM `node` [ RunTime:0.006107s ]
SQL: SELECT * FROM `node` WHERE ( pid = 5 AND status = 1 ) ORDER BY node.sort desc, node.id asc  [ RunTime:0.000591s ]
SQL: SELECT `title` FROM `node` WHERE ( id=5 )  [ RunTime:0.000364s ]

[ 2015-09-23T17:35:22+08:00 ] 127.0.0.1 /admin.php/Public/left/mid/4
INFO: [ app_begin ] --START--
INFO: Run Behavior\ReadHtmlCacheBehavior [ RunTime:0.000498s ]
INFO: Run Behavior\CheckLangBehavior [ RunTime:0.000475s ]
INFO: [ app_begin ] --END-- [ RunTime:0.001410s ]
SQL: SHOW COLUMNS FROM `node` [ RunTime:0.006453s ]
SQL: SELECT * FROM `node` WHERE ( pid = 4 AND status = 1 ) ORDER BY node.sort desc, node.id asc  [ RunTime:0.000589s ]
SQL: SELECT `title` FROM `node` WHERE ( id=4 )  [ RunTime:0.000420s ]

[ 2015-09-23T17:35:39+08:00 ] 127.0.0.1 /admin.php/Slide/Index?cid=263
ERR: 无法加载控制器:Slide

[ 2015-09-23T17:35:40+08:00 ] 127.0.0.1 /admin.php/Slide/Index?cid=263
ERR: 无法加载控制器:Slide

[ 2015-09-23T17:35:43+08:00 ] 127.0.0.1 /admin.php/Public/left/mid/2
INFO: [ app_begin ] --START--
INFO: Run Behavior\ReadHtmlCacheBehavior [ RunTime:0.000491s ]
INFO: Run Behavior\CheckLangBehavior [ RunTime:0.000478s ]
INFO: [ app_begin ] --END-- [ RunTime:0.001365s ]
SQL: SHOW COLUMNS FROM `node` [ RunTime:0.005861s ]
SQL: SELECT * FROM `node` WHERE ( pid = 2 AND status = 1 ) ORDER BY node.sort desc, node.id asc  [ RunTime:0.000562s ]
SQL: SELECT `title` FROM `node` WHERE ( id=2 )  [ RunTime:0.000329s ]

[ 2015-09-23T17:36:35+08:00 ] 127.0.0.1 /admin.php/Public/left/mid/4
INFO: [ app_begin ] --START--
INFO: Run Behavior\ReadHtmlCacheBehavior [ RunTime:0.000433s ]
INFO: Run Behavior\CheckLangBehavior [ RunTime:0.000483s ]
INFO: [ app_begin ] --END-- [ RunTime:0.001321s ]
SQL: SHOW COLUMNS FROM `node` [ RunTime:0.005900s ]
SQL: SELECT * FROM `node` WHERE ( pid = 4 AND status = 1 ) ORDER BY node.sort desc, node.id asc  [ RunTime:0.000595s ]
SQL: SELECT `title` FROM `node` WHERE ( id=4 )  [ RunTime:0.000339s ]

[ 2015-09-23T17:36:36+08:00 ] 127.0.0.1 /admin.php/Link/Index?cid=265
ERR: 无法加载控制器:Link

[ 2015-09-23T17:36:39+08:00 ] 127.0.0.1 /admin.php/Slide/Index?cid=263
ERR: 无法加载控制器:Slide

[ 2015-09-23T17:36:41+08:00 ] 127.0.0.1 /admin.php/Link/Index?cid=265
ERR: 无法加载控制器:Link

[ 2015-09-23T17:37:08+08:00 ] 127.0.0.1 /admin.php/Link/Index?cid=265
ERR: 无法加载控制器:Link

[ 2015-09-23T17:37:29+08:00 ] 127.0.0.1 /admin.php/Public/left/mid/2
INFO: [ app_begin ] --START--
INFO: Run Behavior\ReadHtmlCacheBehavior [ RunTime:0.000539s ]
INFO: Run Behavior\CheckLangBehavior [ RunTime:0.000497s ]
INFO: [ app_begin ] --END-- [ RunTime:0.001427s ]
SQL: SHOW COLUMNS FROM `node` [ RunTime:0.006103s ]
SQL: SELECT * FROM `node` WHERE ( pid = 2 AND status = 1 ) ORDER BY node.sort desc, node.id asc  [ RunTime:0.000626s ]
SQL: SELECT `title` FROM `node` WHERE ( id=2 )  [ RunTime:0.000399s ]

[ 2015-09-23T17:38:32+08:00 ] 127.0.0.1 /admin.php/Public/left/mid/4
INFO: [ app_begin ] --START--
INFO: Run Behavior\ReadHtmlCacheBehavior [ RunTime:0.000480s ]
INFO: Run Behavior\CheckLangBehavior [ RunTime:0.000482s ]
INFO: [ app_begin ] --END-- [ RunTime:0.001423s ]
SQL: SHOW COLUMNS FROM `node` [ RunTime:0.005882s ]
SQL: SELECT * FROM `node` WHERE ( pid = 4 AND status = 1 ) ORDER BY node.sort desc, node.id asc  [ RunTime:0.000562s ]
SQL: SELECT `title` FROM `node` WHERE ( id=4 )  [ RunTime:0.000374s ]

[ 2015-09-23T17:38:33+08:00 ] 127.0.0.1 /admin.php/Public/left/mid/4
INFO: [ app_begin ] --START--
INFO: Run Behavior\ReadHtmlCacheBehavior [ RunTime:0.000446s ]
INFO: Run Behavior\CheckLangBehavior [ RunTime:0.000470s ]
INFO: [ app_begin ] --END-- [ RunTime:0.001331s ]
SQL: SHOW COLUMNS FROM `node` [ RunTime:0.006679s ]
SQL: SELECT * FROM `node` WHERE ( pid = 4 AND status = 1 ) ORDER BY node.sort desc, node.id asc  [ RunTime:0.000683s ]
SQL: SELECT `title` FROM `node` WHERE ( id=4 )  [ RunTime:0.000397s ]

[ 2015-09-23T17:38:59+08:00 ] 127.0.0.1 /admin.php/Slide/Index?cid=263
ERR: 无法加载控制器:Slide

[ 2015-09-23T17:39:04+08:00 ] 127.0.0.1 /admin.php/Link/Index?cid=265
ERR: 无法加载控制器:Link

[ 2015-09-23T17:40:05+08:00 ] 127.0.0.1 /admin.php/Slide/Index?cid=263
ERR: 无法加载控制器:Slide

[ 2015-09-23T17:52:43+08:00 ] 127.0.0.1 /admin.php/Slide/Index?cid=263
ERR: 模板不存在:./Application/Admin/View/Slide/Index.html

[ 2015-09-23T17:52:43+08:00 ] 127.0.0.1 /admin.php/Link/Index?cid=265
ERR: 无法加载控制器:Link

[ 2015-09-23T17:52:45+08:00 ] 127.0.0.1 /admin.php/Slide/Index?cid=263
ERR: 模板不存在:./Application/Admin/View/Slide/Index.html

[ 2015-09-23T17:52:45+08:00 ] 127.0.0.1 /admin.php/Link/Index?cid=265
ERR: 无法加载控制器:Link

[ 2015-09-23T17:58:02+08:00 ] 127.0.0.1 /admin.php/Link/Index?cid=265
ERR: 无法加载控制器:Link

[ 2015-09-23T17:58:05+08:00 ] 127.0.0.1 /admin.php/Slide/Index?cid=263
ERR: 模板不存在:./Application/Admin/View/Slide/Index.html

[ 2015-09-23T17:58:06+08:00 ] 127.0.0.1 /admin.php/Slide/Index?cid=263
ERR: 模板不存在:./Application/Admin/View/Slide/Index.html

[ 2015-09-23T17:58:07+08:00 ] 127.0.0.1 /admin.php/Slide/Index?cid=263
ERR: 模板不存在:./Application/Admin/View/Slide/Index.html

[ 2015-09-23T17:58:08+08:00 ] 127.0.0.1 /admin.php/Slide/Index?cid=263
ERR: 模板不存在:./Application/Admin/View/Slide/Index.html

[ 2015-09-23T17:58:09+08:00 ] 127.0.0.1 /admin.php/Slide/Index?cid=263
ERR: 模板不存在:./Application/Admin/View/Slide/Index.html

[ 2015-09-23T17:58:11+08:00 ] 127.0.0.1 /admin.php/Slide/Index?cid=263
ERR: 模板不存在:./Application/Admin/View/Slide/Index.html

[ 2015-09-23T18:02:31+08:00 ] 127.0.0.1 /admin.php/Link/Index?cid=265
ERR: 无法加载控制器:Link

[ 2015-09-23T18:02:33+08:00 ] 127.0.0.1 /admin.php/Slide/Index?cid=263
ERR: Think\Controller:assigt方法不存在！

[ 2015-09-23T18:05:00+08:00 ] 127.0.0.1 /admin.php/Link/Index?cid=265
ERR: 无法加载控制器:Link

[ 2015-09-23T18:05:06+08:00 ] 127.0.0.1 /admin.php/Link/Index?cid=265
ERR: 无法加载控制器:Link

[ 2015-09-23T18:05:09+08:00 ] 127.0.0.1 /admin.php/Link/Index?cid=265
ERR: 无法加载控制器:Link

[ 2015-09-23T18:05:11+08:00 ] 127.0.0.1 /admin.php/Link/Index?cid=265
ERR: 无法加载控制器:Link

[ 2015-09-23T18:05:13+08:00 ] 127.0.0.1 /admin.php/Link/Index?cid=265
ERR: 无法加载控制器:Link

[ 2015-09-23T18:05:27+08:00 ] 127.0.0.1 /admin.php/Public/left/mid/2
INFO: [ app_begin ] --START--
INFO: Run Behavior\ReadHtmlCacheBehavior [ RunTime:0.000449s ]
INFO: Run Behavior\CheckLangBehavior [ RunTime:0.000466s ]
INFO: [ app_begin ] --END-- [ RunTime:0.001335s ]
SQL: SHOW COLUMNS FROM `node` [ RunTime:0.006870s ]
SQL: SELECT * FROM `node` WHERE ( pid = 2 AND status = 1 ) ORDER BY node.sort desc, node.id asc  [ RunTime:0.000686s ]
SQL: SELECT `title` FROM `node` WHERE ( id=2 )  [ RunTime:0.000418s ]

[ 2015-09-23T18:05:43+08:00 ] 127.0.0.1 /admin.php/Public/left/mid/4
INFO: [ app_begin ] --START--
INFO: Run Behavior\ReadHtmlCacheBehavior [ RunTime:0.000478s ]
INFO: Run Behavior\CheckLangBehavior [ RunTime:0.000618s ]
INFO: [ app_begin ] --END-- [ RunTime:0.001535s ]
SQL: SHOW COLUMNS FROM `node` [ RunTime:0.005925s ]
SQL: SELECT * FROM `node` WHERE ( pid = 4 AND status = 1 ) ORDER BY node.sort desc, node.id asc  [ RunTime:0.000606s ]
SQL: SELECT `title` FROM `node` WHERE ( id=4 )  [ RunTime:0.000405s ]

[ 2015-09-23T18:05:47+08:00 ] 127.0.0.1 /admin.php/Public/left/mid/5
INFO: [ app_begin ] --START--
INFO: Run Behavior\ReadHtmlCacheBehavior [ RunTime:0.000571s ]
INFO: Run Behavior\CheckLangBehavior [ RunTime:0.000481s ]
INFO: [ app_begin ] --END-- [ RunTime:0.001485s ]
SQL: SHOW COLUMNS FROM `node` [ RunTime:0.005982s ]
SQL: SELECT * FROM `node` WHERE ( pid = 5 AND status = 1 ) ORDER BY node.sort desc, node.id asc  [ RunTime:0.000601s ]
SQL: SELECT `title` FROM `node` WHERE ( id=5 )  [ RunTime:0.000378s ]

[ 2015-09-23T18:05:49+08:00 ] 127.0.0.1 /admin.php/Public/left/mid/4
INFO: [ app_begin ] --START--
INFO: Run Behavior\ReadHtmlCacheBehavior [ RunTime:0.000511s ]
INFO: Run Behavior\CheckLangBehavior [ RunTime:0.000639s ]
INFO: [ app_begin ] --END-- [ RunTime:0.001638s ]
SQL: SHOW COLUMNS FROM `node` [ RunTime:0.005815s ]
SQL: SELECT * FROM `node` WHERE ( pid = 4 AND status = 1 ) ORDER BY node.sort desc, node.id asc  [ RunTime:0.000610s ]
SQL: SELECT `title` FROM `node` WHERE ( id=4 )  [ RunTime:0.000410s ]

[ 2015-09-23T18:06:56+08:00 ] 127.0.0.1 /admin.php/Link/Index?cid=265
ERR: 无法加载控制器:Link

[ 2015-09-23T18:11:24+08:00 ] 127.0.0.1 /admin.php/Link/Index?cid=265
ERR: 无法加载控制器:Link

[ 2015-09-23T18:12:15+08:00 ] 127.0.0.1 /admin.php/Link/Index?cid=265
ERR: 无法加载控制器:Link

[ 2015-09-23T18:15:32+08:00 ] 127.0.0.1 /admin.php/Link/Index?cid=265
ERR: 无法加载控制器:Link

[ 2015-09-23T18:16:46+08:00 ] 127.0.0.1 /admin.php/Public/left/mid/2
INFO: [ app_begin ] --START--
INFO: Run Behavior\ReadHtmlCacheBehavior [ RunTime:0.000575s ]
INFO: Run Behavior\CheckLangBehavior [ RunTime:0.000491s ]
INFO: [ app_begin ] --END-- [ RunTime:0.001482s ]
SQL: SHOW COLUMNS FROM `node` [ RunTime:0.005687s ]
SQL: SELECT * FROM `node` WHERE ( pid = 2 AND status = 1 ) ORDER BY node.sort desc, node.id asc  [ RunTime:0.000674s ]
SQL: SELECT `title` FROM `node` WHERE ( id=2 )  [ RunTime:0.000473s ]

[ 2015-09-23T18:18:42+08:00 ] 127.0.0.1 /admin.php/Public/left/mid/5
INFO: [ app_begin ] --START--
INFO: Run Behavior\ReadHtmlCacheBehavior [ RunTime:0.000553s ]
INFO: Run Behavior\CheckLangBehavior [ RunTime:0.000505s ]
INFO: [ app_begin ] --END-- [ RunTime:0.001468s ]
SQL: SHOW COLUMNS FROM `node` [ RunTime:0.003130s ]
SQL: SELECT * FROM `node` WHERE ( pid = 5 AND status = 1 ) ORDER BY node.sort desc, node.id asc  [ RunTime:0.000337s ]
SQL: SELECT `title` FROM `node` WHERE ( id=5 )  [ RunTime:0.000197s ]

[ 2015-09-23T18:19:56+08:00 ] 127.0.0.1 /admin.php/Public/left/mid/5
INFO: [ app_begin ] --START--
INFO: Run Behavior\ReadHtmlCacheBehavior [ RunTime:0.000493s ]
INFO: Run Behavior\CheckLangBehavior [ RunTime:0.000468s ]
INFO: [ app_begin ] --END-- [ RunTime:0.001420s ]
SQL: SHOW COLUMNS FROM `node` [ RunTime:0.005807s ]
SQL: SELECT * FROM `node` WHERE ( pid = 5 AND status = 1 ) ORDER BY node.sort desc, node.id asc  [ RunTime:0.000542s ]
SQL: SELECT `title` FROM `node` WHERE ( id=5 )  [ RunTime:0.000334s ]

[ 2015-09-23T18:20:07+08:00 ] 127.0.0.1 /admin.php/Public/left/mid/5
INFO: [ app_begin ] --START--
INFO: Run Behavior\ReadHtmlCacheBehavior [ RunTime:0.000561s ]
INFO: Run Behavior\CheckLangBehavior [ RunTime:0.000506s ]
INFO: [ app_begin ] --END-- [ RunTime:0.001506s ]
SQL: SHOW COLUMNS FROM `node` [ RunTime:0.003497s ]
SQL: SELECT * FROM `node` WHERE ( pid = 5 AND status = 1 ) ORDER BY node.sort desc, node.id asc  [ RunTime:0.000400s ]
SQL: SELECT `title` FROM `node` WHERE ( id=5 )  [ RunTime:0.000212s ]

[ 2015-09-23T18:21:29+08:00 ] 127.0.0.1 /admin.php/Public/left/mid/2
INFO: [ app_begin ] --START--
INFO: Run Behavior\ReadHtmlCacheBehavior [ RunTime:0.000611s ]
INFO: Run Behavior\CheckLangBehavior [ RunTime:0.000525s ]
INFO: [ app_begin ] --END-- [ RunTime:0.001573s ]
SQL: SHOW COLUMNS FROM `node` [ RunTime:0.003104s ]
SQL: SELECT * FROM `node` WHERE ( pid = 2 AND status = 1 ) ORDER BY node.sort desc, node.id asc  [ RunTime:0.000302s ]
SQL: SELECT `title` FROM `node` WHERE ( id=2 )  [ RunTime:0.000174s ]

[ 2015-09-23T18:21:30+08:00 ] 127.0.0.1 /admin.php/Public/left/mid/4
INFO: [ app_begin ] --START--
INFO: Run Behavior\ReadHtmlCacheBehavior [ RunTime:0.000558s ]
INFO: Run Behavior\CheckLangBehavior [ RunTime:0.000600s ]
INFO: [ app_begin ] --END-- [ RunTime:0.001622s ]
SQL: SHOW COLUMNS FROM `node` [ RunTime:0.005951s ]
SQL: SELECT * FROM `node` WHERE ( pid = 4 AND status = 1 ) ORDER BY node.sort desc, node.id asc  [ RunTime:0.000557s ]
SQL: SELECT `title` FROM `node` WHERE ( id=4 )  [ RunTime:0.000337s ]

[ 2015-09-23T18:21:33+08:00 ] 127.0.0.1 /admin.php/Link/Index?cid=265
ERR: 无法加载控制器:Link

