[ 2015-01-03T13:11:58+08:00 ] 127.0.0.1 /Public/Static/js/jquery.min.js
ERR: 非法操作:Static

[ 2015-01-03T13:12:37+08:00 ] 127.0.0.1 /index.php/Admin/User/grid.html
ERR: 非法操作:grid

[ 2015-01-03T13:12:42+08:00 ] 127.0.0.1 /index.php/Admin/User/grid.html
ERR: 非法操作:grid

[ 2015-01-03T13:33:26+08:00 ] 127.0.0.1 /index.php/Admin/Model/Index.html
NOTIC: [8] Use of undefined constant GROUP_NAME - assumed 'GROUP_NAME' G:\jwscms\Application\Admin\Controller\CommonController.class.php 第 39 行.
SQL: SHOW COLUMNS FROM `model` [ RunTime:0.015001s ]
SQL: SELECT * FROM `model`  [ RunTime:0.000000s ]
INFO: [ view_parse ] --START--
INFO: [ template_filter ] --START--
INFO: Run Behavior\ContentReplaceBehavior [ RunTime:0.000000s ]
INFO: [ template_filter ] --END-- [ RunTime:0.000000s ]
INFO: Run Behavior\ParseTemplateBehavior [ RunTime:0.005000s ]
INFO: [ view_parse ] --END-- [ RunTime:0.005000s ]
INFO: [ view_filter ] --START--
INFO: Run Behavior\WriteHtmlCacheBehavior [ RunTime:0.001000s ]
INFO: [ view_filter ] --END-- [ RunTime:0.001000s ]
INFO: [ app_end ] --START--
INFO: Run Behavior\ShowPageTraceBehavior [ RunTime:0.001000s ]
INFO: [ app_end ] --END-- [ RunTime:0.001000s ]

[ 2015-01-03T13:33:46+08:00 ] 127.0.0.1 /index.php/Admin/Model/Index.html
NOTIC: [8] Use of undefined constant GROUP_NAME - assumed 'GROUP_NAME' G:\jwscms\Application\Admin\Controller\CommonController.class.php 第 39 行.
SQL: SHOW COLUMNS FROM `model` [ RunTime:0.011001s ]
SQL: SELECT * FROM `model`  [ RunTime:0.001000s ]
INFO: [ view_parse ] --START--
INFO: [ template_filter ] --START--
INFO: Run Behavior\ContentReplaceBehavior [ RunTime:0.000000s ]
INFO: [ template_filter ] --END-- [ RunTime:0.000000s ]
INFO: Run Behavior\ParseTemplateBehavior [ RunTime:0.005000s ]
INFO: [ view_parse ] --END-- [ RunTime:0.005000s ]
INFO: [ view_filter ] --START--
INFO: Run Behavior\WriteHtmlCacheBehavior [ RunTime:0.000000s ]
INFO: [ view_filter ] --END-- [ RunTime:0.000000s ]
INFO: [ app_end ] --START--
INFO: Run Behavior\ShowPageTraceBehavior [ RunTime:0.001000s ]
INFO: [ app_end ] --END-- [ RunTime:0.001000s ]

[ 2015-01-03T13:33:50+08:00 ] 127.0.0.1 /index.php/Admin/Model/Index.html
NOTIC: [8] Use of undefined constant GROUP_NAME - assumed 'GROUP_NAME' G:\jwscms\Application\Admin\Controller\CommonController.class.php 第 39 行.
SQL: SHOW COLUMNS FROM `model` [ RunTime:0.012001s ]
SQL: SELECT * FROM `model`  [ RunTime:0.001000s ]
INFO: [ view_parse ] --START--
INFO: [ template_filter ] --START--
INFO: Run Behavior\ContentReplaceBehavior [ RunTime:0.000000s ]
INFO: [ template_filter ] --END-- [ RunTime:0.000000s ]
INFO: Run Behavior\ParseTemplateBehavior [ RunTime:0.005000s ]
INFO: [ view_parse ] --END-- [ RunTime:0.005000s ]
INFO: [ view_filter ] --START--
INFO: Run Behavior\WriteHtmlCacheBehavior [ RunTime:0.000000s ]
INFO: [ view_filter ] --END-- [ RunTime:0.001000s ]
INFO: [ app_end ] --START--
INFO: Run Behavior\ShowPageTraceBehavior [ RunTime:0.000000s ]
INFO: [ app_end ] --END-- [ RunTime:0.000000s ]

[ 2015-01-03T13:34:20+08:00 ] 127.0.0.1 /index.php/Admin/Model/Index.html
NOTIC: [8] Use of undefined constant GROUP_NAME - assumed 'GROUP_NAME' G:\jwscms\Application\Admin\Controller\CommonController.class.php 第 39 行.

[ 2015-01-03T13:35:29+08:00 ] 127.0.0.1 /index.php/Admin/Model/Index.html
NOTIC: [8] Use of undefined constant GROUP_NAME - assumed 'GROUP_NAME' G:\jwscms\Application\Admin\Controller\CommonController.class.php 第 39 行.
SQL: SHOW COLUMNS FROM `model` [ RunTime:0.012001s ]
SQL: SELECT * FROM `model`  [ RunTime:0.001000s ]
INFO: [ view_parse ] --START--
INFO: [ template_filter ] --START--
INFO: Run Behavior\ContentReplaceBehavior [ RunTime:0.001000s ]
INFO: [ template_filter ] --END-- [ RunTime:0.001000s ]
NOTIC: [8] Undefined index: username G:\jwscms\Application\Runtime\Cache\Admin\0c3493a7bcb81bde35a375a3203d9761.php 第 24 行.
INFO: Run Behavior\ParseTemplateBehavior [ RunTime:0.023001s ]
INFO: [ view_parse ] --END-- [ RunTime:0.024001s ]
INFO: [ view_filter ] --START--
INFO: Run Behavior\WriteHtmlCacheBehavior [ RunTime:0.001000s ]
INFO: [ view_filter ] --END-- [ RunTime:0.001000s ]
INFO: [ app_end ] --START--
INFO: Run Behavior\ShowPageTraceBehavior [ RunTime:0.001000s ]
INFO: [ app_end ] --END-- [ RunTime:0.001000s ]

[ 2015-01-03T13:49:47+08:00 ] 127.0.0.1 /index.php/Admin/Model/Index.html
NOTIC: [8] Use of undefined constant GROUP_NAME - assumed 'GROUP_NAME' G:\jwscms\Application\Admin\Controller\CommonController.class.php 第 39 行.
SQL: SHOW COLUMNS FROM `model` [ RunTime:0.012001s ]
SQL: SELECT * FROM `model`  [ RunTime:0.001000s ]
INFO: [ view_parse ] --START--
INFO: [ template_filter ] --START--
INFO: Run Behavior\ContentReplaceBehavior [ RunTime:0.000000s ]
INFO: [ template_filter ] --END-- [ RunTime:0.001000s ]
NOTIC: [8] Undefined index: username G:\jwscms\Application\Runtime\Cache\Admin\0c3493a7bcb81bde35a375a3203d9761.php 第 24 行.
INFO: Run Behavior\ParseTemplateBehavior [ RunTime:0.017001s ]
INFO: [ view_parse ] --END-- [ RunTime:0.017001s ]
INFO: [ view_filter ] --START--
INFO: Run Behavior\WriteHtmlCacheBehavior [ RunTime:0.000000s ]
INFO: [ view_filter ] --END-- [ RunTime:0.000000s ]
INFO: [ app_end ] --START--
INFO: Run Behavior\ShowPageTraceBehavior [ RunTime:0.000000s ]
INFO: [ app_end ] --END-- [ RunTime:0.001000s ]

[ 2015-01-03T13:49:52+08:00 ] 127.0.0.1 /index.php/Model/Add.html
NOTIC: [8] Use of undefined constant GROUP_NAME - assumed 'GROUP_NAME' G:\jwscms\Application\Admin\Controller\CommonController.class.php 第 39 行.
INFO: [ view_parse ] --START--
INFO: [ template_filter ] --START--
INFO: Run Behavior\ContentReplaceBehavior [ RunTime:0.000000s ]
INFO: [ template_filter ] --END-- [ RunTime:0.000000s ]
NOTIC: [8] Undefined index: username G:\jwscms\Application\Runtime\Cache\Admin\f11e1a68f1c0577d220b4dfd2febd6df.php 第 24 行.
INFO: Run Behavior\ParseTemplateBehavior [ RunTime:0.087005s ]
INFO: [ view_parse ] --END-- [ RunTime:0.087005s ]
INFO: [ view_filter ] --START--
INFO: Run Behavior\WriteHtmlCacheBehavior [ RunTime:0.001000s ]
INFO: [ view_filter ] --END-- [ RunTime:0.001000s ]
INFO: [ app_end ] --START--
INFO: Run Behavior\ShowPageTraceBehavior [ RunTime:0.001000s ]
INFO: [ app_end ] --END-- [ RunTime:0.001000s ]

[ 2015-01-03T13:50:34+08:00 ] 127.0.0.1 /index.php/Admin/Model/Index.html
NOTIC: [8] Use of undefined constant GROUP_NAME - assumed 'GROUP_NAME' G:\jwscms\Application\Admin\Controller\CommonController.class.php 第 39 行.
SQL: SHOW COLUMNS FROM `model` [ RunTime:0.013001s ]
SQL: SELECT * FROM `model`  [ RunTime:0.000000s ]
INFO: [ view_parse ] --START--
INFO: [ template_filter ] --START--
INFO: Run Behavior\ContentReplaceBehavior [ RunTime:0.001000s ]
INFO: [ template_filter ] --END-- [ RunTime:0.001000s ]
NOTIC: [8] Undefined index: username G:\jwscms\Application\Runtime\Cache\Admin\0c3493a7bcb81bde35a375a3203d9761.php 第 24 行.
INFO: Run Behavior\ParseTemplateBehavior [ RunTime:0.016001s ]
INFO: [ view_parse ] --END-- [ RunTime:0.016001s ]
INFO: [ view_filter ] --START--
INFO: Run Behavior\WriteHtmlCacheBehavior [ RunTime:0.001000s ]
INFO: [ view_filter ] --END-- [ RunTime:0.001000s ]
INFO: [ app_end ] --START--
INFO: Run Behavior\ShowPageTraceBehavior [ RunTime:0.001000s ]
INFO: [ app_end ] --END-- [ RunTime:0.001000s ]

[ 2015-01-03T13:51:43+08:00 ] 127.0.0.1 /index.php/Admin/Model/Index.html
NOTIC: [8] Use of undefined constant GROUP_NAME - assumed 'GROUP_NAME' G:\jwscms\Application\Admin\Controller\CommonController.class.php 第 39 行.
SQL: SHOW COLUMNS FROM `model` [ RunTime:0.011000s ]
SQL: SELECT * FROM `model`  [ RunTime:0.000000s ]
INFO: [ view_parse ] --START--
INFO: [ template_filter ] --START--
INFO: Run Behavior\ContentReplaceBehavior [ RunTime:0.000000s ]
INFO: [ template_filter ] --END-- [ RunTime:0.000000s ]
NOTIC: [8] Undefined index: username G:\jwscms\Application\Runtime\Cache\Admin\0c3493a7bcb81bde35a375a3203d9761.php 第 24 行.
INFO: Run Behavior\ParseTemplateBehavior [ RunTime:0.017001s ]
INFO: [ view_parse ] --END-- [ RunTime:0.017001s ]
INFO: [ view_filter ] --START--
INFO: Run Behavior\WriteHtmlCacheBehavior [ RunTime:0.000000s ]
INFO: [ view_filter ] --END-- [ RunTime:0.000000s ]
INFO: [ app_end ] --START--
INFO: Run Behavior\ShowPageTraceBehavior [ RunTime:0.000000s ]
INFO: [ app_end ] --END-- [ RunTime:0.000000s ]

[ 2015-01-03T13:52:10+08:00 ] 127.0.0.1 /index.php/Admin/Auth/Index.html
NOTIC: [8] Use of undefined constant GROUP_NAME - assumed 'GROUP_NAME' G:\jwscms\Application\Admin\Controller\CommonController.class.php 第 39 行.
SQL: SHOW COLUMNS FROM `role` [ RunTime:0.012001s ]
SQL: SELECT * FROM `role`  [ RunTime:0.000000s ]
INFO: [ view_parse ] --START--
INFO: [ template_filter ] --START--
INFO: Run Behavior\ContentReplaceBehavior [ RunTime:0.002000s ]
INFO: [ template_filter ] --END-- [ RunTime:0.002000s ]
NOTIC: [8] Undefined index: username G:\jwscms\Application\Runtime\Cache\Admin\7a6f44520688489d1b948e59cdab957c.php 第 24 行.
INFO: Run Behavior\ParseTemplateBehavior [ RunTime:0.018001s ]
INFO: [ view_parse ] --END-- [ RunTime:0.018001s ]
INFO: [ view_filter ] --START--
INFO: Run Behavior\WriteHtmlCacheBehavior [ RunTime:0.000000s ]
INFO: [ view_filter ] --END-- [ RunTime:0.000000s ]
INFO: [ app_end ] --START--
INFO: Run Behavior\ShowPageTraceBehavior [ RunTime:0.001000s ]
INFO: [ app_end ] --END-- [ RunTime:0.001000s ]

[ 2015-01-03T13:53:34+08:00 ] 127.0.0.1 /index.php/Admin/Model/Index.html
NOTIC: [8] Use of undefined constant GROUP_NAME - assumed 'GROUP_NAME' G:\jwscms\Application\Admin\Controller\CommonController.class.php 第 39 行.
SQL: SHOW COLUMNS FROM `model` [ RunTime:0.017001s ]
SQL: SELECT * FROM `model`  [ RunTime:0.001000s ]
INFO: [ view_parse ] --START--
INFO: [ template_filter ] --START--
INFO: Run Behavior\ContentReplaceBehavior [ RunTime:0.000000s ]
INFO: [ template_filter ] --END-- [ RunTime:0.000000s ]
NOTIC: [8] Undefined index: username G:\jwscms\Application\Runtime\Cache\Admin\0c3493a7bcb81bde35a375a3203d9761.php 第 24 行.
INFO: Run Behavior\ParseTemplateBehavior [ RunTime:0.015000s ]
INFO: [ view_parse ] --END-- [ RunTime:0.015000s ]
INFO: [ view_filter ] --START--
INFO: Run Behavior\WriteHtmlCacheBehavior [ RunTime:0.000000s ]
INFO: [ view_filter ] --END-- [ RunTime:0.000000s ]
INFO: [ app_end ] --START--
INFO: Run Behavior\ShowPageTraceBehavior [ RunTime:0.001000s ]
INFO: [ app_end ] --END-- [ RunTime:0.001000s ]

[ 2015-01-03T13:53:36+08:00 ] 127.0.0.1 /index.php/Model/Add.html
NOTIC: [8] Use of undefined constant GROUP_NAME - assumed 'GROUP_NAME' G:\jwscms\Application\Admin\Controller\CommonController.class.php 第 39 行.
INFO: [ view_parse ] --START--
INFO: [ template_filter ] --START--
INFO: Run Behavior\ContentReplaceBehavior [ RunTime:0.000000s ]
INFO: [ template_filter ] --END-- [ RunTime:0.000000s ]
NOTIC: [8] Undefined index: username G:\jwscms\Application\Runtime\Cache\Admin\f11e1a68f1c0577d220b4dfd2febd6df.php 第 24 行.
INFO: Run Behavior\ParseTemplateBehavior [ RunTime:0.014001s ]
INFO: [ view_parse ] --END-- [ RunTime:0.014001s ]
INFO: [ view_filter ] --START--
INFO: Run Behavior\WriteHtmlCacheBehavior [ RunTime:0.001000s ]
INFO: [ view_filter ] --END-- [ RunTime:0.001000s ]
INFO: [ app_end ] --START--
INFO: Run Behavior\ShowPageTraceBehavior [ RunTime:0.001000s ]
INFO: [ app_end ] --END-- [ RunTime:0.001000s ]

[ 2015-01-03T13:54:01+08:00 ] 127.0.0.1 /index.php/Model/Add.html
NOTIC: [8] Use of undefined constant GROUP_NAME - assumed 'GROUP_NAME' G:\jwscms\Application\Admin\Controller\CommonController.class.php 第 39 行.
NOTIC: [2048] Declaration of Admin\Model\ModelModel::add() should be compatible with that of Think\Model::add() G:\jwscms\Application\Admin\Model\ModelModel.class.php 第 34 行.
SQL: SHOW COLUMNS FROM `model` [ RunTime:0.016001s ]
SQL: SHOW COLUMNS FROM `model` [ RunTime:0.010001s ]

[ 2015-01-03T13:54:17+08:00 ] 127.0.0.1 /index.php/Model/Add.html
NOTIC: [8] Use of undefined constant GROUP_NAME - assumed 'GROUP_NAME' G:\jwscms\Application\Admin\Controller\CommonController.class.php 第 39 行.
INFO: [ view_parse ] --START--
INFO: [ template_filter ] --START--
INFO: Run Behavior\ContentReplaceBehavior [ RunTime:0.000000s ]
INFO: [ template_filter ] --END-- [ RunTime:0.000000s ]
NOTIC: [8] Undefined index: username G:\jwscms\Application\Runtime\Cache\Admin\f11e1a68f1c0577d220b4dfd2febd6df.php 第 24 行.
INFO: Run Behavior\ParseTemplateBehavior [ RunTime:0.015001s ]
INFO: [ view_parse ] --END-- [ RunTime:0.015001s ]
INFO: [ view_filter ] --START--
INFO: Run Behavior\WriteHtmlCacheBehavior [ RunTime:0.000000s ]
INFO: [ view_filter ] --END-- [ RunTime:0.000000s ]
INFO: [ app_end ] --START--
INFO: Run Behavior\ShowPageTraceBehavior [ RunTime:0.001000s ]
INFO: [ app_end ] --END-- [ RunTime:0.001000s ]

[ 2015-01-03T13:54:22+08:00 ] 127.0.0.1 /index.php/Admin/Model/Index.html
NOTIC: [8] Use of undefined constant GROUP_NAME - assumed 'GROUP_NAME' G:\jwscms\Application\Admin\Controller\CommonController.class.php 第 39 行.
SQL: SHOW COLUMNS FROM `model` [ RunTime:0.012001s ]
SQL: SELECT * FROM `model`  [ RunTime:0.000000s ]
INFO: [ view_parse ] --START--
INFO: [ template_filter ] --START--
INFO: Run Behavior\ContentReplaceBehavior [ RunTime:0.000000s ]
INFO: [ template_filter ] --END-- [ RunTime:0.000000s ]
NOTIC: [8] Undefined index: username G:\jwscms\Application\Runtime\Cache\Admin\0c3493a7bcb81bde35a375a3203d9761.php 第 24 行.
INFO: Run Behavior\ParseTemplateBehavior [ RunTime:0.015001s ]
INFO: [ view_parse ] --END-- [ RunTime:0.015001s ]
INFO: [ view_filter ] --START--
INFO: Run Behavior\WriteHtmlCacheBehavior [ RunTime:0.000000s ]
INFO: [ view_filter ] --END-- [ RunTime:0.000000s ]
INFO: [ app_end ] --START--
INFO: Run Behavior\ShowPageTraceBehavior [ RunTime:0.001000s ]
INFO: [ app_end ] --END-- [ RunTime:0.001000s ]

[ 2015-01-03T13:54:25+08:00 ] 127.0.0.1 /index.php/Model/Add.html
NOTIC: [8] Use of undefined constant GROUP_NAME - assumed 'GROUP_NAME' G:\jwscms\Application\Admin\Controller\CommonController.class.php 第 39 行.
INFO: [ view_parse ] --START--
INFO: [ template_filter ] --START--
INFO: Run Behavior\ContentReplaceBehavior [ RunTime:0.000000s ]
INFO: [ template_filter ] --END-- [ RunTime:0.000000s ]
NOTIC: [8] Undefined index: username G:\jwscms\Application\Runtime\Cache\Admin\f11e1a68f1c0577d220b4dfd2febd6df.php 第 24 行.
INFO: Run Behavior\ParseTemplateBehavior [ RunTime:0.016001s ]
INFO: [ view_parse ] --END-- [ RunTime:0.016001s ]
INFO: [ view_filter ] --START--
INFO: Run Behavior\WriteHtmlCacheBehavior [ RunTime:0.000000s ]
INFO: [ view_filter ] --END-- [ RunTime:0.000000s ]
INFO: [ app_end ] --START--
INFO: Run Behavior\ShowPageTraceBehavior [ RunTime:0.000000s ]
INFO: [ app_end ] --END-- [ RunTime:0.000000s ]

[ 2015-01-03T13:54:36+08:00 ] 127.0.0.1 /index.php/Model/Add.html
NOTIC: [8] Use of undefined constant GROUP_NAME - assumed 'GROUP_NAME' G:\jwscms\Application\Admin\Controller\CommonController.class.php 第 39 行.
NOTIC: [2048] Declaration of Admin\Model\ModelModel::add() should be compatible with that of Think\Model::add() G:\jwscms\Application\Admin\Model\ModelModel.class.php 第 33 行.
SQL: SHOW COLUMNS FROM `model` [ RunTime:0.016001s ]
SQL: SHOW COLUMNS FROM `model` [ RunTime:0.010001s ]
SQL: INSERT INTO `model` (`model_name`,`tpl_channel`,`tpl_content`,`has_content`,`status`,`sort`) VALUES ('新闻','news','news',1,1,10) [ RunTime:0.001000s ]
INFO: [ view_parse ] --START--
INFO: [ template_filter ] --START--
INFO: Run Behavior\ContentReplaceBehavior [ RunTime:0.001000s ]
INFO: [ template_filter ] --END-- [ RunTime:0.001000s ]
INFO: Run Behavior\ParseTemplateBehavior [ RunTime:0.009000s ]
INFO: [ view_parse ] --END-- [ RunTime:0.009000s ]
INFO: [ view_filter ] --START--
INFO: Run Behavior\WriteHtmlCacheBehavior [ RunTime:0.001000s ]
INFO: [ view_filter ] --END-- [ RunTime:0.001000s ]
INFO: [ view_parse ] --START--
INFO: [ template_filter ] --START--
INFO: Run Behavior\ContentReplaceBehavior [ RunTime:0.000000s ]
INFO: [ template_filter ] --END-- [ RunTime:-0.008001s ]
NOTIC: [8] Undefined index: username G:\jwscms\Application\Runtime\Cache\Admin\f11e1a68f1c0577d220b4dfd2febd6df.php 第 24 行.
INFO: Run Behavior\ParseTemplateBehavior [ RunTime:0.008001s ]
INFO: [ view_parse ] --END-- [ RunTime:-0.001000s ]
INFO: [ view_filter ] --START--
INFO: Run Behavior\WriteHtmlCacheBehavior [ RunTime:0.000000s ]
INFO: [ view_filter ] --END-- [ RunTime:-0.008001s ]
INFO: [ app_end ] --START--
INFO: Run Behavior\ShowPageTraceBehavior [ RunTime:0.001000s ]
INFO: [ app_end ] --END-- [ RunTime:0.001000s ]

[ 2015-01-03T13:54:38+08:00 ] 127.0.0.1 /index.php/Model/Index.html
NOTIC: [8] Use of undefined constant GROUP_NAME - assumed 'GROUP_NAME' G:\jwscms\Application\Admin\Controller\CommonController.class.php 第 39 行.
SQL: SHOW COLUMNS FROM `model` [ RunTime:0.014001s ]
SQL: SELECT * FROM `model`  [ RunTime:0.001000s ]
INFO: [ view_parse ] --START--
INFO: [ template_filter ] --START--
INFO: Run Behavior\ContentReplaceBehavior [ RunTime:0.000000s ]
INFO: [ template_filter ] --END-- [ RunTime:0.000000s ]
NOTIC: [8] Undefined index: username G:\jwscms\Application\Runtime\Cache\Admin\0c3493a7bcb81bde35a375a3203d9761.php 第 24 行.
NOTIC: [8] Undefined index: id G:\jwscms\Application\Runtime\Cache\Admin\0c3493a7bcb81bde35a375a3203d9761.php 第 151 行.
INFO: Run Behavior\ParseTemplateBehavior [ RunTime:0.015001s ]
INFO: [ view_parse ] --END-- [ RunTime:0.015001s ]
INFO: [ view_filter ] --START--
INFO: Run Behavior\WriteHtmlCacheBehavior [ RunTime:0.001000s ]
INFO: [ view_filter ] --END-- [ RunTime:0.001000s ]
INFO: [ app_end ] --START--
INFO: Run Behavior\ShowPageTraceBehavior [ RunTime:0.000000s ]
INFO: [ app_end ] --END-- [ RunTime:0.001000s ]

[ 2015-01-03T14:06:28+08:00 ] 127.0.0.1 /index.php/Model/Index.html
NOTIC: [8] Use of undefined constant GROUP_NAME - assumed 'GROUP_NAME' G:\jwscms\Application\Admin\Controller\CommonController.class.php 第 39 行.
SQL: SHOW COLUMNS FROM `model` [ RunTime:0.013001s ]
SQL: SELECT * FROM `model`  [ RunTime:0.000000s ]
INFO: [ view_parse ] --START--
INFO: [ template_filter ] --START--
INFO: Run Behavior\ContentReplaceBehavior [ RunTime:0.001000s ]
INFO: [ template_filter ] --END-- [ RunTime:0.001000s ]
NOTIC: [8] Undefined index: username G:\jwscms\Application\Runtime\Cache\Admin\0c3493a7bcb81bde35a375a3203d9761.php 第 24 行.
NOTIC: [8] Undefined index: id G:\jwscms\Application\Runtime\Cache\Admin\0c3493a7bcb81bde35a375a3203d9761.php 第 151 行.
INFO: Run Behavior\ParseTemplateBehavior [ RunTime:0.016001s ]
INFO: [ view_parse ] --END-- [ RunTime:0.016001s ]
INFO: [ view_filter ] --START--
INFO: Run Behavior\WriteHtmlCacheBehavior [ RunTime:0.000000s ]
INFO: [ view_filter ] --END-- [ RunTime:0.000000s ]
INFO: [ app_end ] --START--
INFO: Run Behavior\ShowPageTraceBehavior [ RunTime:0.000000s ]
INFO: [ app_end ] --END-- [ RunTime:0.001000s ]

[ 2015-01-03T14:07:05+08:00 ] 127.0.0.1 /index.php/Model/Index.html
NOTIC: [8] Use of undefined constant GROUP_NAME - assumed 'GROUP_NAME' G:\jwscms\Application\Admin\Controller\CommonController.class.php 第 39 行.
SQL: SHOW COLUMNS FROM `model` [ RunTime:0.009000s ]
SQL: SELECT * FROM `model`  [ RunTime:0.000000s ]
INFO: [ view_parse ] --START--
INFO: [ template_filter ] --START--
INFO: Run Behavior\ContentReplaceBehavior [ RunTime:0.000000s ]
INFO: [ template_filter ] --END-- [ RunTime:0.000000s ]
NOTIC: [8] Undefined index: username G:\jwscms\Application\Runtime\Cache\Admin\0c3493a7bcb81bde35a375a3203d9761.php 第 24 行.
NOTIC: [8] Undefined index: id G:\jwscms\Application\Runtime\Cache\Admin\0c3493a7bcb81bde35a375a3203d9761.php 第 151 行.
INFO: Run Behavior\ParseTemplateBehavior [ RunTime:0.016001s ]
INFO: [ view_parse ] --END-- [ RunTime:0.016001s ]
INFO: [ view_filter ] --START--
INFO: Run Behavior\WriteHtmlCacheBehavior [ RunTime:0.001000s ]
INFO: [ view_filter ] --END-- [ RunTime:0.001000s ]
INFO: [ app_end ] --START--
INFO: Run Behavior\ShowPageTraceBehavior [ RunTime:0.001000s ]
INFO: [ app_end ] --END-- [ RunTime:0.001000s ]

[ 2015-01-03T14:07:16+08:00 ] 127.0.0.1 /index.php/Model/Index.html
NOTIC: [8] Use of undefined constant GROUP_NAME - assumed 'GROUP_NAME' G:\jwscms\Application\Admin\Controller\CommonController.class.php 第 39 行.
SQL: SHOW COLUMNS FROM `model` [ RunTime:0.021001s ]
SQL: SELECT * FROM `model`  [ RunTime:0.001000s ]
INFO: [ view_parse ] --START--
INFO: [ template_filter ] --START--
INFO: Run Behavior\ContentReplaceBehavior [ RunTime:0.000000s ]
INFO: [ template_filter ] --END-- [ RunTime:0.000000s ]
NOTIC: [8] Undefined index: username G:\jwscms\Application\Runtime\Cache\Admin\0c3493a7bcb81bde35a375a3203d9761.php 第 24 行.
NOTIC: [8] Undefined index: id G:\jwscms\Application\Runtime\Cache\Admin\0c3493a7bcb81bde35a375a3203d9761.php 第 151 行.
INFO: Run Behavior\ParseTemplateBehavior [ RunTime:0.017001s ]
INFO: [ view_parse ] --END-- [ RunTime:0.017001s ]
INFO: [ view_filter ] --START--
INFO: Run Behavior\WriteHtmlCacheBehavior [ RunTime:0.001000s ]
INFO: [ view_filter ] --END-- [ RunTime:0.001000s ]
INFO: [ app_end ] --START--
INFO: Run Behavior\ShowPageTraceBehavior [ RunTime:0.001000s ]
INFO: [ app_end ] --END-- [ RunTime:0.001000s ]

[ 2015-01-03T14:07:21+08:00 ] 127.0.0.1 /index.php/Model/Edit/id/1.html
NOTIC: [8] Use of undefined constant GROUP_NAME - assumed 'GROUP_NAME' G:\jwscms\Application\Admin\Controller\CommonController.class.php 第 39 行.
NOTIC: [2048] Declaration of Admin\Model\ModelModel::add() should be compatible with that of Think\Model::add() G:\jwscms\Application\Admin\Model\ModelModel.class.php 第 58 行.
SQL: SHOW COLUMNS FROM `model` [ RunTime:0.014001s ]
ERR: Think\Model:error方法不存在！

[ 2015-01-03T14:08:16+08:00 ] 127.0.0.1 /index.php/Model/Index.html
NOTIC: [8] Use of undefined constant GROUP_NAME - assumed 'GROUP_NAME' G:\jwscms\Application\Admin\Controller\CommonController.class.php 第 39 行.
SQL: SHOW COLUMNS FROM `model` [ RunTime:0.010001s ]
SQL: SELECT * FROM `model`  [ RunTime:0.002000s ]
INFO: [ view_parse ] --START--
INFO: [ template_filter ] --START--
INFO: Run Behavior\ContentReplaceBehavior [ RunTime:0.000000s ]
INFO: [ template_filter ] --END-- [ RunTime:0.000000s ]
NOTIC: [8] Undefined index: username G:\jwscms\Application\Runtime\Cache\Admin\0c3493a7bcb81bde35a375a3203d9761.php 第 24 行.
NOTIC: [8] Undefined index: id G:\jwscms\Application\Runtime\Cache\Admin\0c3493a7bcb81bde35a375a3203d9761.php 第 151 行.
INFO: Run Behavior\ParseTemplateBehavior [ RunTime:0.018001s ]
INFO: [ view_parse ] --END-- [ RunTime:0.018001s ]
INFO: [ view_filter ] --START--
INFO: Run Behavior\WriteHtmlCacheBehavior [ RunTime:0.001000s ]
INFO: [ view_filter ] --END-- [ RunTime:0.001000s ]
INFO: [ app_end ] --START--
INFO: Run Behavior\ShowPageTraceBehavior [ RunTime:0.001000s ]
INFO: [ app_end ] --END-- [ RunTime:0.001000s ]

[ 2015-01-03T14:08:19+08:00 ] 127.0.0.1 /index.php/Model/Edit/id/1.html
NOTIC: [8] Use of undefined constant GROUP_NAME - assumed 'GROUP_NAME' G:\jwscms\Application\Admin\Controller\CommonController.class.php 第 39 行.
NOTIC: [2048] Declaration of Admin\Model\ModelModel::add() should be compatible with that of Think\Model::add() G:\jwscms\Application\Admin\Model\ModelModel.class.php 第 58 行.
SQL: SHOW COLUMNS FROM `model` [ RunTime:0.015001s ]
SQL: SHOW COLUMNS FROM `model` [ RunTime:0.010000s ]
SQL: SELECT * FROM `model` WHERE `model_id` = 1 LIMIT 1   [ RunTime:0.000000s ]
INFO: [ view_parse ] --START--
INFO: [ template_filter ] --START--
INFO: Run Behavior\ContentReplaceBehavior [ RunTime:0.000000s ]
INFO: [ template_filter ] --END-- [ RunTime:0.000000s ]
NOTIC: [8] Undefined index: username G:\jwscms\Application\Runtime\Cache\Admin\fe014711825b00d36273d1f131816f0e.php 第 24 行.
INFO: Run Behavior\ParseTemplateBehavior [ RunTime:0.015000s ]
INFO: [ view_parse ] --END-- [ RunTime:0.015000s ]
INFO: [ view_filter ] --START--
INFO: Run Behavior\WriteHtmlCacheBehavior [ RunTime:0.001000s ]
INFO: [ view_filter ] --END-- [ RunTime:0.001000s ]
INFO: [ app_end ] --START--
INFO: Run Behavior\ShowPageTraceBehavior [ RunTime:0.001001s ]
INFO: [ app_end ] --END-- [ RunTime:0.001001s ]

[ 2015-01-03T14:08:42+08:00 ] 127.0.0.1 /index.php/Model/Edit/id/1.html
NOTIC: [8] Use of undefined constant GROUP_NAME - assumed 'GROUP_NAME' G:\jwscms\Application\Admin\Controller\CommonController.class.php 第 39 行.
NOTIC: [2048] Declaration of Admin\Model\ModelModel::add() should be compatible with that of Think\Model::add() G:\jwscms\Application\Admin\Model\ModelModel.class.php 第 58 行.
SQL: SHOW COLUMNS FROM `model` [ RunTime:0.010001s ]
SQL: SHOW COLUMNS FROM `model` [ RunTime:0.010001s ]
SQL: SELECT * FROM `model` WHERE `model_id` = 1 LIMIT 1   [ RunTime:0.000000s ]
INFO: [ view_parse ] --START--
INFO: [ template_filter ] --START--
INFO: Run Behavior\ContentReplaceBehavior [ RunTime:0.000000s ]
INFO: [ template_filter ] --END-- [ RunTime:0.000000s ]
NOTIC: [8] Undefined index: username G:\jwscms\Application\Runtime\Cache\Admin\fe014711825b00d36273d1f131816f0e.php 第 24 行.
INFO: Run Behavior\ParseTemplateBehavior [ RunTime:0.015001s ]
INFO: [ view_parse ] --END-- [ RunTime:0.016001s ]
INFO: [ view_filter ] --START--
INFO: Run Behavior\WriteHtmlCacheBehavior [ RunTime:0.000000s ]
INFO: [ view_filter ] --END-- [ RunTime:0.000000s ]
INFO: [ app_end ] --START--
INFO: Run Behavior\ShowPageTraceBehavior [ RunTime:0.001000s ]
INFO: [ app_end ] --END-- [ RunTime:0.001000s ]

[ 2015-01-03T14:08:46+08:00 ] 127.0.0.1 /index.php/Model/Edit.html
NOTIC: [8] Use of undefined constant GROUP_NAME - assumed 'GROUP_NAME' G:\jwscms\Application\Admin\Controller\CommonController.class.php 第 39 行.
NOTIC: [2048] Declaration of Admin\Model\ModelModel::add() should be compatible with that of Think\Model::add() G:\jwscms\Application\Admin\Model\ModelModel.class.php 第 58 行.
SQL: SHOW COLUMNS FROM `model` [ RunTime:0.013001s ]
SQL: UPDATE `model` SET `model_name`='新闻1',`tpl_channel`='news',`tpl_content`='news',`has_content`=1,`status`=1,`sort`=10 WHERE `model_id` = 1 [ RunTime:0.000000s ]
INFO: [ view_parse ] --START--
INFO: [ template_filter ] --START--
INFO: Run Behavior\ContentReplaceBehavior [ RunTime:0.000000s ]
INFO: [ template_filter ] --END-- [ RunTime:0.000000s ]
INFO: Run Behavior\ParseTemplateBehavior [ RunTime:0.009001s ]
INFO: [ view_parse ] --END-- [ RunTime:0.009001s ]
INFO: [ view_filter ] --START--
INFO: Run Behavior\WriteHtmlCacheBehavior [ RunTime:0.000000s ]
INFO: [ view_filter ] --END-- [ RunTime:0.000000s ]
INFO: [ view_parse ] --START--
INFO: [ template_filter ] --START--
INFO: Run Behavior\ContentReplaceBehavior [ RunTime:0.000000s ]
INFO: [ template_filter ] --END-- [ RunTime:-0.009000s ]
NOTIC: [8] Undefined index: username G:\jwscms\Application\Runtime\Cache\Admin\fe014711825b00d36273d1f131816f0e.php 第 24 行.
NOTIC: [8] Undefined variable: info G:\jwscms\Application\Runtime\Cache\Admin\fe014711825b00d36273d1f131816f0e.php 第 135 行.
NOTIC: [8] Undefined variable: info G:\jwscms\Application\Runtime\Cache\Admin\fe014711825b00d36273d1f131816f0e.php 第 141 行.
NOTIC: [8] Undefined variable: info G:\jwscms\Application\Runtime\Cache\Admin\fe014711825b00d36273d1f131816f0e.php 第 147 行.
NOTIC: [8] Undefined variable: info G:\jwscms\Application\Runtime\Cache\Admin\fe014711825b00d36273d1f131816f0e.php 第 153 行.
NOTIC: [8] Undefined variable: info G:\jwscms\Application\Runtime\Cache\Admin\fe014711825b00d36273d1f131816f0e.php 第 154 行.
NOTIC: [8] Undefined variable: info G:\jwscms\Application\Runtime\Cache\Admin\fe014711825b00d36273d1f131816f0e.php 第 160 行.
NOTIC: [8] Undefined variable: info G:\jwscms\Application\Runtime\Cache\Admin\fe014711825b00d36273d1f131816f0e.php 第 161 行.
NOTIC: [8] Undefined variable: info G:\jwscms\Application\Runtime\Cache\Admin\fe014711825b00d36273d1f131816f0e.php 第 167 行.
NOTIC: [8] Undefined variable: info G:\jwscms\Application\Runtime\Cache\Admin\fe014711825b00d36273d1f131816f0e.php 第 171 行.
INFO: Run Behavior\ParseTemplateBehavior [ RunTime:0.010000s ]
INFO: [ view_parse ] --END-- [ RunTime:0.000000s ]
INFO: [ view_filter ] --START--
INFO: Run Behavior\WriteHtmlCacheBehavior [ RunTime:0.000000s ]
INFO: [ view_filter ] --END-- [ RunTime:-0.010000s ]
INFO: [ app_end ] --START--
INFO: Run Behavior\ShowPageTraceBehavior [ RunTime:0.000000s ]
INFO: [ app_end ] --END-- [ RunTime:0.000000s ]

[ 2015-01-03T14:08:48+08:00 ] 127.0.0.1 /index.php/Model/Index.html
NOTIC: [8] Use of undefined constant GROUP_NAME - assumed 'GROUP_NAME' G:\jwscms\Application\Admin\Controller\CommonController.class.php 第 39 行.
SQL: SHOW COLUMNS FROM `model` [ RunTime:0.016001s ]
SQL: SELECT * FROM `model`  [ RunTime:0.001000s ]
INFO: [ view_parse ] --START--
INFO: [ template_filter ] --START--
INFO: Run Behavior\ContentReplaceBehavior [ RunTime:0.000000s ]
INFO: [ template_filter ] --END-- [ RunTime:0.000000s ]
NOTIC: [8] Undefined index: username G:\jwscms\Application\Runtime\Cache\Admin\0c3493a7bcb81bde35a375a3203d9761.php 第 24 行.
NOTIC: [8] Undefined index: id G:\jwscms\Application\Runtime\Cache\Admin\0c3493a7bcb81bde35a375a3203d9761.php 第 151 行.
INFO: Run Behavior\ParseTemplateBehavior [ RunTime:0.016001s ]
INFO: [ view_parse ] --END-- [ RunTime:0.016001s ]
INFO: [ view_filter ] --START--
INFO: Run Behavior\WriteHtmlCacheBehavior [ RunTime:0.001000s ]
INFO: [ view_filter ] --END-- [ RunTime:0.001000s ]
INFO: [ app_end ] --START--
INFO: Run Behavior\ShowPageTraceBehavior [ RunTime:0.001000s ]
INFO: [ app_end ] --END-- [ RunTime:0.001000s ]

[ 2015-01-03T14:08:51+08:00 ] 127.0.0.1 /index.php/Model/Edit/id/1.html
NOTIC: [8] Use of undefined constant GROUP_NAME - assumed 'GROUP_NAME' G:\jwscms\Application\Admin\Controller\CommonController.class.php 第 39 行.
NOTIC: [2048] Declaration of Admin\Model\ModelModel::add() should be compatible with that of Think\Model::add() G:\jwscms\Application\Admin\Model\ModelModel.class.php 第 58 行.
SQL: SHOW COLUMNS FROM `model` [ RunTime:0.010001s ]
SQL: SHOW COLUMNS FROM `model` [ RunTime:0.009000s ]
SQL: SELECT * FROM `model` WHERE `model_id` = 1 LIMIT 1   [ RunTime:0.001000s ]
INFO: [ view_parse ] --START--
INFO: [ template_filter ] --START--
INFO: Run Behavior\ContentReplaceBehavior [ RunTime:0.000000s ]
INFO: [ template_filter ] --END-- [ RunTime:0.000000s ]
NOTIC: [8] Undefined index: username G:\jwscms\Application\Runtime\Cache\Admin\fe014711825b00d36273d1f131816f0e.php 第 24 行.
INFO: Run Behavior\ParseTemplateBehavior [ RunTime:0.015001s ]
INFO: [ view_parse ] --END-- [ RunTime:0.015001s ]
INFO: [ view_filter ] --START--
INFO: Run Behavior\WriteHtmlCacheBehavior [ RunTime:0.001000s ]
INFO: [ view_filter ] --END-- [ RunTime:0.001000s ]
INFO: [ app_end ] --START--
INFO: Run Behavior\ShowPageTraceBehavior [ RunTime:0.001000s ]
INFO: [ app_end ] --END-- [ RunTime:0.001000s ]

[ 2015-01-03T14:08:56+08:00 ] 127.0.0.1 /index.php/Model/Edit.html
NOTIC: [8] Use of undefined constant GROUP_NAME - assumed 'GROUP_NAME' G:\jwscms\Application\Admin\Controller\CommonController.class.php 第 39 行.
NOTIC: [2048] Declaration of Admin\Model\ModelModel::add() should be compatible with that of Think\Model::add() G:\jwscms\Application\Admin\Model\ModelModel.class.php 第 58 行.
SQL: SHOW COLUMNS FROM `model` [ RunTime:0.009001s ]
SQL: UPDATE `model` SET `model_name`='新闻',`tpl_channel`='news',`tpl_content`='news',`has_content`=1,`status`=1,`sort`=10 WHERE `model_id` = 1 [ RunTime:0.000000s ]
INFO: [ view_parse ] --START--
INFO: [ template_filter ] --START--
INFO: Run Behavior\ContentReplaceBehavior [ RunTime:0.000000s ]
INFO: [ template_filter ] --END-- [ RunTime:0.000000s ]
INFO: Run Behavior\ParseTemplateBehavior [ RunTime:0.008000s ]
INFO: [ view_parse ] --END-- [ RunTime:0.008000s ]
INFO: [ view_filter ] --START--
INFO: Run Behavior\WriteHtmlCacheBehavior [ RunTime:0.000000s ]
INFO: [ view_filter ] --END-- [ RunTime:0.000000s ]
INFO: [ view_parse ] --START--
INFO: [ template_filter ] --START--
INFO: Run Behavior\ContentReplaceBehavior [ RunTime:0.001000s ]
INFO: [ template_filter ] --END-- [ RunTime:-0.008001s ]
NOTIC: [8] Undefined index: username G:\jwscms\Application\Runtime\Cache\Admin\fe014711825b00d36273d1f131816f0e.php 第 24 行.
NOTIC: [8] Undefined variable: info G:\jwscms\Application\Runtime\Cache\Admin\fe014711825b00d36273d1f131816f0e.php 第 135 行.
NOTIC: [8] Undefined variable: info G:\jwscms\Application\Runtime\Cache\Admin\fe014711825b00d36273d1f131816f0e.php 第 141 行.
NOTIC: [8] Undefined variable: info G:\jwscms\Application\Runtime\Cache\Admin\fe014711825b00d36273d1f131816f0e.php 第 147 行.
NOTIC: [8] Undefined variable: info G:\jwscms\Application\Runtime\Cache\Admin\fe014711825b00d36273d1f131816f0e.php 第 153 行.
NOTIC: [8] Undefined variable: info G:\jwscms\Application\Runtime\Cache\Admin\fe014711825b00d36273d1f131816f0e.php 第 154 行.
NOTIC: [8] Undefined variable: info G:\jwscms\Application\Runtime\Cache\Admin\fe014711825b00d36273d1f131816f0e.php 第 160 行.
NOTIC: [8] Undefined variable: info G:\jwscms\Application\Runtime\Cache\Admin\fe014711825b00d36273d1f131816f0e.php 第 161 行.
NOTIC: [8] Undefined variable: info G:\jwscms\Application\Runtime\Cache\Admin\fe014711825b00d36273d1f131816f0e.php 第 167 行.
NOTIC: [8] Undefined variable: info G:\jwscms\Application\Runtime\Cache\Admin\fe014711825b00d36273d1f131816f0e.php 第 171 行.
INFO: Run Behavior\ParseTemplateBehavior [ RunTime:0.009001s ]
INFO: [ view_parse ] --END-- [ RunTime:-0.001000s ]
INFO: [ view_filter ] --START--
INFO: Run Behavior\WriteHtmlCacheBehavior [ RunTime:0.000000s ]
INFO: [ view_filter ] --END-- [ RunTime:-0.010001s ]
INFO: [ app_end ] --START--
INFO: Run Behavior\ShowPageTraceBehavior [ RunTime:0.001000s ]
INFO: [ app_end ] --END-- [ RunTime:0.001000s ]

[ 2015-01-03T14:08:58+08:00 ] 127.0.0.1 /index.php/Model/Index.html
NOTIC: [8] Use of undefined constant GROUP_NAME - assumed 'GROUP_NAME' G:\jwscms\Application\Admin\Controller\CommonController.class.php 第 39 行.
SQL: SHOW COLUMNS FROM `model` [ RunTime:0.010000s ]
SQL: SELECT * FROM `model`  [ RunTime:0.001000s ]
INFO: [ view_parse ] --START--
INFO: [ template_filter ] --START--
INFO: Run Behavior\ContentReplaceBehavior [ RunTime:0.001000s ]
INFO: [ template_filter ] --END-- [ RunTime:0.001000s ]
NOTIC: [8] Undefined index: username G:\jwscms\Application\Runtime\Cache\Admin\0c3493a7bcb81bde35a375a3203d9761.php 第 24 行.
NOTIC: [8] Undefined index: id G:\jwscms\Application\Runtime\Cache\Admin\0c3493a7bcb81bde35a375a3203d9761.php 第 151 行.
INFO: Run Behavior\ParseTemplateBehavior [ RunTime:0.018001s ]
INFO: [ view_parse ] --END-- [ RunTime:0.018001s ]
INFO: [ view_filter ] --START--
INFO: Run Behavior\WriteHtmlCacheBehavior [ RunTime:0.001001s ]
INFO: [ view_filter ] --END-- [ RunTime:0.001001s ]
INFO: [ app_end ] --START--
INFO: Run Behavior\ShowPageTraceBehavior [ RunTime:0.001000s ]
INFO: [ app_end ] --END-- [ RunTime:0.001000s ]

[ 2015-01-03T14:15:46+08:00 ] 127.0.0.1 /index.php/Model/Index.html
NOTIC: [8] Use of undefined constant GROUP_NAME - assumed 'GROUP_NAME' G:\jwscms\Application\Admin\Controller\CommonController.class.php 第 39 行.
SQL: SHOW COLUMNS FROM `model` [ RunTime:0.009000s ]
SQL: SELECT * FROM `model`  [ RunTime:0.000000s ]
INFO: [ view_parse ] --START--
INFO: [ template_filter ] --START--
INFO: Run Behavior\ContentReplaceBehavior [ RunTime:0.000000s ]
INFO: [ template_filter ] --END-- [ RunTime:0.000000s ]
NOTIC: [8] Undefined index: username G:\jwscms\Application\Runtime\Cache\Admin\0c3493a7bcb81bde35a375a3203d9761.php 第 24 行.
NOTIC: [8] Undefined index: id G:\jwscms\Application\Runtime\Cache\Admin\0c3493a7bcb81bde35a375a3203d9761.php 第 151 行.
INFO: Run Behavior\ParseTemplateBehavior [ RunTime:0.016001s ]
INFO: [ view_parse ] --END-- [ RunTime:0.016001s ]
INFO: [ view_filter ] --START--
INFO: Run Behavior\WriteHtmlCacheBehavior [ RunTime:0.001000s ]
INFO: [ view_filter ] --END-- [ RunTime:0.001000s ]
INFO: [ app_end ] --START--
INFO: Run Behavior\ShowPageTraceBehavior [ RunTime:0.001001s ]
INFO: [ app_end ] --END-- [ RunTime:0.001001s ]

[ 2015-01-03T14:16:17+08:00 ] 127.0.0.1 /index.php/Admin/User/Index.html
ERR: Think\Model:relation方法不存在！

[ 2015-01-03T14:18:56+08:00 ] 127.0.0.1 /index.php/Admin/User/Index.html
ERR: Think\Model:relation方法不存在！

