[ 2015-01-02T00:00:06+08:00 ] 127.0.0.1 /index.php/Admin/Auth/Edit/id/1.html
NOTIC: [8] Use of undefined constant GROUP_NAME - assumed 'GROUP_NAME' G:\jwscms\Application\Admin\Controller\CommonController.class.php 第 39 行.
ERR: 非法操作:Edit

[ 2015-01-02T00:00:36+08:00 ] 127.0.0.1 /index.php/Admin/Auth/Index.html
NOTIC: [8] Use of undefined constant GROUP_NAME - assumed 'GROUP_NAME' G:\jwscms\Application\Admin\Controller\CommonController.class.php 第 39 行.
SQL: SHOW COLUMNS FROM `role` [ RunTime:0.010001s ]
SQL: SELECT * FROM `role`  [ RunTime:0.000000s ]
INFO: [ view_parse ] --START--
INFO: [ template_filter ] --START--
INFO: Run Behavior\ContentReplaceBehavior [ RunTime:0.000000s ]
INFO: [ template_filter ] --END-- [ RunTime:0.000000s ]
NOTIC: [8] Undefined index: username G:\jwscms\Application\Runtime\Cache\Admin\7a6f44520688489d1b948e59cdab957c.php 第 24 行.
INFO: Run Behavior\ParseTemplateBehavior [ RunTime:0.016001s ]
INFO: [ view_parse ] --END-- [ RunTime:0.016001s ]
INFO: [ view_filter ] --START--
INFO: Run Behavior\WriteHtmlCacheBehavior [ RunTime:0.001000s ]
INFO: [ view_filter ] --END-- [ RunTime:0.001000s ]
INFO: [ app_end ] --START--
INFO: Run Behavior\ShowPageTraceBehavior [ RunTime:0.001000s ]
INFO: [ app_end ] --END-- [ RunTime:0.001000s ]

[ 2015-01-02T00:00:40+08:00 ] 127.0.0.1 /index.php/Admin/Config/Index.html
NOTIC: [8] Use of undefined constant GROUP_NAME - assumed 'GROUP_NAME' G:\jwscms\Application\Admin\Controller\CommonController.class.php 第 39 行.
SQL: SHOW COLUMNS FROM `config` [ RunTime:0.016001s ]
SQL: SELECT * FROM `config` WHERE `group` = 1  [ RunTime:0.001000s ]
INFO: [ view_parse ] --START--
INFO: [ template_filter ] --START--
INFO: Run Behavior\ContentReplaceBehavior [ RunTime:0.000000s ]
INFO: [ template_filter ] --END-- [ RunTime:0.000000s ]
NOTIC: [8] Undefined index: username G:\jwscms\Application\Runtime\Cache\Admin\441556474436b78b9c5ceb0e8a01ca8e.php 第 24 行.
INFO: Run Behavior\ParseTemplateBehavior [ RunTime:0.017001s ]
INFO: [ view_parse ] --END-- [ RunTime:0.018001s ]
INFO: [ view_filter ] --START--
INFO: Run Behavior\WriteHtmlCacheBehavior [ RunTime:0.000000s ]
INFO: [ view_filter ] --END-- [ RunTime:0.000000s ]
INFO: [ app_end ] --START--
INFO: Run Behavior\ShowPageTraceBehavior [ RunTime:0.000000s ]
INFO: [ app_end ] --END-- [ RunTime:0.000000s ]

[ 2015-01-02T00:00:44+08:00 ] 127.0.0.1 /index.php/Admin/Auth/Index.html
NOTIC: [8] Use of undefined constant GROUP_NAME - assumed 'GROUP_NAME' G:\jwscms\Application\Admin\Controller\CommonController.class.php 第 39 行.
SQL: SHOW COLUMNS FROM `role` [ RunTime:0.009000s ]
SQL: SELECT * FROM `role`  [ RunTime:0.001000s ]
INFO: [ view_parse ] --START--
INFO: [ template_filter ] --START--
INFO: Run Behavior\ContentReplaceBehavior [ RunTime:0.000000s ]
INFO: [ template_filter ] --END-- [ RunTime:0.000000s ]
NOTIC: [8] Undefined index: username G:\jwscms\Application\Runtime\Cache\Admin\7a6f44520688489d1b948e59cdab957c.php 第 24 行.
INFO: Run Behavior\ParseTemplateBehavior [ RunTime:0.015001s ]
INFO: [ view_parse ] --END-- [ RunTime:0.015001s ]
INFO: [ view_filter ] --START--
INFO: Run Behavior\WriteHtmlCacheBehavior [ RunTime:0.000000s ]
INFO: [ view_filter ] --END-- [ RunTime:0.001000s ]
INFO: [ app_end ] --START--
INFO: Run Behavior\ShowPageTraceBehavior [ RunTime:0.001000s ]
INFO: [ app_end ] --END-- [ RunTime:0.001000s ]

[ 2015-01-02T00:00:49+08:00 ] 127.0.0.1 /index.php/Admin/Config/Index.html
NOTIC: [8] Use of undefined constant GROUP_NAME - assumed 'GROUP_NAME' G:\jwscms\Application\Admin\Controller\CommonController.class.php 第 39 行.
SQL: SHOW COLUMNS FROM `config` [ RunTime:0.010001s ]
SQL: SELECT * FROM `config` WHERE `group` = 1  [ RunTime:0.001000s ]
INFO: [ view_parse ] --START--
INFO: [ template_filter ] --START--
INFO: Run Behavior\ContentReplaceBehavior [ RunTime:0.001000s ]
INFO: [ template_filter ] --END-- [ RunTime:0.001000s ]
NOTIC: [8] Undefined index: username G:\jwscms\Application\Runtime\Cache\Admin\441556474436b78b9c5ceb0e8a01ca8e.php 第 24 行.
INFO: Run Behavior\ParseTemplateBehavior [ RunTime:0.019001s ]
INFO: [ view_parse ] --END-- [ RunTime:0.019001s ]
INFO: [ view_filter ] --START--
INFO: Run Behavior\WriteHtmlCacheBehavior [ RunTime:0.001000s ]
INFO: [ view_filter ] --END-- [ RunTime:0.001000s ]
INFO: [ app_end ] --START--
INFO: Run Behavior\ShowPageTraceBehavior [ RunTime:0.001000s ]
INFO: [ app_end ] --END-- [ RunTime:0.001000s ]

[ 2015-01-02T00:18:13+08:00 ] 127.0.0.1 /index.php/Admin/Auth/Index.html
NOTIC: [8] Use of undefined constant GROUP_NAME - assumed 'GROUP_NAME' G:\jwscms\Application\Admin\Controller\CommonController.class.php 第 39 行.
SQL: SHOW COLUMNS FROM `role` [ RunTime:0.016001s ]
SQL: SELECT * FROM `role`  [ RunTime:0.000000s ]
INFO: [ view_parse ] --START--
INFO: [ template_filter ] --START--
INFO: Run Behavior\ContentReplaceBehavior [ RunTime:0.000000s ]
INFO: [ template_filter ] --END-- [ RunTime:0.001000s ]
NOTIC: [8] Undefined index: username G:\jwscms\Application\Runtime\Cache\Admin\7a6f44520688489d1b948e59cdab957c.php 第 24 行.
INFO: Run Behavior\ParseTemplateBehavior [ RunTime:0.016001s ]
INFO: [ view_parse ] --END-- [ RunTime:0.016001s ]
INFO: [ view_filter ] --START--
INFO: Run Behavior\WriteHtmlCacheBehavior [ RunTime:0.001000s ]
INFO: [ view_filter ] --END-- [ RunTime:0.001000s ]
INFO: [ app_end ] --START--
INFO: Run Behavior\ShowPageTraceBehavior [ RunTime:0.001000s ]
INFO: [ app_end ] --END-- [ RunTime:0.001000s ]

[ 2015-01-02T00:18:19+08:00 ] 127.0.0.1 /index.php/Admin/Auth/Edit/id/2.html
NOTIC: [8] Use of undefined constant GROUP_NAME - assumed 'GROUP_NAME' G:\jwscms\Application\Admin\Controller\CommonController.class.php 第 39 行.
SQL: SHOW COLUMNS FROM `auth` [ RunTime:0.015001s ]
ERR: 1146:Table 'jwscms.auth' doesn't exist
 [ SQL语句 ] : SHOW COLUMNS FROM `auth`
SQL: SHOW COLUMNS FROM `role` [ RunTime:0.010000s ]
SQL: SELECT * FROM `role` WHERE `id` = 2 LIMIT 1   [ RunTime:0.001000s ]
INFO: [ app_end ] --START--
INFO: Run Behavior\ShowPageTraceBehavior [ RunTime:0.001000s ]
INFO: [ app_end ] --END-- [ RunTime:0.001000s ]

[ 2015-01-02T00:18:53+08:00 ] 127.0.0.1 /index.php/Admin/Auth/Edit/id/2.html
NOTIC: [8] Use of undefined constant GROUP_NAME - assumed 'GROUP_NAME' G:\jwscms\Application\Admin\Controller\CommonController.class.php 第 39 行.
SQL: SHOW COLUMNS FROM `auth` [ RunTime:0.011000s ]
ERR: 1146:Table 'jwscms.auth' doesn't exist
 [ SQL语句 ] : SHOW COLUMNS FROM `auth`
SQL: SHOW COLUMNS FROM `role` [ RunTime:0.009001s ]
SQL: SELECT * FROM `role` WHERE `id` = 2 LIMIT 1   [ RunTime:0.000000s ]
INFO: [ view_parse ] --START--
NOTIC: [2] simplexml_load_string() [<a href='function.simplexml-load-string'>function.simplexml-load-string</a>]: Entity: line 2: parser error : error parsing attribute name G:\jwscms\ThinkPHP\Library\Think\Template\TagLib.class.php 第 80 行.
NOTIC: [2] simplexml_load_string() [<a href='function.simplexml-load-string'>function.simplexml-load-string</a>]:                                               'status'] == 1&quot; checked=&quot;checked&quot;  G:\jwscms\ThinkPHP\Library\Think\Template\TagLib.class.php 第 80 行.
NOTIC: [2] simplexml_load_string() [<a href='function.simplexml-load-string'>function.simplexml-load-string</a>]:                                                                                ^ G:\jwscms\ThinkPHP\Library\Think\Template\TagLib.class.php 第 80 行.
NOTIC: [2] simplexml_load_string() [<a href='function.simplexml-load-string'>function.simplexml-load-string</a>]: Entity: line 2: parser error : attributes construct error G:\jwscms\ThinkPHP\Library\Think\Template\TagLib.class.php 第 80 行.
NOTIC: [2] simplexml_load_string() [<a href='function.simplexml-load-string'>function.simplexml-load-string</a>]:                                               'status'] == 1&quot; checked=&quot;checked&quot;  G:\jwscms\ThinkPHP\Library\Think\Template\TagLib.class.php 第 80 行.
NOTIC: [2] simplexml_load_string() [<a href='function.simplexml-load-string'>function.simplexml-load-string</a>]:                                                                                ^ G:\jwscms\ThinkPHP\Library\Think\Template\TagLib.class.php 第 80 行.
NOTIC: [2] simplexml_load_string() [<a href='function.simplexml-load-string'>function.simplexml-load-string</a>]: Entity: line 2: parser error : Couldn't find end of Start Tag tag line 1 G:\jwscms\ThinkPHP\Library\Think\Template\TagLib.class.php 第 80 行.
NOTIC: [2] simplexml_load_string() [<a href='function.simplexml-load-string'>function.simplexml-load-string</a>]:                                               'status'] == 1&quot; checked=&quot;checked&quot;  G:\jwscms\ThinkPHP\Library\Think\Template\TagLib.class.php 第 80 行.
NOTIC: [2] simplexml_load_string() [<a href='function.simplexml-load-string'>function.simplexml-load-string</a>]:                                                                                ^ G:\jwscms\ThinkPHP\Library\Think\Template\TagLib.class.php 第 80 行.
NOTIC: [2] simplexml_load_string() [<a href='function.simplexml-load-string'>function.simplexml-load-string</a>]: Entity: line 2: parser error : expected '&gt;' G:\jwscms\ThinkPHP\Library\Think\Template\TagLib.class.php 第 80 行.
NOTIC: [2] simplexml_load_string() [<a href='function.simplexml-load-string'>function.simplexml-load-string</a>]:                                          'status'] == 1&quot; checked=&quot;checked&quot; &lt;/if  G:\jwscms\ThinkPHP\Library\Think\Template\TagLib.class.php 第 80 行.
NOTIC: [2] simplexml_load_string() [<a href='function.simplexml-load-string'>function.simplexml-load-string</a>]:                                                                                ^ G:\jwscms\ThinkPHP\Library\Think\Template\TagLib.class.php 第 80 行.
NOTIC: [2] simplexml_load_string() [<a href='function.simplexml-load-string'>function.simplexml-load-string</a>]: Entity: line 2: parser error : Opening and ending tag mismatch: tpl line 1 and if G:\jwscms\ThinkPHP\Library\Think\Template\TagLib.class.php 第 80 行.
NOTIC: [2] simplexml_load_string() [<a href='function.simplexml-load-string'>function.simplexml-load-string</a>]:                                          'status'] == 1&quot; checked=&quot;checked&quot; &lt;/if  G:\jwscms\ThinkPHP\Library\Think\Template\TagLib.class.php 第 80 行.
NOTIC: [2] simplexml_load_string() [<a href='function.simplexml-load-string'>function.simplexml-load-string</a>]:                                                                                ^ G:\jwscms\ThinkPHP\Library\Think\Template\TagLib.class.php 第 80 行.
NOTIC: [2] simplexml_load_string() [<a href='function.simplexml-load-string'>function.simplexml-load-string</a>]: Entity: line 2: parser error : Extra content at the end of the document G:\jwscms\ThinkPHP\Library\Think\Template\TagLib.class.php 第 80 行.
NOTIC: [2] simplexml_load_string() [<a href='function.simplexml-load-string'>function.simplexml-load-string</a>]:                                          'status'] == 1&quot; checked=&quot;checked&quot; &lt;/if  G:\jwscms\ThinkPHP\Library\Think\Template\TagLib.class.php 第 80 行.
NOTIC: [2] simplexml_load_string() [<a href='function.simplexml-load-string'>function.simplexml-load-string</a>]:                                                                                ^ G:\jwscms\ThinkPHP\Library\Think\Template\TagLib.class.php 第 80 行.
ERR: XML标签语法错误 : condition="$info[
                                              'status'] == 1" checked="checked" </if

[ 2015-01-02T00:19:32+08:00 ] 127.0.0.1 /index.php/Admin/Auth/Edit/id/2.html
NOTIC: [8] Use of undefined constant GROUP_NAME - assumed 'GROUP_NAME' G:\jwscms\Application\Admin\Controller\CommonController.class.php 第 39 行.
SQL: SHOW COLUMNS FROM `auth` [ RunTime:0.013001s ]
ERR: 1146:Table 'jwscms.auth' doesn't exist
 [ SQL语句 ] : SHOW COLUMNS FROM `auth`
SQL: SHOW COLUMNS FROM `role` [ RunTime:0.009001s ]
SQL: SELECT * FROM `role` WHERE `id` = 2 LIMIT 1   [ RunTime:0.001000s ]
INFO: [ view_parse ] --START--
NOTIC: [2] simplexml_load_string() [<a href='function.simplexml-load-string'>function.simplexml-load-string</a>]: Entity: line 2: parser error : error parsing attribute name G:\jwscms\ThinkPHP\Library\Think\Template\TagLib.class.php 第 80 行.
NOTIC: [2] simplexml_load_string() [<a href='function.simplexml-load-string'>function.simplexml-load-string</a>]:                                               'status'] eq 1&quot; checked=&quot;checked&quot;  G:\jwscms\ThinkPHP\Library\Think\Template\TagLib.class.php 第 80 行.
NOTIC: [2] simplexml_load_string() [<a href='function.simplexml-load-string'>function.simplexml-load-string</a>]:                                                                                ^ G:\jwscms\ThinkPHP\Library\Think\Template\TagLib.class.php 第 80 行.
NOTIC: [2] simplexml_load_string() [<a href='function.simplexml-load-string'>function.simplexml-load-string</a>]: Entity: line 2: parser error : attributes construct error G:\jwscms\ThinkPHP\Library\Think\Template\TagLib.class.php 第 80 行.
NOTIC: [2] simplexml_load_string() [<a href='function.simplexml-load-string'>function.simplexml-load-string</a>]:                                               'status'] eq 1&quot; checked=&quot;checked&quot;  G:\jwscms\ThinkPHP\Library\Think\Template\TagLib.class.php 第 80 行.
NOTIC: [2] simplexml_load_string() [<a href='function.simplexml-load-string'>function.simplexml-load-string</a>]:                                                                                ^ G:\jwscms\ThinkPHP\Library\Think\Template\TagLib.class.php 第 80 行.
NOTIC: [2] simplexml_load_string() [<a href='function.simplexml-load-string'>function.simplexml-load-string</a>]: Entity: line 2: parser error : Couldn't find end of Start Tag tag line 1 G:\jwscms\ThinkPHP\Library\Think\Template\TagLib.class.php 第 80 行.
NOTIC: [2] simplexml_load_string() [<a href='function.simplexml-load-string'>function.simplexml-load-string</a>]:                                               'status'] eq 1&quot; checked=&quot;checked&quot;  G:\jwscms\ThinkPHP\Library\Think\Template\TagLib.class.php 第 80 行.
NOTIC: [2] simplexml_load_string() [<a href='function.simplexml-load-string'>function.simplexml-load-string</a>]:                                                                                ^ G:\jwscms\ThinkPHP\Library\Think\Template\TagLib.class.php 第 80 行.
NOTIC: [2] simplexml_load_string() [<a href='function.simplexml-load-string'>function.simplexml-load-string</a>]: Entity: line 2: parser error : expected '&gt;' G:\jwscms\ThinkPHP\Library\Think\Template\TagLib.class.php 第 80 行.
NOTIC: [2] simplexml_load_string() [<a href='function.simplexml-load-string'>function.simplexml-load-string</a>]:                                          'status'] eq 1&quot; checked=&quot;checked&quot; &lt;/if  G:\jwscms\ThinkPHP\Library\Think\Template\TagLib.class.php 第 80 行.
NOTIC: [2] simplexml_load_string() [<a href='function.simplexml-load-string'>function.simplexml-load-string</a>]:                                                                                ^ G:\jwscms\ThinkPHP\Library\Think\Template\TagLib.class.php 第 80 行.
NOTIC: [2] simplexml_load_string() [<a href='function.simplexml-load-string'>function.simplexml-load-string</a>]: Entity: line 2: parser error : Opening and ending tag mismatch: tpl line 1 and if G:\jwscms\ThinkPHP\Library\Think\Template\TagLib.class.php 第 80 行.
NOTIC: [2] simplexml_load_string() [<a href='function.simplexml-load-string'>function.simplexml-load-string</a>]:                                          'status'] eq 1&quot; checked=&quot;checked&quot; &lt;/if  G:\jwscms\ThinkPHP\Library\Think\Template\TagLib.class.php 第 80 行.
NOTIC: [2] simplexml_load_string() [<a href='function.simplexml-load-string'>function.simplexml-load-string</a>]:                                                                                ^ G:\jwscms\ThinkPHP\Library\Think\Template\TagLib.class.php 第 80 行.
NOTIC: [2] simplexml_load_string() [<a href='function.simplexml-load-string'>function.simplexml-load-string</a>]: Entity: line 2: parser error : Extra content at the end of the document G:\jwscms\ThinkPHP\Library\Think\Template\TagLib.class.php 第 80 行.
NOTIC: [2] simplexml_load_string() [<a href='function.simplexml-load-string'>function.simplexml-load-string</a>]:                                          'status'] eq 1&quot; checked=&quot;checked&quot; &lt;/if  G:\jwscms\ThinkPHP\Library\Think\Template\TagLib.class.php 第 80 行.
NOTIC: [2] simplexml_load_string() [<a href='function.simplexml-load-string'>function.simplexml-load-string</a>]:                                                                                ^ G:\jwscms\ThinkPHP\Library\Think\Template\TagLib.class.php 第 80 行.
ERR: XML标签语法错误 : condition="$info[
                                              'status'] eq 1" checked="checked" </if

[ 2015-01-02T00:20:14+08:00 ] 127.0.0.1 /index.php/Admin/Auth/Edit/id/2.html
NOTIC: [8] Use of undefined constant GROUP_NAME - assumed 'GROUP_NAME' G:\jwscms\Application\Admin\Controller\CommonController.class.php 第 39 行.
SQL: SHOW COLUMNS FROM `auth` [ RunTime:0.014000s ]
ERR: 1146:Table 'jwscms.auth' doesn't exist
 [ SQL语句 ] : SHOW COLUMNS FROM `auth`
SQL: SHOW COLUMNS FROM `role` [ RunTime:0.011000s ]
SQL: SELECT * FROM `role` WHERE `id` = 2 LIMIT 1   [ RunTime:0.001000s ]
INFO: [ view_parse ] --START--
NOTIC: [2] simplexml_load_string() [<a href='function.simplexml-load-string'>function.simplexml-load-string</a>]: Entity: line 2: parser error : error parsing attribute name G:\jwscms\ThinkPHP\Library\Think\Template\TagLib.class.php 第 80 行.
NOTIC: [2] simplexml_load_string() [<a href='function.simplexml-load-string'>function.simplexml-load-string</a>]:                                              'status'] eq 1)&quot; checked=&quot;checked&quot;  G:\jwscms\ThinkPHP\Library\Think\Template\TagLib.class.php 第 80 行.
NOTIC: [2] simplexml_load_string() [<a href='function.simplexml-load-string'>function.simplexml-load-string</a>]:                                                                                ^ G:\jwscms\ThinkPHP\Library\Think\Template\TagLib.class.php 第 80 行.
NOTIC: [2] simplexml_load_string() [<a href='function.simplexml-load-string'>function.simplexml-load-string</a>]: Entity: line 2: parser error : attributes construct error G:\jwscms\ThinkPHP\Library\Think\Template\TagLib.class.php 第 80 行.
NOTIC: [2] simplexml_load_string() [<a href='function.simplexml-load-string'>function.simplexml-load-string</a>]:                                              'status'] eq 1)&quot; checked=&quot;checked&quot;  G:\jwscms\ThinkPHP\Library\Think\Template\TagLib.class.php 第 80 行.
NOTIC: [2] simplexml_load_string() [<a href='function.simplexml-load-string'>function.simplexml-load-string</a>]:                                                                                ^ G:\jwscms\ThinkPHP\Library\Think\Template\TagLib.class.php 第 80 行.
NOTIC: [2] simplexml_load_string() [<a href='function.simplexml-load-string'>function.simplexml-load-string</a>]: Entity: line 2: parser error : Couldn't find end of Start Tag tag line 1 G:\jwscms\ThinkPHP\Library\Think\Template\TagLib.class.php 第 80 行.
NOTIC: [2] simplexml_load_string() [<a href='function.simplexml-load-string'>function.simplexml-load-string</a>]:                                              'status'] eq 1)&quot; checked=&quot;checked&quot;  G:\jwscms\ThinkPHP\Library\Think\Template\TagLib.class.php 第 80 行.
NOTIC: [2] simplexml_load_string() [<a href='function.simplexml-load-string'>function.simplexml-load-string</a>]:                                                                                ^ G:\jwscms\ThinkPHP\Library\Think\Template\TagLib.class.php 第 80 行.
NOTIC: [2] simplexml_load_string() [<a href='function.simplexml-load-string'>function.simplexml-load-string</a>]: Entity: line 2: parser error : expected '&gt;' G:\jwscms\ThinkPHP\Library\Think\Template\TagLib.class.php 第 80 行.
NOTIC: [2] simplexml_load_string() [<a href='function.simplexml-load-string'>function.simplexml-load-string</a>]:                                         'status'] eq 1)&quot; checked=&quot;checked&quot; &lt;/if  G:\jwscms\ThinkPHP\Library\Think\Template\TagLib.class.php 第 80 行.
NOTIC: [2] simplexml_load_string() [<a href='function.simplexml-load-string'>function.simplexml-load-string</a>]:                                                                                ^ G:\jwscms\ThinkPHP\Library\Think\Template\TagLib.class.php 第 80 行.
NOTIC: [2] simplexml_load_string() [<a href='function.simplexml-load-string'>function.simplexml-load-string</a>]: Entity: line 2: parser error : Opening and ending tag mismatch: tpl line 1 and if G:\jwscms\ThinkPHP\Library\Think\Template\TagLib.class.php 第 80 行.
NOTIC: [2] simplexml_load_string() [<a href='function.simplexml-load-string'>function.simplexml-load-string</a>]:                                         'status'] eq 1)&quot; checked=&quot;checked&quot; &lt;/if  G:\jwscms\ThinkPHP\Library\Think\Template\TagLib.class.php 第 80 行.
NOTIC: [2] simplexml_load_string() [<a href='function.simplexml-load-string'>function.simplexml-load-string</a>]:                                                                                ^ G:\jwscms\ThinkPHP\Library\Think\Template\TagLib.class.php 第 80 行.
NOTIC: [2] simplexml_load_string() [<a href='function.simplexml-load-string'>function.simplexml-load-string</a>]: Entity: line 2: parser error : Extra content at the end of the document G:\jwscms\ThinkPHP\Library\Think\Template\TagLib.class.php 第 80 行.
NOTIC: [2] simplexml_load_string() [<a href='function.simplexml-load-string'>function.simplexml-load-string</a>]:                                         'status'] eq 1)&quot; checked=&quot;checked&quot; &lt;/if  G:\jwscms\ThinkPHP\Library\Think\Template\TagLib.class.php 第 80 行.
NOTIC: [2] simplexml_load_string() [<a href='function.simplexml-load-string'>function.simplexml-load-string</a>]:                                                                                ^ G:\jwscms\ThinkPHP\Library\Think\Template\TagLib.class.php 第 80 行.
ERR: XML标签语法错误 : condition="($info[
                                              'status'] eq 1)" checked="checked" </if

[ 2015-01-02T00:21:19+08:00 ] 127.0.0.1 /index.php/Admin/Auth/Edit/id/2.html
NOTIC: [8] Use of undefined constant GROUP_NAME - assumed 'GROUP_NAME' G:\jwscms\Application\Admin\Controller\CommonController.class.php 第 39 行.
SQL: SHOW COLUMNS FROM `auth` [ RunTime:0.013001s ]
ERR: 1146:Table 'jwscms.auth' doesn't exist
 [ SQL语句 ] : SHOW COLUMNS FROM `auth`
SQL: SHOW COLUMNS FROM `role` [ RunTime:0.009001s ]
SQL: SELECT * FROM `role` WHERE `id` = 2 LIMIT 1   [ RunTime:0.001000s ]
INFO: [ view_parse ] --START--
INFO: [ template_filter ] --START--
INFO: Run Behavior\ContentReplaceBehavior [ RunTime:0.000000s ]
INFO: [ template_filter ] --END-- [ RunTime:0.000000s ]
NOTIC: [8] Undefined index: username G:\jwscms\Application\Runtime\Cache\Admin\a616f3334443552b2d5ddad0afd4d5fe.php 第 24 行.
NOTIC: [8] Undefined variable: meta_title G:\jwscms\Application\Runtime\Cache\Admin\a616f3334443552b2d5ddad0afd4d5fe.php 第 117 行.
NOTIC: [8] Undefined variable: meta_title G:\jwscms\Application\Runtime\Cache\Admin\a616f3334443552b2d5ddad0afd4d5fe.php 第 124 行.
INFO: Run Behavior\ParseTemplateBehavior [ RunTime:0.098005s ]
INFO: [ view_parse ] --END-- [ RunTime:0.098005s ]
INFO: [ view_filter ] --START--
INFO: Run Behavior\WriteHtmlCacheBehavior [ RunTime:0.001001s ]
INFO: [ view_filter ] --END-- [ RunTime:0.001001s ]
INFO: [ app_end ] --START--
INFO: Run Behavior\ShowPageTraceBehavior [ RunTime:0.001000s ]
INFO: [ app_end ] --END-- [ RunTime:0.002000s ]

[ 2015-01-02T00:21:53+08:00 ] 127.0.0.1 /index.php/Admin/Auth/Edit/id/2.html
NOTIC: [8] Use of undefined constant GROUP_NAME - assumed 'GROUP_NAME' G:\jwscms\Application\Admin\Controller\CommonController.class.php 第 39 行.
SQL: SHOW COLUMNS FROM `auth` [ RunTime:0.014001s ]
ERR: 1146:Table 'jwscms.auth' doesn't exist
 [ SQL语句 ] : SHOW COLUMNS FROM `auth`
SQL: SHOW COLUMNS FROM `role` [ RunTime:0.012001s ]
SQL: SELECT * FROM `role` WHERE `id` = 2 LIMIT 1   [ RunTime:0.000000s ]
INFO: [ view_parse ] --START--
INFO: [ template_filter ] --START--
INFO: Run Behavior\ContentReplaceBehavior [ RunTime:0.001000s ]
INFO: [ template_filter ] --END-- [ RunTime:0.001000s ]
NOTIC: [8] Undefined index: username G:\jwscms\Application\Runtime\Cache\Admin\a616f3334443552b2d5ddad0afd4d5fe.php 第 24 行.
NOTIC: [8] Undefined variable: meta_title G:\jwscms\Application\Runtime\Cache\Admin\a616f3334443552b2d5ddad0afd4d5fe.php 第 117 行.
NOTIC: [8] Undefined variable: meta_title G:\jwscms\Application\Runtime\Cache\Admin\a616f3334443552b2d5ddad0afd4d5fe.php 第 124 行.
INFO: Run Behavior\ParseTemplateBehavior [ RunTime:0.015000s ]
INFO: [ view_parse ] --END-- [ RunTime:0.015000s ]
INFO: [ view_filter ] --START--
INFO: Run Behavior\WriteHtmlCacheBehavior [ RunTime:0.001000s ]
INFO: [ view_filter ] --END-- [ RunTime:0.001000s ]
INFO: [ app_end ] --START--
INFO: Run Behavior\ShowPageTraceBehavior [ RunTime:0.001000s ]
INFO: [ app_end ] --END-- [ RunTime:0.002001s ]

[ 2015-01-02T00:22:01+08:00 ] 127.0.0.1 /index.php/Auth/Edit.html
NOTIC: [8] Use of undefined constant GROUP_NAME - assumed 'GROUP_NAME' G:\jwscms\Application\Admin\Controller\CommonController.class.php 第 39 行.
INFO: [ view_parse ] --START--
INFO: [ template_filter ] --START--
INFO: Run Behavior\ContentReplaceBehavior [ RunTime:0.000000s ]
INFO: [ template_filter ] --END-- [ RunTime:0.000000s ]
NOTIC: [8] Undefined index: username G:\jwscms\Application\Runtime\Cache\Admin\a616f3334443552b2d5ddad0afd4d5fe.php 第 24 行.
NOTIC: [8] Undefined variable: meta_title G:\jwscms\Application\Runtime\Cache\Admin\a616f3334443552b2d5ddad0afd4d5fe.php 第 117 行.
NOTIC: [8] Undefined variable: meta_title G:\jwscms\Application\Runtime\Cache\Admin\a616f3334443552b2d5ddad0afd4d5fe.php 第 124 行.
NOTIC: [8] Undefined variable: info G:\jwscms\Application\Runtime\Cache\Admin\a616f3334443552b2d5ddad0afd4d5fe.php 第 146 行.
NOTIC: [8] Undefined variable: info G:\jwscms\Application\Runtime\Cache\Admin\a616f3334443552b2d5ddad0afd4d5fe.php 第 147 行.
NOTIC: [8] Undefined variable: info G:\jwscms\Application\Runtime\Cache\Admin\a616f3334443552b2d5ddad0afd4d5fe.php 第 150 行.
INFO: Run Behavior\ParseTemplateBehavior [ RunTime:0.019001s ]
INFO: [ view_parse ] --END-- [ RunTime:0.019001s ]
INFO: [ view_filter ] --START--
INFO: Run Behavior\WriteHtmlCacheBehavior [ RunTime:0.001000s ]
INFO: [ view_filter ] --END-- [ RunTime:0.001000s ]
INFO: [ app_end ] --START--
INFO: Run Behavior\ShowPageTraceBehavior [ RunTime:0.001000s ]
INFO: [ app_end ] --END-- [ RunTime:0.001000s ]

[ 2015-01-02T00:30:54+08:00 ] 127.0.0.1 /index.php/Admin/Auth/Edit/id/2.html
NOTIC: [8] Use of undefined constant GROUP_NAME - assumed 'GROUP_NAME' G:\jwscms\Application\Admin\Controller\CommonController.class.php 第 39 行.
SQL: SHOW COLUMNS FROM `auth` [ RunTime:0.014001s ]
ERR: 1146:Table 'jwscms.auth' doesn't exist
 [ SQL语句 ] : SHOW COLUMNS FROM `auth`
SQL: SHOW COLUMNS FROM `role` [ RunTime:0.013000s ]
SQL: SELECT * FROM `role` WHERE `id` = 2 LIMIT 1   [ RunTime:0.001000s ]
INFO: [ view_parse ] --START--
INFO: [ template_filter ] --START--
INFO: Run Behavior\ContentReplaceBehavior [ RunTime:0.000000s ]
INFO: [ template_filter ] --END-- [ RunTime:0.000000s ]
NOTIC: [8] Undefined index: username G:\jwscms\Application\Runtime\Cache\Admin\a616f3334443552b2d5ddad0afd4d5fe.php 第 24 行.
NOTIC: [8] Undefined variable: meta_title G:\jwscms\Application\Runtime\Cache\Admin\a616f3334443552b2d5ddad0afd4d5fe.php 第 117 行.
NOTIC: [8] Undefined variable: meta_title G:\jwscms\Application\Runtime\Cache\Admin\a616f3334443552b2d5ddad0afd4d5fe.php 第 124 行.
INFO: Run Behavior\ParseTemplateBehavior [ RunTime:0.016000s ]
INFO: [ view_parse ] --END-- [ RunTime:0.016000s ]
INFO: [ view_filter ] --START--
INFO: Run Behavior\WriteHtmlCacheBehavior [ RunTime:0.001001s ]
INFO: [ view_filter ] --END-- [ RunTime:0.001001s ]
INFO: [ app_end ] --START--
INFO: Run Behavior\ShowPageTraceBehavior [ RunTime:0.001000s ]
INFO: [ app_end ] --END-- [ RunTime:0.001000s ]

[ 2015-01-02T00:30:57+08:00 ] 127.0.0.1 /index.php/Admin/Auth/Edit/id/2.html
NOTIC: [8] Use of undefined constant GROUP_NAME - assumed 'GROUP_NAME' G:\jwscms\Application\Admin\Controller\CommonController.class.php 第 39 行.
SQL: SHOW COLUMNS FROM `auth` [ RunTime:0.014001s ]
ERR: 1146:Table 'jwscms.auth' doesn't exist
 [ SQL语句 ] : SHOW COLUMNS FROM `auth`
SQL: SHOW COLUMNS FROM `role` [ RunTime:0.011000s ]
SQL: SELECT * FROM `role` WHERE `id` = 2 LIMIT 1   [ RunTime:0.001000s ]
INFO: [ view_parse ] --START--
INFO: [ template_filter ] --START--
INFO: Run Behavior\ContentReplaceBehavior [ RunTime:0.000000s ]
INFO: [ template_filter ] --END-- [ RunTime:0.000000s ]
NOTIC: [8] Undefined index: username G:\jwscms\Application\Runtime\Cache\Admin\a616f3334443552b2d5ddad0afd4d5fe.php 第 24 行.
NOTIC: [8] Undefined variable: meta_title G:\jwscms\Application\Runtime\Cache\Admin\a616f3334443552b2d5ddad0afd4d5fe.php 第 117 行.
NOTIC: [8] Undefined variable: meta_title G:\jwscms\Application\Runtime\Cache\Admin\a616f3334443552b2d5ddad0afd4d5fe.php 第 124 行.
INFO: Run Behavior\ParseTemplateBehavior [ RunTime:0.015001s ]
INFO: [ view_parse ] --END-- [ RunTime:0.015001s ]
INFO: [ view_filter ] --START--
INFO: Run Behavior\WriteHtmlCacheBehavior [ RunTime:0.001000s ]
INFO: [ view_filter ] --END-- [ RunTime:0.001000s ]
INFO: [ app_end ] --START--
INFO: Run Behavior\ShowPageTraceBehavior [ RunTime:0.001000s ]
INFO: [ app_end ] --END-- [ RunTime:0.001000s ]

[ 2015-01-02T00:31:00+08:00 ] 127.0.0.1 /index.php/Auth/Edit.html
NOTIC: [8] Use of undefined constant GROUP_NAME - assumed 'GROUP_NAME' G:\jwscms\Application\Admin\Controller\CommonController.class.php 第 39 行.
SQL: SHOW COLUMNS FROM `auth` [ RunTime:0.013001s ]
ERR: 1146:Table 'jwscms.auth' doesn't exist
 [ SQL语句 ] : SHOW COLUMNS FROM `auth`
INFO: [ view_parse ] --START--
INFO: [ template_filter ] --START--
INFO: Run Behavior\ContentReplaceBehavior [ RunTime:0.000000s ]
INFO: [ template_filter ] --END-- [ RunTime:0.000000s ]
INFO: Run Behavior\ParseTemplateBehavior [ RunTime:0.009000s ]
INFO: [ view_parse ] --END-- [ RunTime:0.009000s ]
INFO: [ view_filter ] --START--
INFO: Run Behavior\WriteHtmlCacheBehavior [ RunTime:0.000000s ]
INFO: [ view_filter ] --END-- [ RunTime:0.000000s ]

[ 2015-01-02T00:31:08+08:00 ] 127.0.0.1 /index.php/Admin/Auth/Edit/id/2.html
NOTIC: [8] Use of undefined constant GROUP_NAME - assumed 'GROUP_NAME' G:\jwscms\Application\Admin\Controller\CommonController.class.php 第 39 行.
SQL: SHOW COLUMNS FROM `auth` [ RunTime:0.010001s ]
ERR: 1146:Table 'jwscms.auth' doesn't exist
 [ SQL语句 ] : SHOW COLUMNS FROM `auth`
SQL: SHOW COLUMNS FROM `role` [ RunTime:0.011001s ]
SQL: SELECT * FROM `role` WHERE `id` = 2 LIMIT 1   [ RunTime:0.001000s ]
INFO: [ view_parse ] --START--
INFO: [ template_filter ] --START--
INFO: Run Behavior\ContentReplaceBehavior [ RunTime:0.000000s ]
INFO: [ template_filter ] --END-- [ RunTime:0.000000s ]
NOTIC: [8] Undefined index: username G:\jwscms\Application\Runtime\Cache\Admin\a616f3334443552b2d5ddad0afd4d5fe.php 第 24 行.
NOTIC: [8] Undefined variable: meta_title G:\jwscms\Application\Runtime\Cache\Admin\a616f3334443552b2d5ddad0afd4d5fe.php 第 117 行.
NOTIC: [8] Undefined variable: meta_title G:\jwscms\Application\Runtime\Cache\Admin\a616f3334443552b2d5ddad0afd4d5fe.php 第 124 行.
INFO: Run Behavior\ParseTemplateBehavior [ RunTime:0.016001s ]
INFO: [ view_parse ] --END-- [ RunTime:0.016001s ]
INFO: [ view_filter ] --START--
INFO: Run Behavior\WriteHtmlCacheBehavior [ RunTime:0.000000s ]
INFO: [ view_filter ] --END-- [ RunTime:0.000000s ]
INFO: [ app_end ] --START--
INFO: Run Behavior\ShowPageTraceBehavior [ RunTime:0.001000s ]
INFO: [ app_end ] --END-- [ RunTime:0.001000s ]

[ 2015-01-02T00:33:01+08:00 ] 127.0.0.1 /index.php/Admin/Auth/Edit/id/2.html
NOTIC: [8] Use of undefined constant GROUP_NAME - assumed 'GROUP_NAME' G:\jwscms\Application\Admin\Controller\CommonController.class.php 第 39 行.
SQL: SHOW COLUMNS FROM `auth` [ RunTime:0.009001s ]
ERR: 1146:Table 'jwscms.auth' doesn't exist
 [ SQL语句 ] : SHOW COLUMNS FROM `auth`
SQL: SHOW COLUMNS FROM `role` [ RunTime:0.009000s ]
SQL: SELECT * FROM `role` WHERE `id` = 2 LIMIT 1   [ RunTime:0.001000s ]
INFO: [ view_parse ] --START--
INFO: [ template_filter ] --START--
INFO: Run Behavior\ContentReplaceBehavior [ RunTime:0.000000s ]
INFO: [ template_filter ] --END-- [ RunTime:0.000000s ]
NOTIC: [8] Undefined index: username G:\jwscms\Application\Runtime\Cache\Admin\a616f3334443552b2d5ddad0afd4d5fe.php 第 24 行.
NOTIC: [8] Undefined variable: meta_title G:\jwscms\Application\Runtime\Cache\Admin\a616f3334443552b2d5ddad0afd4d5fe.php 第 117 行.
NOTIC: [8] Undefined variable: meta_title G:\jwscms\Application\Runtime\Cache\Admin\a616f3334443552b2d5ddad0afd4d5fe.php 第 124 行.
INFO: Run Behavior\ParseTemplateBehavior [ RunTime:0.015001s ]
INFO: [ view_parse ] --END-- [ RunTime:0.015001s ]
INFO: [ view_filter ] --START--
INFO: Run Behavior\WriteHtmlCacheBehavior [ RunTime:0.000000s ]
INFO: [ view_filter ] --END-- [ RunTime:0.001000s ]
INFO: [ app_end ] --START--
INFO: Run Behavior\ShowPageTraceBehavior [ RunTime:0.001000s ]
INFO: [ app_end ] --END-- [ RunTime:0.001000s ]

[ 2015-01-02T00:33:07+08:00 ] 127.0.0.1 /index.php/Auth/Edit.html
NOTIC: [8] Use of undefined constant GROUP_NAME - assumed 'GROUP_NAME' G:\jwscms\Application\Admin\Controller\CommonController.class.php 第 39 行.
SQL: SHOW COLUMNS FROM `auth` [ RunTime:0.012001s ]
ERR: 1146:Table 'jwscms.auth' doesn't exist
 [ SQL语句 ] : SHOW COLUMNS FROM `auth`
NOTIC: [2] Missing argument 1 for Admin\Model\AuthModel::update(), called in G:\jwscms\Application\Admin\Controller\AuthController.class.php on line 56 and defined G:\jwscms\Application\Admin\Model\AuthModel.class.php 第 54 行.
ERR: Think\Model:error方法不存在！

[ 2015-01-02T00:33:42+08:00 ] 127.0.0.1 /index.php/Admin/Auth/Edit/id/2.html
NOTIC: [8] Use of undefined constant GROUP_NAME - assumed 'GROUP_NAME' G:\jwscms\Application\Admin\Controller\CommonController.class.php 第 39 行.
SQL: SHOW COLUMNS FROM `auth` [ RunTime:0.008001s ]
ERR: 1146:Table 'jwscms.auth' doesn't exist
 [ SQL语句 ] : SHOW COLUMNS FROM `auth`
SQL: SHOW COLUMNS FROM `role` [ RunTime:0.008000s ]
SQL: SELECT * FROM `role` WHERE `id` = 2 LIMIT 1   [ RunTime:0.000000s ]
INFO: [ view_parse ] --START--
INFO: [ template_filter ] --START--
INFO: Run Behavior\ContentReplaceBehavior [ RunTime:0.000000s ]
INFO: [ template_filter ] --END-- [ RunTime:0.000000s ]
NOTIC: [8] Undefined index: username G:\jwscms\Application\Runtime\Cache\Admin\a616f3334443552b2d5ddad0afd4d5fe.php 第 24 行.
NOTIC: [8] Undefined variable: meta_title G:\jwscms\Application\Runtime\Cache\Admin\a616f3334443552b2d5ddad0afd4d5fe.php 第 117 行.
NOTIC: [8] Undefined variable: meta_title G:\jwscms\Application\Runtime\Cache\Admin\a616f3334443552b2d5ddad0afd4d5fe.php 第 124 行.
INFO: Run Behavior\ParseTemplateBehavior [ RunTime:0.014000s ]
INFO: [ view_parse ] --END-- [ RunTime:0.014000s ]
INFO: [ view_filter ] --START--
INFO: Run Behavior\WriteHtmlCacheBehavior [ RunTime:0.001000s ]
INFO: [ view_filter ] --END-- [ RunTime:0.001000s ]
INFO: [ app_end ] --START--
INFO: Run Behavior\ShowPageTraceBehavior [ RunTime:0.001000s ]
INFO: [ app_end ] --END-- [ RunTime:0.001000s ]

[ 2015-01-02T00:33:44+08:00 ] 127.0.0.1 /index.php/Auth/Edit.html
NOTIC: [8] Use of undefined constant GROUP_NAME - assumed 'GROUP_NAME' G:\jwscms\Application\Admin\Controller\CommonController.class.php 第 39 行.
SQL: SHOW COLUMNS FROM `auth` [ RunTime:0.010001s ]
ERR: 1146:Table 'jwscms.auth' doesn't exist
 [ SQL语句 ] : SHOW COLUMNS FROM `auth`
NOTIC: [2] in_array() expects parameter 2 to be array, boolean given G:\jwscms\ThinkPHP\Library\Think\Model.class.php 第 920 行.
NOTIC: [2] in_array() expects parameter 2 to be array, boolean given G:\jwscms\ThinkPHP\Library\Think\Model.class.php 第 920 行.
NOTIC: [2] in_array() expects parameter 2 to be array, boolean given G:\jwscms\ThinkPHP\Library\Think\Model.class.php 第 920 行.
NOTIC: [2] in_array() expects parameter 2 to be array, boolean given G:\jwscms\ThinkPHP\Library\Think\Model.class.php 第 920 行.
ERR: Think\Model:error方法不存在！

[ 2015-01-02T00:34:33+08:00 ] 127.0.0.1 /index.php/Admin/Auth/Edit/id/2.html
NOTIC: [8] Use of undefined constant GROUP_NAME - assumed 'GROUP_NAME' G:\jwscms\Application\Admin\Controller\CommonController.class.php 第 39 行.
SQL: SHOW COLUMNS FROM `auth` [ RunTime:0.012001s ]
ERR: 1146:Table 'jwscms.auth' doesn't exist
 [ SQL语句 ] : SHOW COLUMNS FROM `auth`
SQL: SHOW COLUMNS FROM `role` [ RunTime:0.010001s ]
SQL: SELECT * FROM `role` WHERE `id` = 2 LIMIT 1   [ RunTime:0.000000s ]
INFO: [ view_parse ] --START--
INFO: [ template_filter ] --START--
INFO: Run Behavior\ContentReplaceBehavior [ RunTime:0.000000s ]
INFO: [ template_filter ] --END-- [ RunTime:0.000000s ]
NOTIC: [8] Undefined index: username G:\jwscms\Application\Runtime\Cache\Admin\a616f3334443552b2d5ddad0afd4d5fe.php 第 24 行.
NOTIC: [8] Undefined variable: meta_title G:\jwscms\Application\Runtime\Cache\Admin\a616f3334443552b2d5ddad0afd4d5fe.php 第 117 行.
NOTIC: [8] Undefined variable: meta_title G:\jwscms\Application\Runtime\Cache\Admin\a616f3334443552b2d5ddad0afd4d5fe.php 第 124 行.
INFO: Run Behavior\ParseTemplateBehavior [ RunTime:0.015001s ]
INFO: [ view_parse ] --END-- [ RunTime:0.015001s ]
INFO: [ view_filter ] --START--
INFO: Run Behavior\WriteHtmlCacheBehavior [ RunTime:0.001000s ]
INFO: [ view_filter ] --END-- [ RunTime:0.001000s ]
INFO: [ app_end ] --START--
INFO: Run Behavior\ShowPageTraceBehavior [ RunTime:0.002000s ]
INFO: [ app_end ] --END-- [ RunTime:0.002000s ]

[ 2015-01-02T00:34:38+08:00 ] 127.0.0.1 /index.php/Auth/Edit.html
NOTIC: [8] Use of undefined constant GROUP_NAME - assumed 'GROUP_NAME' G:\jwscms\Application\Admin\Controller\CommonController.class.php 第 39 行.
SQL: SHOW COLUMNS FROM `auth` [ RunTime:0.016001s ]
ERR: 1146:Table 'jwscms.auth' doesn't exist
 [ SQL语句 ] : SHOW COLUMNS FROM `auth`
NOTIC: [2] in_array() expects parameter 2 to be array, boolean given G:\jwscms\ThinkPHP\Library\Think\Model.class.php 第 920 行.
NOTIC: [2] in_array() expects parameter 2 to be array, boolean given G:\jwscms\ThinkPHP\Library\Think\Model.class.php 第 920 行.
NOTIC: [2] in_array() expects parameter 2 to be array, boolean given G:\jwscms\ThinkPHP\Library\Think\Model.class.php 第 920 行.
NOTIC: [2] in_array() expects parameter 2 to be array, boolean given G:\jwscms\ThinkPHP\Library\Think\Model.class.php 第 920 行.
ERR: Think\Model:error方法不存在！

[ 2015-01-02T00:49:23+08:00 ] 127.0.0.1 /show/?s=1619
ERR: 无法加载控制器:1619

[ 2015-01-02T00:49:23+08:00 ] 127.0.0.1 /show/?s=1618
ERR: 无法加载控制器:1618

[ 2015-01-02T21:07:35+08:00 ] 127.0.0.1 /Public/Static/js/jquery.min.js
ERR: 非法操作:Static

[ 2015-01-02T21:07:49+08:00 ] 127.0.0.1 /index.php/Admin/User/grid.html
ERR: 非法操作:grid

[ 2015-01-02T21:07:53+08:00 ] 127.0.0.1 /index.php/Admin/User/grid.html
ERR: 非法操作:grid

[ 2015-01-02T21:07:59+08:00 ] 127.0.0.1 /index.php/Admin/Auth/Index.html
NOTIC: [8] Use of undefined constant GROUP_NAME - assumed 'GROUP_NAME' G:\jwscms\Application\Admin\Controller\CommonController.class.php 第 39 行.
SQL: SHOW COLUMNS FROM `role` [ RunTime:0.013001s ]
SQL: SELECT * FROM `role`  [ RunTime:0.001000s ]
INFO: [ view_parse ] --START--
INFO: [ template_filter ] --START--
INFO: Run Behavior\ContentReplaceBehavior [ RunTime:0.000000s ]
INFO: [ template_filter ] --END-- [ RunTime:0.000000s ]
NOTIC: [8] Undefined index: username G:\jwscms\Application\Runtime\Cache\Admin\7a6f44520688489d1b948e59cdab957c.php 第 24 行.
INFO: Run Behavior\ParseTemplateBehavior [ RunTime:0.034002s ]
INFO: [ view_parse ] --END-- [ RunTime:0.034002s ]
INFO: [ view_filter ] --START--
INFO: Run Behavior\WriteHtmlCacheBehavior [ RunTime:0.001000s ]
INFO: [ view_filter ] --END-- [ RunTime:0.001000s ]
INFO: [ app_end ] --START--
INFO: Run Behavior\ShowPageTraceBehavior [ RunTime:0.001001s ]
INFO: [ app_end ] --END-- [ RunTime:0.001001s ]

[ 2015-01-02T21:08:03+08:00 ] 127.0.0.1 /index.php/Admin/Auth/Edit/id/1.html
NOTIC: [8] Use of undefined constant GROUP_NAME - assumed 'GROUP_NAME' G:\jwscms\Application\Admin\Controller\CommonController.class.php 第 39 行.
SQL: SHOW COLUMNS FROM `auth` [ RunTime:0.012000s ]
ERR: 1146:Table 'jwscms.auth' doesn't exist
 [ SQL语句 ] : SHOW COLUMNS FROM `auth`
SQL: SHOW COLUMNS FROM `role` [ RunTime:0.009001s ]
SQL: SELECT * FROM `role` WHERE `id` = 1 LIMIT 1   [ RunTime:0.001000s ]
INFO: [ view_parse ] --START--
INFO: [ template_filter ] --START--
INFO: Run Behavior\ContentReplaceBehavior [ RunTime:0.000000s ]
INFO: [ template_filter ] --END-- [ RunTime:0.000000s ]
NOTIC: [8] Undefined index: username G:\jwscms\Application\Runtime\Cache\Admin\a616f3334443552b2d5ddad0afd4d5fe.php 第 24 行.
NOTIC: [8] Undefined variable: meta_title G:\jwscms\Application\Runtime\Cache\Admin\a616f3334443552b2d5ddad0afd4d5fe.php 第 117 行.
NOTIC: [8] Undefined variable: meta_title G:\jwscms\Application\Runtime\Cache\Admin\a616f3334443552b2d5ddad0afd4d5fe.php 第 124 行.
INFO: Run Behavior\ParseTemplateBehavior [ RunTime:0.014001s ]
INFO: [ view_parse ] --END-- [ RunTime:0.014001s ]
INFO: [ view_filter ] --START--
INFO: Run Behavior\WriteHtmlCacheBehavior [ RunTime:0.000000s ]
INFO: [ view_filter ] --END-- [ RunTime:0.000000s ]
INFO: [ app_end ] --START--
INFO: Run Behavior\ShowPageTraceBehavior [ RunTime:0.001000s ]
INFO: [ app_end ] --END-- [ RunTime:0.001000s ]

[ 2015-01-02T21:08:07+08:00 ] 127.0.0.1 /index.php/Auth/Edit.html
NOTIC: [8] Use of undefined constant GROUP_NAME - assumed 'GROUP_NAME' G:\jwscms\Application\Admin\Controller\CommonController.class.php 第 39 行.
SQL: SHOW COLUMNS FROM `auth` [ RunTime:0.011000s ]
ERR: 1146:Table 'jwscms.auth' doesn't exist
 [ SQL语句 ] : SHOW COLUMNS FROM `auth`
NOTIC: [2] in_array() expects parameter 2 to be array, boolean given G:\jwscms\ThinkPHP\Library\Think\Model.class.php 第 920 行.
NOTIC: [2] in_array() expects parameter 2 to be array, boolean given G:\jwscms\ThinkPHP\Library\Think\Model.class.php 第 920 行.
NOTIC: [2] in_array() expects parameter 2 to be array, boolean given G:\jwscms\ThinkPHP\Library\Think\Model.class.php 第 920 行.
NOTIC: [2] in_array() expects parameter 2 to be array, boolean given G:\jwscms\ThinkPHP\Library\Think\Model.class.php 第 920 行.
ERR: Think\Model:error方法不存在！

[ 2015-01-02T21:08:15+08:00 ] 127.0.0.1 /index.php/Admin/Auth/Edit/id/1.html
NOTIC: [8] Use of undefined constant GROUP_NAME - assumed 'GROUP_NAME' G:\jwscms\Application\Admin\Controller\CommonController.class.php 第 39 行.
SQL: SHOW COLUMNS FROM `auth` [ RunTime:0.007001s ]
ERR: 1146:Table 'jwscms.auth' doesn't exist
 [ SQL语句 ] : SHOW COLUMNS FROM `auth`
SQL: SHOW COLUMNS FROM `role` [ RunTime:0.008000s ]
SQL: SELECT * FROM `role` WHERE `id` = 1 LIMIT 1   [ RunTime:0.000000s ]
INFO: [ view_parse ] --START--
INFO: [ template_filter ] --START--
INFO: Run Behavior\ContentReplaceBehavior [ RunTime:0.000000s ]
INFO: [ template_filter ] --END-- [ RunTime:0.000000s ]
NOTIC: [8] Undefined index: username G:\jwscms\Application\Runtime\Cache\Admin\a616f3334443552b2d5ddad0afd4d5fe.php 第 24 行.
NOTIC: [8] Undefined variable: meta_title G:\jwscms\Application\Runtime\Cache\Admin\a616f3334443552b2d5ddad0afd4d5fe.php 第 117 行.
NOTIC: [8] Undefined variable: meta_title G:\jwscms\Application\Runtime\Cache\Admin\a616f3334443552b2d5ddad0afd4d5fe.php 第 124 行.
INFO: Run Behavior\ParseTemplateBehavior [ RunTime:0.014001s ]
INFO: [ view_parse ] --END-- [ RunTime:0.014001s ]
INFO: [ view_filter ] --START--
INFO: Run Behavior\WriteHtmlCacheBehavior [ RunTime:0.001000s ]
INFO: [ view_filter ] --END-- [ RunTime:0.001000s ]
INFO: [ app_end ] --START--
INFO: Run Behavior\ShowPageTraceBehavior [ RunTime:0.001000s ]
INFO: [ app_end ] --END-- [ RunTime:0.001000s ]

[ 2015-01-02T21:09:13+08:00 ] 127.0.0.1 /index.php/Admin/Auth/Edit/id/1.html
NOTIC: [8] Use of undefined constant GROUP_NAME - assumed 'GROUP_NAME' G:\jwscms\Application\Admin\Controller\CommonController.class.php 第 39 行.
SQL: SHOW COLUMNS FROM `auth` [ RunTime:0.011000s ]
ERR: 1146:Table 'jwscms.auth' doesn't exist
 [ SQL语句 ] : SHOW COLUMNS FROM `auth`
SQL: SHOW COLUMNS FROM `role` [ RunTime:0.008001s ]
SQL: SELECT * FROM `role` WHERE `id` = 1 LIMIT 1   [ RunTime:0.001000s ]
INFO: [ view_parse ] --START--
INFO: [ template_filter ] --START--
INFO: Run Behavior\ContentReplaceBehavior [ RunTime:0.000000s ]
INFO: [ template_filter ] --END-- [ RunTime:0.000000s ]
NOTIC: [8] Undefined index: username G:\jwscms\Application\Runtime\Cache\Admin\a616f3334443552b2d5ddad0afd4d5fe.php 第 24 行.
INFO: Run Behavior\ParseTemplateBehavior [ RunTime:0.013001s ]
INFO: [ view_parse ] --END-- [ RunTime:0.013001s ]
INFO: [ view_filter ] --START--
INFO: Run Behavior\WriteHtmlCacheBehavior [ RunTime:0.000000s ]
INFO: [ view_filter ] --END-- [ RunTime:0.001000s ]
INFO: [ app_end ] --START--
INFO: Run Behavior\ShowPageTraceBehavior [ RunTime:0.000000s ]
INFO: [ app_end ] --END-- [ RunTime:0.002000s ]

[ 2015-01-02T21:11:43+08:00 ] 127.0.0.1 /index.php/Auth/Edit.html
NOTIC: [8] Use of undefined constant GROUP_NAME - assumed 'GROUP_NAME' G:\jwscms\Application\Admin\Controller\CommonController.class.php 第 39 行.
SQL: SHOW COLUMNS FROM `auth` [ RunTime:0.007001s ]
ERR: 1146:Table 'jwscms.auth' doesn't exist
 [ SQL语句 ] : SHOW COLUMNS FROM `auth`
NOTIC: [2] in_array() expects parameter 2 to be array, boolean given G:\jwscms\ThinkPHP\Library\Think\Model.class.php 第 920 行.
NOTIC: [2] in_array() expects parameter 2 to be array, boolean given G:\jwscms\ThinkPHP\Library\Think\Model.class.php 第 920 行.
NOTIC: [2] in_array() expects parameter 2 to be array, boolean given G:\jwscms\ThinkPHP\Library\Think\Model.class.php 第 920 行.
NOTIC: [2] in_array() expects parameter 2 to be array, boolean given G:\jwscms\ThinkPHP\Library\Think\Model.class.php 第 920 行.
ERR: Think\Model:error方法不存在！

[ 2015-01-02T21:12:26+08:00 ] 127.0.0.1 /index.php/Admin/Auth/Edit/id/1.html
NOTIC: [8] Use of undefined constant GROUP_NAME - assumed 'GROUP_NAME' G:\jwscms\Application\Admin\Controller\CommonController.class.php 第 39 行.
SQL: SHOW COLUMNS FROM `auth` [ RunTime:0.008001s ]
ERR: 1146:Table 'jwscms.auth' doesn't exist
 [ SQL语句 ] : SHOW COLUMNS FROM `auth`
SQL: SHOW COLUMNS FROM `role` [ RunTime:0.008000s ]
SQL: SELECT * FROM `role` WHERE `id` = 1 LIMIT 1   [ RunTime:0.001000s ]
INFO: [ view_parse ] --START--
INFO: [ template_filter ] --START--
INFO: Run Behavior\ContentReplaceBehavior [ RunTime:0.000000s ]
INFO: [ template_filter ] --END-- [ RunTime:0.001000s ]
NOTIC: [8] Undefined index: username G:\jwscms\Application\Runtime\Cache\Admin\a616f3334443552b2d5ddad0afd4d5fe.php 第 24 行.
INFO: Run Behavior\ParseTemplateBehavior [ RunTime:0.015001s ]
INFO: [ view_parse ] --END-- [ RunTime:0.015001s ]
INFO: [ view_filter ] --START--
INFO: Run Behavior\WriteHtmlCacheBehavior [ RunTime:0.001000s ]
INFO: [ view_filter ] --END-- [ RunTime:0.001000s ]
INFO: [ app_end ] --START--
INFO: Run Behavior\ShowPageTraceBehavior [ RunTime:0.001000s ]
INFO: [ app_end ] --END-- [ RunTime:0.001000s ]

[ 2015-01-02T21:12:30+08:00 ] 127.0.0.1 /index.php/Auth/Edit.html
NOTIC: [8] Use of undefined constant GROUP_NAME - assumed 'GROUP_NAME' G:\jwscms\Application\Admin\Controller\CommonController.class.php 第 39 行.
SQL: SHOW COLUMNS FROM `auth` [ RunTime:0.012000s ]
ERR: 1146:Table 'jwscms.auth' doesn't exist
 [ SQL语句 ] : SHOW COLUMNS FROM `auth`
NOTIC: [2] in_array() expects parameter 2 to be array, boolean given G:\jwscms\ThinkPHP\Library\Think\Model.class.php 第 920 行.
NOTIC: [2] in_array() expects parameter 2 to be array, boolean given G:\jwscms\ThinkPHP\Library\Think\Model.class.php 第 920 行.
NOTIC: [2] in_array() expects parameter 2 to be array, boolean given G:\jwscms\ThinkPHP\Library\Think\Model.class.php 第 920 行.
NOTIC: [2] in_array() expects parameter 2 to be array, boolean given G:\jwscms\ThinkPHP\Library\Think\Model.class.php 第 920 行.
ERR: Think\Model:error方法不存在！

[ 2015-01-02T21:12:54+08:00 ] 127.0.0.1 /Public/Static/js/jquery.min.js
ERR: 非法操作:Static

[ 2015-01-02T21:13:14+08:00 ] 127.0.0.1 /index.php/Admin/Auth/Index.html
NOTIC: [8] Use of undefined constant GROUP_NAME - assumed 'GROUP_NAME' G:\jwscms\Application\Admin\Controller\CommonController.class.php 第 39 行.
SQL: SHOW COLUMNS FROM `role` [ RunTime:0.014001s ]
SQL: SELECT * FROM `role`  [ RunTime:0.001000s ]
INFO: [ view_parse ] --START--
INFO: [ template_filter ] --START--
INFO: Run Behavior\ContentReplaceBehavior [ RunTime:0.000000s ]
INFO: [ template_filter ] --END-- [ RunTime:0.000000s ]
NOTIC: [8] Undefined index: username G:\jwscms\Application\Runtime\Cache\Admin\7a6f44520688489d1b948e59cdab957c.php 第 24 行.
INFO: Run Behavior\ParseTemplateBehavior [ RunTime:0.015001s ]
INFO: [ view_parse ] --END-- [ RunTime:0.015001s ]
INFO: [ view_filter ] --START--
INFO: Run Behavior\WriteHtmlCacheBehavior [ RunTime:0.001000s ]
INFO: [ view_filter ] --END-- [ RunTime:0.001000s ]
INFO: [ app_end ] --START--
INFO: Run Behavior\ShowPageTraceBehavior [ RunTime:0.001000s ]
INFO: [ app_end ] --END-- [ RunTime:0.001000s ]

[ 2015-01-02T21:13:18+08:00 ] 127.0.0.1 /index.php/Admin/Auth/Edit/id/2.html
NOTIC: [8] Use of undefined constant GROUP_NAME - assumed 'GROUP_NAME' G:\jwscms\Application\Admin\Controller\CommonController.class.php 第 39 行.
SQL: SHOW COLUMNS FROM `auth` [ RunTime:0.008001s ]
ERR: 1146:Table 'jwscms.auth' doesn't exist
 [ SQL语句 ] : SHOW COLUMNS FROM `auth`
SQL: SHOW COLUMNS FROM `role` [ RunTime:0.007000s ]
SQL: SELECT * FROM `role` WHERE `id` = 2 LIMIT 1   [ RunTime:0.000000s ]
INFO: [ view_parse ] --START--
INFO: [ template_filter ] --START--
INFO: Run Behavior\ContentReplaceBehavior [ RunTime:0.000000s ]
INFO: [ template_filter ] --END-- [ RunTime:0.000000s ]
NOTIC: [8] Undefined index: username G:\jwscms\Application\Runtime\Cache\Admin\a616f3334443552b2d5ddad0afd4d5fe.php 第 24 行.
INFO: Run Behavior\ParseTemplateBehavior [ RunTime:0.014001s ]
INFO: [ view_parse ] --END-- [ RunTime:0.014001s ]
INFO: [ view_filter ] --START--
INFO: Run Behavior\WriteHtmlCacheBehavior [ RunTime:0.000000s ]
INFO: [ view_filter ] --END-- [ RunTime:0.001000s ]
INFO: [ app_end ] --START--
INFO: Run Behavior\ShowPageTraceBehavior [ RunTime:0.001000s ]
INFO: [ app_end ] --END-- [ RunTime:0.001000s ]

[ 2015-01-02T21:13:29+08:00 ] 127.0.0.1 /index.php/Admin/Auth/Edit/id/2.html
NOTIC: [8] Use of undefined constant GROUP_NAME - assumed 'GROUP_NAME' G:\jwscms\Application\Admin\Controller\CommonController.class.php 第 39 行.
SQL: SHOW COLUMNS FROM `auth` [ RunTime:0.011001s ]
ERR: 1146:Table 'jwscms.auth' doesn't exist
 [ SQL语句 ] : SHOW COLUMNS FROM `auth`
SQL: SHOW COLUMNS FROM `role` [ RunTime:0.014001s ]
SQL: SELECT * FROM `role` WHERE `id` = 2 LIMIT 1   [ RunTime:0.001000s ]
INFO: [ view_parse ] --START--
INFO: [ template_filter ] --START--
INFO: Run Behavior\ContentReplaceBehavior [ RunTime:0.000000s ]
INFO: [ template_filter ] --END-- [ RunTime:0.000000s ]
NOTIC: [8] Undefined index: username G:\jwscms\Application\Runtime\Cache\Admin\a616f3334443552b2d5ddad0afd4d5fe.php 第 24 行.
INFO: Run Behavior\ParseTemplateBehavior [ RunTime:0.014001s ]
INFO: [ view_parse ] --END-- [ RunTime:0.015001s ]
INFO: [ view_filter ] --START--
INFO: Run Behavior\WriteHtmlCacheBehavior [ RunTime:0.001000s ]
INFO: [ view_filter ] --END-- [ RunTime:0.001000s ]
INFO: [ app_end ] --START--
INFO: Run Behavior\ShowPageTraceBehavior [ RunTime:0.001000s ]
INFO: [ app_end ] --END-- [ RunTime:0.002000s ]

[ 2015-01-02T21:14:03+08:00 ] 127.0.0.1 /index.php/Auth/Edit.html
NOTIC: [8] Use of undefined constant GROUP_NAME - assumed 'GROUP_NAME' G:\jwscms\Application\Admin\Controller\CommonController.class.php 第 39 行.
SQL: SHOW COLUMNS FROM `auth` [ RunTime:0.012001s ]
ERR: 1146:Table 'jwscms.auth' doesn't exist
 [ SQL语句 ] : SHOW COLUMNS FROM `auth`
NOTIC: [2] in_array() expects parameter 2 to be array, boolean given G:\jwscms\ThinkPHP\Library\Think\Model.class.php 第 920 行.
NOTIC: [2] in_array() expects parameter 2 to be array, boolean given G:\jwscms\ThinkPHP\Library\Think\Model.class.php 第 920 行.
NOTIC: [2] in_array() expects parameter 2 to be array, boolean given G:\jwscms\ThinkPHP\Library\Think\Model.class.php 第 920 行.
NOTIC: [2] in_array() expects parameter 2 to be array, boolean given G:\jwscms\ThinkPHP\Library\Think\Model.class.php 第 920 行.
ERR: Think\Model:error方法不存在！

[ 2015-01-02T21:20:06+08:00 ] 127.0.0.1 /index.php/Admin/Auth/Edit/id/2.html
NOTIC: [8] Use of undefined constant GROUP_NAME - assumed 'GROUP_NAME' G:\jwscms\Application\Admin\Controller\CommonController.class.php 第 39 行.
SQL: SHOW COLUMNS FROM `auth` [ RunTime:0.011001s ]
ERR: 1146:Table 'jwscms.auth' doesn't exist
 [ SQL语句 ] : SHOW COLUMNS FROM `auth`
SQL: SHOW COLUMNS FROM `role` [ RunTime:0.010000s ]
SQL: SELECT * FROM `role` WHERE `id` = 2 LIMIT 1   [ RunTime:0.000000s ]
INFO: [ view_parse ] --START--
INFO: [ template_filter ] --START--
INFO: Run Behavior\ContentReplaceBehavior [ RunTime:0.000000s ]
INFO: [ template_filter ] --END-- [ RunTime:0.000000s ]
NOTIC: [8] Undefined index: username G:\jwscms\Application\Runtime\Cache\Admin\a616f3334443552b2d5ddad0afd4d5fe.php 第 24 行.
INFO: Run Behavior\ParseTemplateBehavior [ RunTime:0.015001s ]
INFO: [ view_parse ] --END-- [ RunTime:0.015001s ]
INFO: [ view_filter ] --START--
INFO: Run Behavior\WriteHtmlCacheBehavior [ RunTime:0.000000s ]
INFO: [ view_filter ] --END-- [ RunTime:0.000000s ]
INFO: [ app_end ] --START--
INFO: Run Behavior\ShowPageTraceBehavior [ RunTime:0.001000s ]
INFO: [ app_end ] --END-- [ RunTime:0.001000s ]

[ 2015-01-02T21:20:10+08:00 ] 127.0.0.1 /index.php/Auth/Edit.html
NOTIC: [8] Use of undefined constant GROUP_NAME - assumed 'GROUP_NAME' G:\jwscms\Application\Admin\Controller\CommonController.class.php 第 39 行.
SQL: SHOW COLUMNS FROM `auth` [ RunTime:0.007000s ]
ERR: 1146:Table 'jwscms.auth' doesn't exist
 [ SQL语句 ] : SHOW COLUMNS FROM `auth`
NOTIC: [2] in_array() expects parameter 2 to be array, boolean given G:\jwscms\ThinkPHP\Library\Think\Model.class.php 第 920 行.
NOTIC: [2] in_array() expects parameter 2 to be array, boolean given G:\jwscms\ThinkPHP\Library\Think\Model.class.php 第 920 行.
NOTIC: [2] in_array() expects parameter 2 to be array, boolean given G:\jwscms\ThinkPHP\Library\Think\Model.class.php 第 920 行.
NOTIC: [2] in_array() expects parameter 2 to be array, boolean given G:\jwscms\ThinkPHP\Library\Think\Model.class.php 第 920 行.
ERR: Think\Model:error方法不存在！

[ 2015-01-02T21:27:33+08:00 ] 127.0.0.1 /index.php/Admin/Auth/Edit/id/2.html
NOTIC: [8] Use of undefined constant GROUP_NAME - assumed 'GROUP_NAME' G:\jwscms\Application\Admin\Controller\CommonController.class.php 第 39 行.
SQL: SHOW COLUMNS FROM `auth` [ RunTime:0.008001s ]
ERR: 1146:Table 'jwscms.auth' doesn't exist
 [ SQL语句 ] : SHOW COLUMNS FROM `auth`
SQL: SHOW COLUMNS FROM `role` [ RunTime:0.008000s ]
SQL: SELECT * FROM `role` WHERE `id` = 2 LIMIT 1   [ RunTime:0.001000s ]
INFO: [ view_parse ] --START--
INFO: [ template_filter ] --START--
INFO: Run Behavior\ContentReplaceBehavior [ RunTime:0.000000s ]
INFO: [ template_filter ] --END-- [ RunTime:0.000000s ]
NOTIC: [8] Undefined index: username G:\jwscms\Application\Runtime\Cache\Admin\a616f3334443552b2d5ddad0afd4d5fe.php 第 24 行.
INFO: Run Behavior\ParseTemplateBehavior [ RunTime:0.015001s ]
INFO: [ view_parse ] --END-- [ RunTime:0.015001s ]
INFO: [ view_filter ] --START--
INFO: Run Behavior\WriteHtmlCacheBehavior [ RunTime:0.001000s ]
INFO: [ view_filter ] --END-- [ RunTime:0.001000s ]
INFO: [ app_end ] --START--
INFO: Run Behavior\ShowPageTraceBehavior [ RunTime:0.001000s ]
INFO: [ app_end ] --END-- [ RunTime:0.001000s ]

[ 2015-01-02T21:27:36+08:00 ] 127.0.0.1 /index.php/Auth/Edit.html
NOTIC: [8] Use of undefined constant GROUP_NAME - assumed 'GROUP_NAME' G:\jwscms\Application\Admin\Controller\CommonController.class.php 第 39 行.
SQL: SHOW COLUMNS FROM `auth` [ RunTime:0.007001s ]
ERR: 1146:Table 'jwscms.auth' doesn't exist
 [ SQL语句 ] : SHOW COLUMNS FROM `auth`
NOTIC: [2] in_array() expects parameter 2 to be array, boolean given G:\jwscms\ThinkPHP\Library\Think\Model.class.php 第 920 行.
NOTIC: [2] in_array() expects parameter 2 to be array, boolean given G:\jwscms\ThinkPHP\Library\Think\Model.class.php 第 920 行.
NOTIC: [2] in_array() expects parameter 2 to be array, boolean given G:\jwscms\ThinkPHP\Library\Think\Model.class.php 第 920 行.
NOTIC: [2] in_array() expects parameter 2 to be array, boolean given G:\jwscms\ThinkPHP\Library\Think\Model.class.php 第 920 行.

[ 2015-01-02T21:27:58+08:00 ] 127.0.0.1 /index.php/Auth/Edit.html
NOTIC: [8] Use of undefined constant GROUP_NAME - assumed 'GROUP_NAME' G:\jwscms\Application\Admin\Controller\CommonController.class.php 第 39 行.
SQL: SHOW COLUMNS FROM `auth` [ RunTime:0.008000s ]
ERR: 1146:Table 'jwscms.auth' doesn't exist
 [ SQL语句 ] : SHOW COLUMNS FROM `auth`
ERR: Think\Model:error方法不存在！

[ 2015-01-02T21:27:59+08:00 ] 127.0.0.1 /index.php/Admin/Auth/Edit/id/2.html
NOTIC: [8] Use of undefined constant GROUP_NAME - assumed 'GROUP_NAME' G:\jwscms\Application\Admin\Controller\CommonController.class.php 第 39 行.
SQL: SHOW COLUMNS FROM `auth` [ RunTime:0.014001s ]
ERR: 1146:Table 'jwscms.auth' doesn't exist
 [ SQL语句 ] : SHOW COLUMNS FROM `auth`
SQL: SHOW COLUMNS FROM `role` [ RunTime:0.009001s ]
SQL: SELECT * FROM `role` WHERE `id` = 2 LIMIT 1   [ RunTime:0.001000s ]
INFO: [ view_parse ] --START--
INFO: [ template_filter ] --START--
INFO: Run Behavior\ContentReplaceBehavior [ RunTime:0.000000s ]
INFO: [ template_filter ] --END-- [ RunTime:0.000000s ]
NOTIC: [8] Undefined index: username G:\jwscms\Application\Runtime\Cache\Admin\a616f3334443552b2d5ddad0afd4d5fe.php 第 24 行.
INFO: Run Behavior\ParseTemplateBehavior [ RunTime:0.016001s ]
INFO: [ view_parse ] --END-- [ RunTime:0.016001s ]
INFO: [ view_filter ] --START--
INFO: Run Behavior\WriteHtmlCacheBehavior [ RunTime:0.001000s ]
INFO: [ view_filter ] --END-- [ RunTime:0.001000s ]
INFO: [ app_end ] --START--
INFO: Run Behavior\ShowPageTraceBehavior [ RunTime:0.001000s ]
INFO: [ app_end ] --END-- [ RunTime:0.002000s ]

[ 2015-01-02T21:28:02+08:00 ] 127.0.0.1 /index.php/Admin/Auth/Edit/id/2.html
NOTIC: [8] Use of undefined constant GROUP_NAME - assumed 'GROUP_NAME' G:\jwscms\Application\Admin\Controller\CommonController.class.php 第 39 行.
SQL: SHOW COLUMNS FROM `auth` [ RunTime:0.007000s ]
ERR: 1146:Table 'jwscms.auth' doesn't exist
 [ SQL语句 ] : SHOW COLUMNS FROM `auth`
SQL: SHOW COLUMNS FROM `role` [ RunTime:0.008000s ]
SQL: SELECT * FROM `role` WHERE `id` = 2 LIMIT 1   [ RunTime:0.001001s ]
INFO: [ view_parse ] --START--
INFO: [ template_filter ] --START--
INFO: Run Behavior\ContentReplaceBehavior [ RunTime:0.000000s ]
INFO: [ template_filter ] --END-- [ RunTime:0.000000s ]
NOTIC: [8] Undefined index: username G:\jwscms\Application\Runtime\Cache\Admin\a616f3334443552b2d5ddad0afd4d5fe.php 第 24 行.
INFO: Run Behavior\ParseTemplateBehavior [ RunTime:0.013000s ]
INFO: [ view_parse ] --END-- [ RunTime:0.013000s ]
INFO: [ view_filter ] --START--
INFO: Run Behavior\WriteHtmlCacheBehavior [ RunTime:0.001000s ]
INFO: [ view_filter ] --END-- [ RunTime:0.001000s ]
INFO: [ app_end ] --START--
INFO: Run Behavior\ShowPageTraceBehavior [ RunTime:0.001000s ]
INFO: [ app_end ] --END-- [ RunTime:0.002001s ]

[ 2015-01-02T21:28:05+08:00 ] 127.0.0.1 /index.php/Auth/Edit.html
NOTIC: [8] Use of undefined constant GROUP_NAME - assumed 'GROUP_NAME' G:\jwscms\Application\Admin\Controller\CommonController.class.php 第 39 行.
SQL: SHOW COLUMNS FROM `auth` [ RunTime:0.010000s ]
ERR: 1146:Table 'jwscms.auth' doesn't exist
 [ SQL语句 ] : SHOW COLUMNS FROM `auth`
NOTIC: [2] in_array() expects parameter 2 to be array, boolean given G:\jwscms\ThinkPHP\Library\Think\Model.class.php 第 920 行.
NOTIC: [2] in_array() expects parameter 2 to be array, boolean given G:\jwscms\ThinkPHP\Library\Think\Model.class.php 第 920 行.
NOTIC: [2] in_array() expects parameter 2 to be array, boolean given G:\jwscms\ThinkPHP\Library\Think\Model.class.php 第 920 行.
NOTIC: [2] in_array() expects parameter 2 to be array, boolean given G:\jwscms\ThinkPHP\Library\Think\Model.class.php 第 920 行.

[ 2015-01-02T21:29:23+08:00 ] 127.0.0.1 /index.php/Admin/Auth/Edit/id/2.html
NOTIC: [8] Use of undefined constant GROUP_NAME - assumed 'GROUP_NAME' G:\jwscms\Application\Admin\Controller\CommonController.class.php 第 39 行.
SQL: SHOW COLUMNS FROM `auth` [ RunTime:0.007001s ]
ERR: 1146:Table 'jwscms.auth' doesn't exist
 [ SQL语句 ] : SHOW COLUMNS FROM `auth`
SQL: SHOW COLUMNS FROM `role` [ RunTime:0.008000s ]
SQL: SELECT * FROM `role` WHERE `id` = 2 LIMIT 1   [ RunTime:0.000000s ]
INFO: [ view_parse ] --START--
INFO: [ template_filter ] --START--
INFO: Run Behavior\ContentReplaceBehavior [ RunTime:0.000000s ]
INFO: [ template_filter ] --END-- [ RunTime:0.000000s ]
NOTIC: [8] Undefined index: username G:\jwscms\Application\Runtime\Cache\Admin\a616f3334443552b2d5ddad0afd4d5fe.php 第 24 行.
INFO: Run Behavior\ParseTemplateBehavior [ RunTime:0.014001s ]
INFO: [ view_parse ] --END-- [ RunTime:0.014001s ]
INFO: [ view_filter ] --START--
INFO: Run Behavior\WriteHtmlCacheBehavior [ RunTime:0.000000s ]
INFO: [ view_filter ] --END-- [ RunTime:0.000000s ]
INFO: [ app_end ] --START--
INFO: Run Behavior\ShowPageTraceBehavior [ RunTime:0.001000s ]
INFO: [ app_end ] --END-- [ RunTime:0.001000s ]

[ 2015-01-02T21:29:26+08:00 ] 127.0.0.1 /index.php/Auth/Edit.html
NOTIC: [8] Use of undefined constant GROUP_NAME - assumed 'GROUP_NAME' G:\jwscms\Application\Admin\Controller\CommonController.class.php 第 39 行.
SQL: SHOW COLUMNS FROM `auth` [ RunTime:0.010000s ]
ERR: 1146:Table 'jwscms.auth' doesn't exist
 [ SQL语句 ] : SHOW COLUMNS FROM `auth`
SQL: SHOW COLUMNS FROM `role` [ RunTime:0.012001s ]

[ 2015-01-02T21:31:07+08:00 ] 127.0.0.1 /index.php/Admin/Auth/Edit/id/2.html
NOTIC: [8] Use of undefined constant GROUP_NAME - assumed 'GROUP_NAME' G:\jwscms\Application\Admin\Controller\CommonController.class.php 第 39 行.
SQL: SHOW COLUMNS FROM `auth` [ RunTime:0.011000s ]
ERR: 1146:Table 'jwscms.auth' doesn't exist
 [ SQL语句 ] : SHOW COLUMNS FROM `auth`
SQL: SHOW COLUMNS FROM `role` [ RunTime:0.008001s ]
SQL: SELECT * FROM `role` WHERE `id` = 2 LIMIT 1   [ RunTime:0.001000s ]
INFO: [ view_parse ] --START--
INFO: [ template_filter ] --START--
INFO: Run Behavior\ContentReplaceBehavior [ RunTime:0.000000s ]
INFO: [ template_filter ] --END-- [ RunTime:0.000000s ]
NOTIC: [8] Undefined index: username G:\jwscms\Application\Runtime\Cache\Admin\a616f3334443552b2d5ddad0afd4d5fe.php 第 24 行.
INFO: Run Behavior\ParseTemplateBehavior [ RunTime:0.014001s ]
INFO: [ view_parse ] --END-- [ RunTime:0.014001s ]
INFO: [ view_filter ] --START--
INFO: Run Behavior\WriteHtmlCacheBehavior [ RunTime:0.001000s ]
INFO: [ view_filter ] --END-- [ RunTime:0.001000s ]
INFO: [ app_end ] --START--
INFO: Run Behavior\ShowPageTraceBehavior [ RunTime:0.002000s ]
INFO: [ app_end ] --END-- [ RunTime:0.002000s ]

[ 2015-01-02T21:31:11+08:00 ] 127.0.0.1 /index.php/Auth/Edit.html
NOTIC: [8] Use of undefined constant GROUP_NAME - assumed 'GROUP_NAME' G:\jwscms\Application\Admin\Controller\CommonController.class.php 第 39 行.
SQL: SHOW COLUMNS FROM `auth` [ RunTime:0.009000s ]
ERR: 1146:Table 'jwscms.auth' doesn't exist
 [ SQL语句 ] : SHOW COLUMNS FROM `auth`
SQL: SHOW COLUMNS FROM `role` [ RunTime:0.009001s ]
SQL: UPDATE `role` SET `name`='Text123213213',`remark`='测试人员',`status`=1 WHERE `id` = 2 [ RunTime:0.001000s ]
INFO: [ view_parse ] --START--
INFO: [ template_filter ] --START--
INFO: Run Behavior\ContentReplaceBehavior [ RunTime:0.000000s ]
INFO: [ template_filter ] --END-- [ RunTime:0.000000s ]
INFO: Run Behavior\ParseTemplateBehavior [ RunTime:0.089005s ]
INFO: [ view_parse ] --END-- [ RunTime:0.089005s ]
INFO: [ view_filter ] --START--
INFO: Run Behavior\WriteHtmlCacheBehavior [ RunTime:0.000000s ]
INFO: [ view_filter ] --END-- [ RunTime:0.001000s ]
INFO: [ view_parse ] --START--
INFO: [ template_filter ] --START--
INFO: Run Behavior\ContentReplaceBehavior [ RunTime:0.000000s ]
INFO: [ template_filter ] --END-- [ RunTime:-0.010000s ]
NOTIC: [8] Undefined index: username G:\jwscms\Application\Runtime\Cache\Admin\a616f3334443552b2d5ddad0afd4d5fe.php 第 24 行.
NOTIC: [8] Undefined variable: info G:\jwscms\Application\Runtime\Cache\Admin\a616f3334443552b2d5ddad0afd4d5fe.php 第 146 行.
NOTIC: [8] Undefined variable: info G:\jwscms\Application\Runtime\Cache\Admin\a616f3334443552b2d5ddad0afd4d5fe.php 第 147 行.
NOTIC: [8] Undefined variable: info G:\jwscms\Application\Runtime\Cache\Admin\a616f3334443552b2d5ddad0afd4d5fe.php 第 150 行.
INFO: Run Behavior\ParseTemplateBehavior [ RunTime:0.009001s ]
INFO: [ view_parse ] --END-- [ RunTime:-0.002000s ]
INFO: [ view_filter ] --START--
INFO: Run Behavior\WriteHtmlCacheBehavior [ RunTime:0.000000s ]
INFO: [ view_filter ] --END-- [ RunTime:-0.010001s ]
INFO: [ app_end ] --START--
INFO: Run Behavior\ShowPageTraceBehavior [ RunTime:0.001000s ]
INFO: [ app_end ] --END-- [ RunTime:0.001000s ]

[ 2015-01-02T21:31:13+08:00 ] 127.0.0.1 /index.php/Auth/Index.html
NOTIC: [8] Use of undefined constant GROUP_NAME - assumed 'GROUP_NAME' G:\jwscms\Application\Admin\Controller\CommonController.class.php 第 39 行.
SQL: SHOW COLUMNS FROM `role` [ RunTime:0.008001s ]
SQL: SELECT * FROM `role`  [ RunTime:0.000000s ]
INFO: [ view_parse ] --START--
INFO: [ template_filter ] --START--
INFO: Run Behavior\ContentReplaceBehavior [ RunTime:0.000000s ]
INFO: [ template_filter ] --END-- [ RunTime:0.000000s ]
NOTIC: [8] Undefined index: username G:\jwscms\Application\Runtime\Cache\Admin\7a6f44520688489d1b948e59cdab957c.php 第 24 行.
INFO: Run Behavior\ParseTemplateBehavior [ RunTime:0.015001s ]
INFO: [ view_parse ] --END-- [ RunTime:0.016001s ]
INFO: [ view_filter ] --START--
INFO: Run Behavior\WriteHtmlCacheBehavior [ RunTime:0.000000s ]
INFO: [ view_filter ] --END-- [ RunTime:0.000000s ]
INFO: [ app_end ] --START--
INFO: Run Behavior\ShowPageTraceBehavior [ RunTime:0.001000s ]
INFO: [ app_end ] --END-- [ RunTime:0.001000s ]

[ 2015-01-02T21:31:17+08:00 ] 127.0.0.1 /index.php/Admin/Auth/Edit/id/2.html
NOTIC: [8] Use of undefined constant GROUP_NAME - assumed 'GROUP_NAME' G:\jwscms\Application\Admin\Controller\CommonController.class.php 第 39 行.
SQL: SHOW COLUMNS FROM `auth` [ RunTime:0.012001s ]
ERR: 1146:Table 'jwscms.auth' doesn't exist
 [ SQL语句 ] : SHOW COLUMNS FROM `auth`
SQL: SHOW COLUMNS FROM `role` [ RunTime:0.011001s ]
SQL: SELECT * FROM `role` WHERE `id` = 2 LIMIT 1   [ RunTime:0.001000s ]
INFO: [ view_parse ] --START--
INFO: [ template_filter ] --START--
INFO: Run Behavior\ContentReplaceBehavior [ RunTime:0.000000s ]
INFO: [ template_filter ] --END-- [ RunTime:0.000000s ]
NOTIC: [8] Undefined index: username G:\jwscms\Application\Runtime\Cache\Admin\a616f3334443552b2d5ddad0afd4d5fe.php 第 24 行.
INFO: Run Behavior\ParseTemplateBehavior [ RunTime:0.014000s ]
INFO: [ view_parse ] --END-- [ RunTime:0.014000s ]
INFO: [ view_filter ] --START--
INFO: Run Behavior\WriteHtmlCacheBehavior [ RunTime:0.000000s ]
INFO: [ view_filter ] --END-- [ RunTime:0.000000s ]
INFO: [ app_end ] --START--
INFO: Run Behavior\ShowPageTraceBehavior [ RunTime:0.001000s ]
INFO: [ app_end ] --END-- [ RunTime:0.001000s ]

[ 2015-01-02T21:31:23+08:00 ] 127.0.0.1 /index.php/Auth/Edit.html
NOTIC: [8] Use of undefined constant GROUP_NAME - assumed 'GROUP_NAME' G:\jwscms\Application\Admin\Controller\CommonController.class.php 第 39 行.
SQL: SHOW COLUMNS FROM `auth` [ RunTime:0.011000s ]
ERR: 1146:Table 'jwscms.auth' doesn't exist
 [ SQL语句 ] : SHOW COLUMNS FROM `auth`
SQL: SHOW COLUMNS FROM `role` [ RunTime:0.007001s ]
SQL: UPDATE `role` SET `name`='Text',`remark`='测试人员',`status`=1 WHERE `id` = 2 [ RunTime:0.001000s ]
INFO: [ view_parse ] --START--
INFO: [ template_filter ] --START--
INFO: Run Behavior\ContentReplaceBehavior [ RunTime:0.000000s ]
INFO: [ template_filter ] --END-- [ RunTime:0.001000s ]
INFO: Run Behavior\ParseTemplateBehavior [ RunTime:0.009000s ]
INFO: [ view_parse ] --END-- [ RunTime:0.009000s ]
INFO: [ view_filter ] --START--
INFO: Run Behavior\WriteHtmlCacheBehavior [ RunTime:0.000000s ]
INFO: [ view_filter ] --END-- [ RunTime:0.000000s ]
INFO: [ view_parse ] --START--
INFO: [ template_filter ] --START--
INFO: Run Behavior\ContentReplaceBehavior [ RunTime:0.000000s ]
INFO: [ template_filter ] --END-- [ RunTime:-0.008001s ]
NOTIC: [8] Undefined index: username G:\jwscms\Application\Runtime\Cache\Admin\a616f3334443552b2d5ddad0afd4d5fe.php 第 24 行.
NOTIC: [8] Undefined variable: info G:\jwscms\Application\Runtime\Cache\Admin\a616f3334443552b2d5ddad0afd4d5fe.php 第 146 行.
NOTIC: [8] Undefined variable: info G:\jwscms\Application\Runtime\Cache\Admin\a616f3334443552b2d5ddad0afd4d5fe.php 第 147 行.
NOTIC: [8] Undefined variable: info G:\jwscms\Application\Runtime\Cache\Admin\a616f3334443552b2d5ddad0afd4d5fe.php 第 150 行.
INFO: Run Behavior\ParseTemplateBehavior [ RunTime:0.008001s ]
INFO: [ view_parse ] --END-- [ RunTime:-0.001000s ]
INFO: [ view_filter ] --START--
INFO: Run Behavior\WriteHtmlCacheBehavior [ RunTime:0.000000s ]
INFO: [ view_filter ] --END-- [ RunTime:-0.009001s ]
INFO: [ app_end ] --START--
INFO: Run Behavior\ShowPageTraceBehavior [ RunTime:0.001000s ]
INFO: [ app_end ] --END-- [ RunTime:0.001000s ]

[ 2015-01-02T21:31:25+08:00 ] 127.0.0.1 /index.php/Auth/Index.html
NOTIC: [8] Use of undefined constant GROUP_NAME - assumed 'GROUP_NAME' G:\jwscms\Application\Admin\Controller\CommonController.class.php 第 39 行.
SQL: SHOW COLUMNS FROM `role` [ RunTime:0.013001s ]
SQL: SELECT * FROM `role`  [ RunTime:0.001000s ]
INFO: [ view_parse ] --START--
INFO: [ template_filter ] --START--
INFO: Run Behavior\ContentReplaceBehavior [ RunTime:0.000000s ]
INFO: [ template_filter ] --END-- [ RunTime:0.000000s ]
NOTIC: [8] Undefined index: username G:\jwscms\Application\Runtime\Cache\Admin\7a6f44520688489d1b948e59cdab957c.php 第 24 行.
INFO: Run Behavior\ParseTemplateBehavior [ RunTime:0.017001s ]
INFO: [ view_parse ] --END-- [ RunTime:0.017001s ]
INFO: [ view_filter ] --START--
INFO: Run Behavior\WriteHtmlCacheBehavior [ RunTime:0.000000s ]
INFO: [ view_filter ] --END-- [ RunTime:0.000000s ]
INFO: [ app_end ] --START--
INFO: Run Behavior\ShowPageTraceBehavior [ RunTime:0.001000s ]
INFO: [ app_end ] --END-- [ RunTime:0.001000s ]

[ 2015-01-02T21:33:35+08:00 ] 127.0.0.1 /index.php/Admin/Config/Index.html
NOTIC: [8] Use of undefined constant GROUP_NAME - assumed 'GROUP_NAME' G:\jwscms\Application\Admin\Controller\CommonController.class.php 第 39 行.
SQL: SHOW COLUMNS FROM `config` [ RunTime:0.013001s ]
SQL: SELECT * FROM `config` WHERE `group` = 1  [ RunTime:0.000000s ]
INFO: [ view_parse ] --START--
INFO: [ template_filter ] --START--
INFO: Run Behavior\ContentReplaceBehavior [ RunTime:0.000000s ]
INFO: [ template_filter ] --END-- [ RunTime:0.000000s ]
NOTIC: [8] Undefined index: username G:\jwscms\Application\Runtime\Cache\Admin\441556474436b78b9c5ceb0e8a01ca8e.php 第 24 行.
INFO: Run Behavior\ParseTemplateBehavior [ RunTime:0.100006s ]
INFO: [ view_parse ] --END-- [ RunTime:0.100006s ]
INFO: [ view_filter ] --START--
INFO: Run Behavior\WriteHtmlCacheBehavior [ RunTime:0.000000s ]
INFO: [ view_filter ] --END-- [ RunTime:0.000000s ]
INFO: [ app_end ] --START--
INFO: Run Behavior\ShowPageTraceBehavior [ RunTime:0.001000s ]
INFO: [ app_end ] --END-- [ RunTime:0.001000s ]

[ 2015-01-02T21:33:39+08:00 ] 127.0.0.1 /index.php/Admin/Config/Edit/id/1.html
NOTIC: [8] Use of undefined constant GROUP_NAME - assumed 'GROUP_NAME' G:\jwscms\Application\Admin\Controller\CommonController.class.php 第 39 行.
SQL: SHOW COLUMNS FROM `config` [ RunTime:0.012001s ]
SQL: SELECT `id`,`name`,`type`,`title`,`group`,`extra`,`remark`,`create_time`,`update_time`,`status`,`value`,`sort` FROM `config` WHERE `id` = 1 LIMIT 1   [ RunTime:0.001000s ]
INFO: [ view_parse ] --START--
INFO: [ template_filter ] --START--
INFO: Run Behavior\ContentReplaceBehavior [ RunTime:0.001000s ]
INFO: [ template_filter ] --END-- [ RunTime:0.001000s ]
NOTIC: [8] Undefined index: username G:\jwscms\Application\Runtime\Cache\Admin\bb85b628ee101b6a6b107a9b20c58d49.php 第 24 行.
INFO: Run Behavior\ParseTemplateBehavior [ RunTime:0.041002s ]
INFO: [ view_parse ] --END-- [ RunTime:0.041002s ]
INFO: [ view_filter ] --START--
INFO: Run Behavior\WriteHtmlCacheBehavior [ RunTime:0.000000s ]
INFO: [ view_filter ] --END-- [ RunTime:0.000000s ]
INFO: [ app_end ] --START--
INFO: Run Behavior\ShowPageTraceBehavior [ RunTime:0.001000s ]
INFO: [ app_end ] --END-- [ RunTime:0.001000s ]

[ 2015-01-02T21:34:55+08:00 ] 127.0.0.1 /index.php/Admin/User/charts.html
ERR: 非法操作:charts

