[ 2015-10-19T13:02:35+08:00 ] 127.0.0.1 /index.php/Admin/Public/left/mid/5
INFO: [ app_begin ] --START--
INFO: Run Behavior\ReadHtmlCacheBehavior [ RunTime:0.000447s ]
INFO: Run Behavior\CheckLangBehavior [ RunTime:0.000510s ]
INFO: [ app_begin ] --END-- [ RunTime:0.001338s ]
SQL: SHOW COLUMNS FROM `node` [ RunTime:0.005975s ]
SQL: SELECT * FROM `node` WHERE ( pid = 5 AND status = 1 ) ORDER BY node.sort asc, node.id desc  [ RunTime:0.000581s ]
SQL: SELECT `title` FROM `node` WHERE ( id=5 )  [ RunTime:0.000404s ]

[ 2015-10-19T13:02:39+08:00 ] 127.0.0.1 /index.php/Admin/Public/left/mid/5
INFO: [ app_begin ] --START--
INFO: Run Behavior\ReadHtmlCacheBehavior [ RunTime:0.000706s ]
INFO: Run Behavior\CheckLangBehavior [ RunTime:0.000457s ]
INFO: [ app_begin ] --END-- [ RunTime:0.001605s ]
SQL: SHOW COLUMNS FROM `node` [ RunTime:0.005844s ]
SQL: SELECT * FROM `node` WHERE ( pid = 5 AND status = 1 ) ORDER BY node.sort asc, node.id desc  [ RunTime:0.000593s ]
SQL: SELECT `title` FROM `node` WHERE ( id=5 )  [ RunTime:0.000379s ]

[ 2015-10-19T13:02:43+08:00 ] 127.0.0.1 /index.php/Admin/Public/left/mid/3
INFO: [ app_begin ] --START--
INFO: Run Behavior\ReadHtmlCacheBehavior [ RunTime:0.000499s ]
INFO: Run Behavior\CheckLangBehavior [ RunTime:0.000480s ]
INFO: [ app_begin ] --END-- [ RunTime:0.001372s ]
SQL: SHOW COLUMNS FROM `node` [ RunTime:0.005960s ]
SQL: SELECT * FROM `node` WHERE ( pid = 3 AND status = 1 ) ORDER BY node.sort asc, node.id desc  [ RunTime:0.000578s ]
SQL: SELECT `title` FROM `node` WHERE ( id=3 )  [ RunTime:0.000355s ]

[ 2015-10-19T13:33:03+08:00 ] 127.0.0.1 /index.php/Admin/Public/left/mid/2
INFO: [ app_begin ] --START--
INFO: Run Behavior\ReadHtmlCacheBehavior [ RunTime:0.000602s ]
INFO: Run Behavior\CheckLangBehavior [ RunTime:0.000567s ]
INFO: [ app_begin ] --END-- [ RunTime:0.001621s ]
SQL: SHOW COLUMNS FROM `node` [ RunTime:0.005989s ]
SQL: SELECT * FROM `node` WHERE ( pid = 2 AND status = 1 ) ORDER BY node.sort asc, node.id desc  [ RunTime:0.000582s ]
SQL: SELECT `title` FROM `node` WHERE ( id=2 )  [ RunTime:0.000367s ]

[ 2015-10-19T13:33:06+08:00 ] 127.0.0.1 /index.php/Admin/Public/left/mid/2
INFO: [ app_begin ] --START--
INFO: Run Behavior\ReadHtmlCacheBehavior [ RunTime:0.000439s ]
INFO: Run Behavior\CheckLangBehavior [ RunTime:0.000450s ]
INFO: [ app_begin ] --END-- [ RunTime:0.001251s ]
SQL: SHOW COLUMNS FROM `node` [ RunTime:0.005908s ]
SQL: SELECT * FROM `node` WHERE ( pid = 2 AND status = 1 ) ORDER BY node.sort asc, node.id desc  [ RunTime:0.000563s ]
SQL: SELECT `title` FROM `node` WHERE ( id=2 )  [ RunTime:0.000362s ]

[ 2015-10-19T13:47:58+08:00 ] 127.0.0.1 /index.php/Admin/Public/left/mid/5
INFO: [ app_begin ] --START--
INFO: Run Behavior\ReadHtmlCacheBehavior [ RunTime:0.000540s ]
INFO: Run Behavior\CheckLangBehavior [ RunTime:0.000512s ]
INFO: [ app_begin ] --END-- [ RunTime:0.001429s ]
SQL: SHOW COLUMNS FROM `node` [ RunTime:0.006020s ]
SQL: SELECT * FROM `node` WHERE ( pid = 5 AND status = 1 ) ORDER BY node.sort asc, node.id desc  [ RunTime:0.000601s ]
SQL: SELECT `title` FROM `node` WHERE ( id=5 )  [ RunTime:0.000372s ]

[ 2015-10-19T13:48:04+08:00 ] 127.0.0.1 /index.php/Admin/Public/left/mid/5
INFO: [ app_begin ] --START--
INFO: Run Behavior\ReadHtmlCacheBehavior [ RunTime:0.000447s ]
INFO: Run Behavior\CheckLangBehavior [ RunTime:0.000441s ]
INFO: [ app_begin ] --END-- [ RunTime:0.001249s ]
SQL: SHOW COLUMNS FROM `node` [ RunTime:0.005979s ]
SQL: SELECT * FROM `node` WHERE ( pid = 5 AND status = 1 ) ORDER BY node.sort asc, node.id desc  [ RunTime:0.000530s ]
SQL: SELECT `title` FROM `node` WHERE ( id=5 )  [ RunTime:0.000352s ]

[ 2015-10-19T13:48:07+08:00 ] 127.0.0.1 /index.php/Admin/Public/left/mid/5
INFO: [ app_begin ] --START--
INFO: Run Behavior\ReadHtmlCacheBehavior [ RunTime:0.000481s ]
INFO: Run Behavior\CheckLangBehavior [ RunTime:0.000481s ]
INFO: [ app_begin ] --END-- [ RunTime:0.001372s ]
SQL: SHOW COLUMNS FROM `node` [ RunTime:0.006178s ]
SQL: SELECT * FROM `node` WHERE ( pid = 5 AND status = 1 ) ORDER BY node.sort asc, node.id desc  [ RunTime:0.000632s ]
SQL: SELECT `title` FROM `node` WHERE ( id=5 )  [ RunTime:0.000470s ]

[ 2015-10-19T13:48:08+08:00 ] 127.0.0.1 /index.php/Admin/Public/left/mid/3
INFO: [ app_begin ] --START--
INFO: Run Behavior\ReadHtmlCacheBehavior [ RunTime:0.000482s ]
INFO: Run Behavior\CheckLangBehavior [ RunTime:0.000495s ]
INFO: [ app_begin ] --END-- [ RunTime:0.001372s ]
SQL: SHOW COLUMNS FROM `node` [ RunTime:0.037600s ]
SQL: SELECT * FROM `node` WHERE ( pid = 3 AND status = 1 ) ORDER BY node.sort asc, node.id desc  [ RunTime:0.000572s ]
SQL: SELECT `title` FROM `node` WHERE ( id=3 )  [ RunTime:0.000347s ]

[ 2015-10-19T13:48:09+08:00 ] 127.0.0.1 /index.php/Admin/Public/left/mid/4
INFO: [ app_begin ] --START--
INFO: Run Behavior\ReadHtmlCacheBehavior [ RunTime:0.000480s ]
INFO: Run Behavior\CheckLangBehavior [ RunTime:0.000477s ]
INFO: [ app_begin ] --END-- [ RunTime:0.001387s ]
SQL: SHOW COLUMNS FROM `node` [ RunTime:0.005863s ]
SQL: SELECT * FROM `node` WHERE ( pid = 4 AND status = 1 ) ORDER BY node.sort asc, node.id desc  [ RunTime:0.000518s ]
SQL: SELECT `title` FROM `node` WHERE ( id=4 )  [ RunTime:0.000439s ]

[ 2015-10-19T13:48:10+08:00 ] 127.0.0.1 /index.php/Admin/Public/left/mid/2
INFO: [ app_begin ] --START--
INFO: Run Behavior\ReadHtmlCacheBehavior [ RunTime:0.000477s ]
INFO: Run Behavior\CheckLangBehavior [ RunTime:0.000471s ]
INFO: [ app_begin ] --END-- [ RunTime:0.001393s ]
SQL: SHOW COLUMNS FROM `node` [ RunTime:0.003168s ]
SQL: SELECT * FROM `node` WHERE ( pid = 2 AND status = 1 ) ORDER BY node.sort asc, node.id desc  [ RunTime:0.000400s ]
SQL: SELECT `title` FROM `node` WHERE ( id=2 )  [ RunTime:0.000242s ]

[ 2015-10-19T13:48:52+08:00 ] 127.0.0.1 /index.php/Admin/Public/left/mid/5
INFO: [ app_begin ] --START--
INFO: Run Behavior\ReadHtmlCacheBehavior [ RunTime:0.000448s ]
INFO: Run Behavior\CheckLangBehavior [ RunTime:0.000480s ]
INFO: [ app_begin ] --END-- [ RunTime:0.001291s ]
SQL: SHOW COLUMNS FROM `node` [ RunTime:0.006005s ]
SQL: SELECT * FROM `node` WHERE ( pid = 5 AND status = 1 ) ORDER BY node.sort asc, node.id desc  [ RunTime:0.000553s ]
SQL: SELECT `title` FROM `node` WHERE ( id=5 )  [ RunTime:0.000337s ]

[ 2015-10-19T13:49:02+08:00 ] 127.0.0.1 /index.php/Admin/Public/left/mid/5
INFO: [ app_begin ] --START--
INFO: Run Behavior\ReadHtmlCacheBehavior [ RunTime:0.000447s ]
INFO: Run Behavior\CheckLangBehavior [ RunTime:0.000474s ]
INFO: [ app_begin ] --END-- [ RunTime:0.001282s ]
SQL: SHOW COLUMNS FROM `node` [ RunTime:0.005761s ]
SQL: SELECT * FROM `node` WHERE ( pid = 5 AND status = 1 ) ORDER BY node.sort asc, node.id desc  [ RunTime:0.000530s ]
SQL: SELECT `title` FROM `node` WHERE ( id=5 )  [ RunTime:0.000454s ]

[ 2015-10-19T13:49:56+08:00 ] 127.0.0.1 /index.php/Admin/Public/left/mid/3
INFO: [ app_begin ] --START--
INFO: Run Behavior\ReadHtmlCacheBehavior [ RunTime:0.000475s ]
INFO: Run Behavior\CheckLangBehavior [ RunTime:0.000467s ]
INFO: [ app_begin ] --END-- [ RunTime:0.001309s ]
SQL: SHOW COLUMNS FROM `node` [ RunTime:0.006212s ]
SQL: SELECT * FROM `node` WHERE ( pid = 3 AND status = 1 ) ORDER BY node.sort asc, node.id desc  [ RunTime:0.000558s ]
SQL: SELECT `title` FROM `node` WHERE ( id=3 )  [ RunTime:0.000364s ]

[ 2015-10-19T13:51:22+08:00 ] 127.0.0.1 /index.php/Admin/Public/left/mid/5
INFO: [ app_begin ] --START--
INFO: Run Behavior\ReadHtmlCacheBehavior [ RunTime:0.000458s ]
INFO: Run Behavior\CheckLangBehavior [ RunTime:0.000446s ]
INFO: [ app_begin ] --END-- [ RunTime:0.001329s ]
SQL: SHOW COLUMNS FROM `node` [ RunTime:0.005985s ]
SQL: SELECT * FROM `node` WHERE ( pid = 5 AND status = 1 ) ORDER BY node.sort asc, node.id desc  [ RunTime:0.000583s ]
SQL: SELECT `title` FROM `node` WHERE ( id=5 )  [ RunTime:0.000347s ]

[ 2015-10-19T13:51:24+08:00 ] 127.0.0.1 /index.php/Admin/Public/left/mid/3
INFO: [ app_begin ] --START--
INFO: Run Behavior\ReadHtmlCacheBehavior [ RunTime:0.000467s ]
INFO: Run Behavior\CheckLangBehavior [ RunTime:0.000476s ]
INFO: [ app_begin ] --END-- [ RunTime:0.001373s ]
SQL: SHOW COLUMNS FROM `node` [ RunTime:0.005975s ]
SQL: SELECT * FROM `node` WHERE ( pid = 3 AND status = 1 ) ORDER BY node.sort asc, node.id desc  [ RunTime:0.000594s ]
SQL: SELECT `title` FROM `node` WHERE ( id=3 )  [ RunTime:0.000415s ]

[ 2015-10-19T14:10:48+08:00 ] 127.0.0.1 /index.php/Admin/Public/Left/mid/5
INFO: [ app_begin ] --START--
INFO: Run Behavior\ReadHtmlCacheBehavior [ RunTime:0.000593s ]
INFO: Run Behavior\CheckLangBehavior [ RunTime:0.000565s ]
INFO: [ app_begin ] --END-- [ RunTime:0.001655s ]
SQL: SHOW COLUMNS FROM `node` [ RunTime:0.006152s ]
SQL: SELECT * FROM `node` WHERE ( pid = 5 AND status = 1 ) ORDER BY node.sort asc, node.id desc  [ RunTime:0.000627s ]
SQL: SELECT `title` FROM `node` WHERE ( id=5 )  [ RunTime:0.000362s ]

[ 2015-10-19T14:10:58+08:00 ] 127.0.0.1 /index.php/Admin/Public/Left/mid/5
INFO: [ app_begin ] --START--
INFO: Run Behavior\ReadHtmlCacheBehavior [ RunTime:0.000443s ]
INFO: Run Behavior\CheckLangBehavior [ RunTime:0.000494s ]
INFO: [ app_begin ] --END-- [ RunTime:0.001325s ]
SQL: SHOW COLUMNS FROM `node` [ RunTime:0.006109s ]
SQL: SELECT * FROM `node` WHERE ( pid = 5 AND status = 1 ) ORDER BY node.sort asc, node.id desc  [ RunTime:0.000610s ]
SQL: SELECT `title` FROM `node` WHERE ( id=5 )  [ RunTime:0.000449s ]

[ 2015-10-19T14:11:00+08:00 ] 127.0.0.1 /index.php/Admin/Public/Left/mid/5
INFO: [ app_begin ] --START--
INFO: Run Behavior\ReadHtmlCacheBehavior [ RunTime:0.000495s ]
INFO: Run Behavior\CheckLangBehavior [ RunTime:0.000480s ]
INFO: [ app_begin ] --END-- [ RunTime:0.001399s ]
SQL: SHOW COLUMNS FROM `node` [ RunTime:0.006008s ]
SQL: SELECT * FROM `node` WHERE ( pid = 5 AND status = 1 ) ORDER BY node.sort asc, node.id desc  [ RunTime:0.000628s ]
SQL: SELECT `title` FROM `node` WHERE ( id=5 )  [ RunTime:0.000351s ]

[ 2015-10-19T14:11:02+08:00 ] 127.0.0.1 /index.php/Admin/Public/Left/mid/3
INFO: [ app_begin ] --START--
INFO: Run Behavior\ReadHtmlCacheBehavior [ RunTime:0.000439s ]
INFO: Run Behavior\CheckLangBehavior [ RunTime:0.000434s ]
INFO: [ app_begin ] --END-- [ RunTime:0.001260s ]
SQL: SHOW COLUMNS FROM `node` [ RunTime:0.005954s ]
SQL: SELECT * FROM `node` WHERE ( pid = 3 AND status = 1 ) ORDER BY node.sort asc, node.id desc  [ RunTime:0.000601s ]
SQL: SELECT `title` FROM `node` WHERE ( id=3 )  [ RunTime:0.000427s ]

[ 2015-10-19T15:00:11+08:00 ] 127.0.0.1 /index.php/Admin/Public/Left/mid/5
INFO: [ app_begin ] --START--
INFO: Run Behavior\ReadHtmlCacheBehavior [ RunTime:0.000493s ]
INFO: Run Behavior\CheckLangBehavior [ RunTime:0.000610s ]
INFO: [ app_begin ] --END-- [ RunTime:0.001520s ]
SQL: SHOW COLUMNS FROM `node` [ RunTime:0.006225s ]
SQL: SELECT * FROM `node` WHERE ( pid = 5 AND status = 1 ) ORDER BY node.sort asc, node.id desc  [ RunTime:0.000565s ]
SQL: SELECT `title` FROM `node` WHERE ( id=5 )  [ RunTime:0.000356s ]

[ 2015-10-19T15:00:22+08:00 ] 127.0.0.1 /index.php/Admin/Public/Left/mid/5
INFO: [ app_begin ] --START--
INFO: Run Behavior\ReadHtmlCacheBehavior [ RunTime:0.000540s ]
INFO: Run Behavior\CheckLangBehavior [ RunTime:0.000552s ]
INFO: [ app_begin ] --END-- [ RunTime:0.001496s ]
SQL: SHOW COLUMNS FROM `node` [ RunTime:0.006460s ]
SQL: SELECT * FROM `node` WHERE ( pid = 5 AND status = 1 ) ORDER BY node.sort asc, node.id desc  [ RunTime:0.000573s ]
SQL: SELECT `title` FROM `node` WHERE ( id=5 )  [ RunTime:0.000378s ]

[ 2015-10-19T15:00:39+08:00 ] 127.0.0.1 /index.php/Admin/Public/Left/mid/5
INFO: [ app_begin ] --START--
INFO: Run Behavior\ReadHtmlCacheBehavior [ RunTime:0.000465s ]
INFO: Run Behavior\CheckLangBehavior [ RunTime:0.000467s ]
INFO: [ app_begin ] --END-- [ RunTime:0.001306s ]
SQL: SHOW COLUMNS FROM `node` [ RunTime:0.006370s ]
SQL: SELECT * FROM `node` WHERE ( pid = 5 AND status = 1 ) ORDER BY node.sort asc, node.id desc  [ RunTime:0.000574s ]
SQL: SELECT `title` FROM `node` WHERE ( id=5 )  [ RunTime:0.000351s ]

[ 2015-10-19T15:01:12+08:00 ] 127.0.0.1 /index.php/Admin/Public/Left/mid/5
INFO: [ app_begin ] --START--
INFO: Run Behavior\ReadHtmlCacheBehavior [ RunTime:0.000489s ]
INFO: Run Behavior\CheckLangBehavior [ RunTime:0.000483s ]
INFO: [ app_begin ] --END-- [ RunTime:0.001403s ]
SQL: SHOW COLUMNS FROM `node` [ RunTime:0.005676s ]
SQL: SELECT * FROM `node` WHERE ( pid = 5 AND status = 1 ) ORDER BY node.sort asc, node.id desc  [ RunTime:0.000293s ]
SQL: SELECT `title` FROM `node` WHERE ( id=5 )  [ RunTime:0.000186s ]

[ 2015-10-19T15:01:26+08:00 ] 127.0.0.1 /index.php/Admin/Public/Left/mid/5
INFO: [ app_begin ] --START--
INFO: Run Behavior\ReadHtmlCacheBehavior [ RunTime:0.000563s ]
INFO: Run Behavior\CheckLangBehavior [ RunTime:0.000513s ]
INFO: [ app_begin ] --END-- [ RunTime:0.001494s ]
SQL: SHOW COLUMNS FROM `node` [ RunTime:0.006268s ]
SQL: SELECT * FROM `node` WHERE ( pid = 5 AND status = 1 ) ORDER BY node.sort asc, node.id desc  [ RunTime:0.000558s ]
SQL: SELECT `title` FROM `node` WHERE ( id=5 )  [ RunTime:0.000340s ]

[ 2015-10-19T15:01:38+08:00 ] 127.0.0.1 /index.php/Admin/Public/Left/mid/5
INFO: [ app_begin ] --START--
INFO: Run Behavior\ReadHtmlCacheBehavior [ RunTime:0.000540s ]
INFO: Run Behavior\CheckLangBehavior [ RunTime:0.000660s ]
INFO: [ app_begin ] --END-- [ RunTime:0.001596s ]
SQL: SHOW COLUMNS FROM `node` [ RunTime:0.006009s ]
SQL: SELECT * FROM `node` WHERE ( pid = 5 AND status = 1 ) ORDER BY node.sort asc, node.id desc  [ RunTime:0.000587s ]
SQL: SELECT `title` FROM `node` WHERE ( id=5 )  [ RunTime:0.000398s ]

[ 2015-10-19T15:01:50+08:00 ] 127.0.0.1 /index.php/Admin/Public/Left/mid/5
INFO: [ app_begin ] --START--
INFO: Run Behavior\ReadHtmlCacheBehavior [ RunTime:0.000594s ]
INFO: Run Behavior\CheckLangBehavior [ RunTime:0.000623s ]
INFO: [ app_begin ] --END-- [ RunTime:0.001726s ]
SQL: SHOW COLUMNS FROM `node` [ RunTime:0.005909s ]
SQL: SELECT * FROM `node` WHERE ( pid = 5 AND status = 1 ) ORDER BY node.sort asc, node.id desc  [ RunTime:0.000558s ]
SQL: SELECT `title` FROM `node` WHERE ( id=5 )  [ RunTime:0.000345s ]

[ 2015-10-19T15:02:10+08:00 ] 127.0.0.1 /index.php/Admin/Public/Left/mid/5
INFO: [ app_begin ] --START--
INFO: Run Behavior\ReadHtmlCacheBehavior [ RunTime:0.000459s ]
INFO: Run Behavior\CheckLangBehavior [ RunTime:0.000460s ]
INFO: [ app_begin ] --END-- [ RunTime:0.001287s ]
SQL: SHOW COLUMNS FROM `node` [ RunTime:0.006667s ]
SQL: SELECT * FROM `node` WHERE ( pid = 5 AND status = 1 ) ORDER BY node.sort asc, node.id desc  [ RunTime:0.000590s ]
SQL: SELECT `title` FROM `node` WHERE ( id=5 )  [ RunTime:0.000339s ]

[ 2015-10-19T15:02:31+08:00 ] 127.0.0.1 /index.php/Admin/Public/Left/mid/5
INFO: [ app_begin ] --START--
INFO: Run Behavior\ReadHtmlCacheBehavior [ RunTime:0.000607s ]
INFO: Run Behavior\CheckLangBehavior [ RunTime:0.000571s ]
INFO: [ app_begin ] --END-- [ RunTime:0.001624s ]
SQL: SHOW COLUMNS FROM `node` [ RunTime:0.006102s ]
SQL: SELECT * FROM `node` WHERE ( pid = 5 AND status = 1 ) ORDER BY node.sort asc, node.id desc  [ RunTime:0.000538s ]
SQL: SELECT `title` FROM `node` WHERE ( id=5 )  [ RunTime:0.000347s ]

[ 2015-10-19T15:03:14+08:00 ] 127.0.0.1 /index.php/Admin/Public/Left/mid/5
INFO: [ app_begin ] --START--
INFO: Run Behavior\ReadHtmlCacheBehavior [ RunTime:0.000658s ]
INFO: Run Behavior\CheckLangBehavior [ RunTime:0.000562s ]
INFO: [ app_begin ] --END-- [ RunTime:0.001614s ]
SQL: SHOW COLUMNS FROM `node` [ RunTime:0.006314s ]
SQL: SELECT * FROM `node` WHERE ( pid = 5 AND status = 1 ) ORDER BY node.sort asc, node.id desc  [ RunTime:0.000587s ]
SQL: SELECT `title` FROM `node` WHERE ( id=5 )  [ RunTime:0.000380s ]

[ 2015-10-19T15:03:38+08:00 ] 127.0.0.1 /index.php/Admin/Public/Left/mid/5
INFO: [ app_begin ] --START--
INFO: Run Behavior\ReadHtmlCacheBehavior [ RunTime:0.000481s ]
INFO: Run Behavior\CheckLangBehavior [ RunTime:0.000465s ]
INFO: [ app_begin ] --END-- [ RunTime:0.001370s ]
SQL: SHOW COLUMNS FROM `node` [ RunTime:0.008851s ]
SQL: SELECT * FROM `node` WHERE ( pid = 5 AND status = 1 ) ORDER BY node.sort asc, node.id desc  [ RunTime:0.000633s ]
SQL: SELECT `title` FROM `node` WHERE ( id=5 )  [ RunTime:0.000370s ]

[ 2015-10-19T15:04:31+08:00 ] 127.0.0.1 /index.php/Admin/Public/Left/mid/5
INFO: [ app_begin ] --START--
INFO: Run Behavior\ReadHtmlCacheBehavior [ RunTime:0.000511s ]
INFO: Run Behavior\CheckLangBehavior [ RunTime:0.000582s ]
INFO: [ app_begin ] --END-- [ RunTime:0.001529s ]
SQL: SHOW COLUMNS FROM `node` [ RunTime:0.003175s ]
SQL: SELECT * FROM `node` WHERE ( pid = 5 AND status = 1 ) ORDER BY node.sort asc, node.id desc  [ RunTime:0.000334s ]
SQL: SELECT `title` FROM `node` WHERE ( id=5 )  [ RunTime:0.000243s ]

[ 2015-10-19T15:04:35+08:00 ] 127.0.0.1 /index.php/Admin/Public/Left/mid/5
INFO: [ app_begin ] --START--
INFO: Run Behavior\ReadHtmlCacheBehavior [ RunTime:0.000473s ]
INFO: Run Behavior\CheckLangBehavior [ RunTime:0.000473s ]
INFO: [ app_begin ] --END-- [ RunTime:0.001348s ]
SQL: SHOW COLUMNS FROM `node` [ RunTime:0.005986s ]
SQL: SELECT * FROM `node` WHERE ( pid = 5 AND status = 1 ) ORDER BY node.sort asc, node.id desc  [ RunTime:0.000616s ]
SQL: SELECT `title` FROM `node` WHERE ( id=5 )  [ RunTime:0.000404s ]

[ 2015-10-19T15:04:44+08:00 ] 127.0.0.1 /index.php/Admin/Public/Left/mid/5
INFO: [ app_begin ] --START--
INFO: Run Behavior\ReadHtmlCacheBehavior [ RunTime:0.000460s ]
INFO: Run Behavior\CheckLangBehavior [ RunTime:0.000486s ]
INFO: [ app_begin ] --END-- [ RunTime:0.001362s ]
SQL: SHOW COLUMNS FROM `node` [ RunTime:0.006579s ]
SQL: SELECT * FROM `node` WHERE ( pid = 5 AND status = 1 ) ORDER BY node.sort asc, node.id desc  [ RunTime:0.000583s ]
SQL: SELECT `title` FROM `node` WHERE ( id=5 )  [ RunTime:0.000444s ]

[ 2015-10-19T15:04:59+08:00 ] 127.0.0.1 /index.php/Admin/Public/Left/mid/5
INFO: [ app_begin ] --START--
INFO: Run Behavior\ReadHtmlCacheBehavior [ RunTime:0.000492s ]
INFO: Run Behavior\CheckLangBehavior [ RunTime:0.000509s ]
INFO: [ app_begin ] --END-- [ RunTime:0.001451s ]
SQL: SHOW COLUMNS FROM `node` [ RunTime:0.003368s ]
SQL: SELECT * FROM `node` WHERE ( pid = 5 AND status = 1 ) ORDER BY node.sort asc, node.id desc  [ RunTime:0.000368s ]
SQL: SELECT `title` FROM `node` WHERE ( id=5 )  [ RunTime:0.000216s ]

[ 2015-10-19T15:06:02+08:00 ] 127.0.0.1 /index.php/Admin/Public/Left/mid/5
INFO: [ app_begin ] --START--
INFO: Run Behavior\ReadHtmlCacheBehavior [ RunTime:0.000506s ]
INFO: Run Behavior\CheckLangBehavior [ RunTime:0.000495s ]
INFO: [ app_begin ] --END-- [ RunTime:0.001432s ]
SQL: SHOW COLUMNS FROM `node` [ RunTime:0.006248s ]
SQL: SELECT * FROM `node` WHERE ( pid = 5 AND status = 1 ) ORDER BY node.sort asc, node.id desc  [ RunTime:0.000646s ]
SQL: SELECT `title` FROM `node` WHERE ( id=5 )  [ RunTime:0.000377s ]

[ 2015-10-19T16:38:26+08:00 ] 127.0.0.1 /index.php/Admin/Public/Left/mid/5
INFO: [ app_begin ] --START--
INFO: Run Behavior\ReadHtmlCacheBehavior [ RunTime:0.000553s ]
INFO: Run Behavior\CheckLangBehavior [ RunTime:0.000644s ]
INFO: [ app_begin ] --END-- [ RunTime:0.001705s ]
SQL: SHOW COLUMNS FROM `node` [ RunTime:0.004513s ]
SQL: SELECT * FROM `node` WHERE ( pid = 5 AND status = 1 ) ORDER BY node.sort asc, node.id desc  [ RunTime:0.000404s ]
SQL: SELECT `title` FROM `node` WHERE ( id=5 )  [ RunTime:0.000228s ]

[ 2015-10-19T16:43:03+08:00 ] 127.0.0.1 /index.php/Admin/Public/Left/mid/5
INFO: [ app_begin ] --START--
INFO: Run Behavior\ReadHtmlCacheBehavior [ RunTime:0.000572s ]
INFO: Run Behavior\CheckLangBehavior [ RunTime:0.000526s ]
INFO: [ app_begin ] --END-- [ RunTime:0.001522s ]
SQL: SHOW COLUMNS FROM `node` [ RunTime:0.006237s ]
SQL: SELECT * FROM `node` WHERE ( pid = 5 AND status = 1 ) ORDER BY node.sort asc, node.id desc  [ RunTime:0.000599s ]
SQL: SELECT `title` FROM `node` WHERE ( id=5 )  [ RunTime:0.000400s ]

[ 2015-10-19T16:43:13+08:00 ] 127.0.0.1 /index.php/Admin/Public/Left/mid/3
INFO: [ app_begin ] --START--
INFO: Run Behavior\ReadHtmlCacheBehavior [ RunTime:0.000539s ]
INFO: Run Behavior\CheckLangBehavior [ RunTime:0.000522s ]
INFO: [ app_begin ] --END-- [ RunTime:0.001490s ]
SQL: SHOW COLUMNS FROM `node` [ RunTime:0.006101s ]
SQL: SELECT * FROM `node` WHERE ( pid = 3 AND status = 1 ) ORDER BY node.sort asc, node.id desc  [ RunTime:0.000579s ]
SQL: SELECT `title` FROM `node` WHERE ( id=3 )  [ RunTime:0.000374s ]

[ 2015-10-19T16:52:02+08:00 ] 127.0.0.1 /index.php/Admin/Public/Left/mid/5
INFO: [ app_begin ] --START--
INFO: Run Behavior\ReadHtmlCacheBehavior [ RunTime:0.000476s ]
INFO: Run Behavior\CheckLangBehavior [ RunTime:0.000458s ]
INFO: [ app_begin ] --END-- [ RunTime:0.001365s ]
SQL: SHOW COLUMNS FROM `node` [ RunTime:0.006390s ]
SQL: SELECT * FROM `node` WHERE ( pid = 5 AND status = 1 ) ORDER BY node.sort asc, node.id desc  [ RunTime:0.000639s ]
SQL: SELECT `title` FROM `node` WHERE ( id=5 )  [ RunTime:0.000413s ]

[ 2015-10-19T16:55:16+08:00 ] 127.0.0.1 /index.php/Admin/Public/Left/mid/5
INFO: [ app_begin ] --START--
INFO: Run Behavior\ReadHtmlCacheBehavior [ RunTime:0.000601s ]
INFO: Run Behavior\CheckLangBehavior [ RunTime:0.000526s ]
INFO: [ app_begin ] --END-- [ RunTime:0.001582s ]
SQL: SHOW COLUMNS FROM `node` [ RunTime:0.006612s ]
SQL: SELECT * FROM `node` WHERE ( pid = 5 AND status = 1 ) ORDER BY node.sort asc, node.id desc  [ RunTime:0.000581s ]
SQL: SELECT `title` FROM `node` WHERE ( id=5 )  [ RunTime:0.000355s ]

[ 2015-10-19T17:27:56+08:00 ] 127.0.0.1 /index.php/Admin/Public/Left/mid/3
INFO: [ app_begin ] --START--
INFO: Run Behavior\ReadHtmlCacheBehavior [ RunTime:0.000566s ]
INFO: Run Behavior\CheckLangBehavior [ RunTime:0.000591s ]
INFO: [ app_begin ] --END-- [ RunTime:0.001671s ]
SQL: SHOW COLUMNS FROM `node` [ RunTime:0.007356s ]
SQL: SELECT * FROM `node` WHERE ( pid = 3 AND status = 1 ) ORDER BY node.sort asc, node.id desc  [ RunTime:0.000718s ]
SQL: SELECT `title` FROM `node` WHERE ( id=3 )  [ RunTime:0.000385s ]

[ 2015-10-19T17:28:14+08:00 ] 127.0.0.1 /index.php/Admin/Public/Left/mid/3
INFO: [ app_begin ] --START--
INFO: Run Behavior\ReadHtmlCacheBehavior [ RunTime:0.000482s ]
INFO: Run Behavior\CheckLangBehavior [ RunTime:0.000486s ]
INFO: [ app_begin ] --END-- [ RunTime:0.001395s ]
SQL: SHOW COLUMNS FROM `node` [ RunTime:0.005939s ]
SQL: SELECT * FROM `node` WHERE ( pid = 3 AND status = 1 ) ORDER BY node.sort asc, node.id desc  [ RunTime:0.000613s ]
SQL: SELECT `title` FROM `node` WHERE ( id=3 )  [ RunTime:0.000407s ]

[ 2015-10-19T17:28:18+08:00 ] 127.0.0.1 /index.php/Admin/Public/Left/mid/5
INFO: [ app_begin ] --START--
INFO: Run Behavior\ReadHtmlCacheBehavior [ RunTime:0.000482s ]
INFO: Run Behavior\CheckLangBehavior [ RunTime:0.000462s ]
INFO: [ app_begin ] --END-- [ RunTime:0.001364s ]
SQL: SHOW COLUMNS FROM `node` [ RunTime:0.006268s ]
SQL: SELECT * FROM `node` WHERE ( pid = 5 AND status = 1 ) ORDER BY node.sort asc, node.id desc  [ RunTime:0.000746s ]
SQL: SELECT `title` FROM `node` WHERE ( id=5 )  [ RunTime:0.000483s ]

[ 2015-10-19T17:33:58+08:00 ] 127.0.0.1 /index.php/Admin/Public/Left/mid/3
INFO: [ app_begin ] --START--
INFO: Run Behavior\ReadHtmlCacheBehavior [ RunTime:0.000545s ]
INFO: Run Behavior\CheckLangBehavior [ RunTime:0.000541s ]
INFO: [ app_begin ] --END-- [ RunTime:0.001520s ]
SQL: SHOW COLUMNS FROM `node` [ RunTime:0.007227s ]
SQL: SELECT * FROM `node` WHERE ( pid = 3 AND status = 1 ) ORDER BY node.sort asc, node.id desc  [ RunTime:0.000668s ]
SQL: SELECT `title` FROM `node` WHERE ( id=3 )  [ RunTime:0.000443s ]

[ 2015-10-19T17:42:39+08:00 ] 127.0.0.1 /index.php/Admin/Public/Left/mid/5
INFO: [ app_begin ] --START--
INFO: Run Behavior\ReadHtmlCacheBehavior [ RunTime:0.000529s ]
INFO: Run Behavior\CheckLangBehavior [ RunTime:0.000473s ]
INFO: [ app_begin ] --END-- [ RunTime:0.001415s ]
SQL: SHOW COLUMNS FROM `node` [ RunTime:0.006030s ]
SQL: SELECT * FROM `node` WHERE ( pid = 5 AND status = 1 ) ORDER BY node.sort asc, node.id desc  [ RunTime:0.000528s ]
SQL: SELECT `title` FROM `node` WHERE ( id=5 )  [ RunTime:0.000335s ]

[ 2015-10-19T17:42:41+08:00 ] 127.0.0.1 /index.php/Admin/Public/Left/mid/3
INFO: [ app_begin ] --START--
INFO: Run Behavior\ReadHtmlCacheBehavior [ RunTime:0.000474s ]
INFO: Run Behavior\CheckLangBehavior [ RunTime:0.000471s ]
INFO: [ app_begin ] --END-- [ RunTime:0.001375s ]
SQL: SHOW COLUMNS FROM `node` [ RunTime:0.006191s ]
SQL: SELECT * FROM `node` WHERE ( pid = 3 AND status = 1 ) ORDER BY node.sort asc, node.id desc  [ RunTime:0.000570s ]
SQL: SELECT `title` FROM `node` WHERE ( id=3 )  [ RunTime:0.000337s ]

[ 2015-10-19T17:43:23+08:00 ] 127.0.0.1 /index.php/Admin/Public/Left/mid/5
INFO: [ app_begin ] --START--
INFO: Run Behavior\ReadHtmlCacheBehavior [ RunTime:0.000539s ]
INFO: Run Behavior\CheckLangBehavior [ RunTime:0.000532s ]
INFO: [ app_begin ] --END-- [ RunTime:0.001483s ]
SQL: SHOW COLUMNS FROM `node` [ RunTime:0.005781s ]
SQL: SELECT * FROM `node` WHERE ( pid = 5 AND status = 1 ) ORDER BY node.sort asc, node.id desc  [ RunTime:0.000584s ]
SQL: SELECT `title` FROM `node` WHERE ( id=5 )  [ RunTime:0.000359s ]

[ 2015-10-19T17:43:24+08:00 ] 127.0.0.1 /index.php/Admin/Public/Left/mid/3
INFO: [ app_begin ] --START--
INFO: Run Behavior\ReadHtmlCacheBehavior [ RunTime:0.000467s ]
INFO: Run Behavior\CheckLangBehavior [ RunTime:0.000468s ]
INFO: [ app_begin ] --END-- [ RunTime:0.001316s ]
SQL: SHOW COLUMNS FROM `node` [ RunTime:0.006556s ]
SQL: SELECT * FROM `node` WHERE ( pid = 3 AND status = 1 ) ORDER BY node.sort asc, node.id desc  [ RunTime:0.000605s ]
SQL: SELECT `title` FROM `node` WHERE ( id=3 )  [ RunTime:0.000357s ]

[ 2015-10-19T17:45:37+08:00 ] 127.0.0.1 /index.php/Admin/Public/Left/mid/5
INFO: [ app_begin ] --START--
INFO: Run Behavior\ReadHtmlCacheBehavior [ RunTime:0.000559s ]
INFO: Run Behavior\CheckLangBehavior [ RunTime:0.000521s ]
INFO: [ app_begin ] --END-- [ RunTime:0.001505s ]
SQL: SHOW COLUMNS FROM `node` [ RunTime:0.006075s ]
SQL: SELECT * FROM `node` WHERE ( pid = 5 AND status = 1 ) ORDER BY node.sort asc, node.id desc  [ RunTime:0.000623s ]
SQL: SELECT `title` FROM `node` WHERE ( id=5 )  [ RunTime:0.000408s ]

[ 2015-10-19T17:45:38+08:00 ] 127.0.0.1 /index.php/Admin/Public/Left/mid/5
INFO: [ app_begin ] --START--
INFO: Run Behavior\ReadHtmlCacheBehavior [ RunTime:0.000611s ]
INFO: Run Behavior\CheckLangBehavior [ RunTime:0.000596s ]
INFO: [ app_begin ] --END-- [ RunTime:0.001698s ]
SQL: SHOW COLUMNS FROM `node` [ RunTime:0.006356s ]
SQL: SELECT * FROM `node` WHERE ( pid = 5 AND status = 1 ) ORDER BY node.sort asc, node.id desc  [ RunTime:0.000580s ]
SQL: SELECT `title` FROM `node` WHERE ( id=5 )  [ RunTime:0.000393s ]

[ 2015-10-19T17:45:39+08:00 ] 127.0.0.1 /index.php/Admin/Public/Left/mid/3
INFO: [ app_begin ] --START--
INFO: Run Behavior\ReadHtmlCacheBehavior [ RunTime:0.000613s ]
INFO: Run Behavior\CheckLangBehavior [ RunTime:0.000518s ]
INFO: [ app_begin ] --END-- [ RunTime:0.001536s ]
SQL: SHOW COLUMNS FROM `node` [ RunTime:0.006401s ]
SQL: SELECT * FROM `node` WHERE ( pid = 3 AND status = 1 ) ORDER BY node.sort asc, node.id desc  [ RunTime:0.000605s ]
SQL: SELECT `title` FROM `node` WHERE ( id=3 )  [ RunTime:0.000392s ]

[ 2015-10-19T17:46:16+08:00 ] 127.0.0.1 /index.php/Admin/Public/Left/mid/5
INFO: [ app_begin ] --START--
INFO: Run Behavior\ReadHtmlCacheBehavior [ RunTime:0.000645s ]
INFO: Run Behavior\CheckLangBehavior [ RunTime:0.000561s ]
INFO: [ app_begin ] --END-- [ RunTime:0.001693s ]
SQL: SHOW COLUMNS FROM `node` [ RunTime:0.006343s ]
SQL: SELECT * FROM `node` WHERE ( pid = 5 AND status = 1 ) ORDER BY node.sort asc, node.id desc  [ RunTime:0.000588s ]
SQL: SELECT `title` FROM `node` WHERE ( id=5 )  [ RunTime:0.000393s ]

[ 2015-10-19T17:46:20+08:00 ] 127.0.0.1 /index.php/Admin/Public/Left/mid/3
INFO: [ app_begin ] --START--
INFO: Run Behavior\ReadHtmlCacheBehavior [ RunTime:0.000488s ]
INFO: Run Behavior\CheckLangBehavior [ RunTime:0.000491s ]
INFO: [ app_begin ] --END-- [ RunTime:0.001497s ]
SQL: SHOW COLUMNS FROM `node` [ RunTime:0.006100s ]
SQL: SELECT * FROM `node` WHERE ( pid = 3 AND status = 1 ) ORDER BY node.sort asc, node.id desc  [ RunTime:0.000654s ]
SQL: SELECT `title` FROM `node` WHERE ( id=3 )  [ RunTime:0.000442s ]

[ 2015-10-19T17:46:49+08:00 ] 127.0.0.1 /index.php/Admin/Public/Left/mid/5
INFO: [ app_begin ] --START--
INFO: Run Behavior\ReadHtmlCacheBehavior [ RunTime:0.000578s ]
INFO: Run Behavior\CheckLangBehavior [ RunTime:0.000552s ]
INFO: [ app_begin ] --END-- [ RunTime:0.001548s ]
SQL: SHOW COLUMNS FROM `node` [ RunTime:0.006040s ]
SQL: SELECT * FROM `node` WHERE ( pid = 5 AND status = 1 ) ORDER BY node.sort asc, node.id desc  [ RunTime:0.000772s ]
SQL: SELECT `title` FROM `node` WHERE ( id=5 )  [ RunTime:0.000454s ]

[ 2015-10-19T17:46:58+08:00 ] 127.0.0.1 /index.php/Admin/Public/Left/mid/5
INFO: [ app_begin ] --START--
INFO: Run Behavior\ReadHtmlCacheBehavior [ RunTime:0.000471s ]
INFO: Run Behavior\CheckLangBehavior [ RunTime:0.000539s ]
INFO: [ app_begin ] --END-- [ RunTime:0.001411s ]
SQL: SHOW COLUMNS FROM `node` [ RunTime:0.005902s ]
SQL: SELECT * FROM `node` WHERE ( pid = 5 AND status = 1 ) ORDER BY node.sort asc, node.id desc  [ RunTime:0.000593s ]
SQL: SELECT `title` FROM `node` WHERE ( id=5 )  [ RunTime:0.000344s ]

[ 2015-10-19T17:46:59+08:00 ] 127.0.0.1 /index.php/Admin/Public/Left/mid/3
INFO: [ app_begin ] --START--
INFO: Run Behavior\ReadHtmlCacheBehavior [ RunTime:0.000472s ]
INFO: Run Behavior\CheckLangBehavior [ RunTime:0.000646s ]
INFO: [ app_begin ] --END-- [ RunTime:0.001649s ]
SQL: SHOW COLUMNS FROM `node` [ RunTime:0.006122s ]
SQL: SELECT * FROM `node` WHERE ( pid = 3 AND status = 1 ) ORDER BY node.sort asc, node.id desc  [ RunTime:0.000601s ]
SQL: SELECT `title` FROM `node` WHERE ( id=3 )  [ RunTime:0.000394s ]

[ 2015-10-19T17:47:22+08:00 ] 127.0.0.1 /index.php/Admin/Public/Left/mid/5
INFO: [ app_begin ] --START--
INFO: Run Behavior\ReadHtmlCacheBehavior [ RunTime:0.000447s ]
INFO: Run Behavior\CheckLangBehavior [ RunTime:0.000451s ]
INFO: [ app_begin ] --END-- [ RunTime:0.001321s ]
SQL: SHOW COLUMNS FROM `node` [ RunTime:0.005824s ]
SQL: SELECT * FROM `node` WHERE ( pid = 5 AND status = 1 ) ORDER BY node.sort asc, node.id desc  [ RunTime:0.000551s ]
SQL: SELECT `title` FROM `node` WHERE ( id=5 )  [ RunTime:0.000342s ]

[ 2015-10-19T17:47:24+08:00 ] 127.0.0.1 /index.php/Admin/Public/Left/mid/3
INFO: [ app_begin ] --START--
INFO: Run Behavior\ReadHtmlCacheBehavior [ RunTime:0.000497s ]
INFO: Run Behavior\CheckLangBehavior [ RunTime:0.000503s ]
INFO: [ app_begin ] --END-- [ RunTime:0.001425s ]
SQL: SHOW COLUMNS FROM `node` [ RunTime:0.003193s ]
SQL: SELECT * FROM `node` WHERE ( pid = 3 AND status = 1 ) ORDER BY node.sort asc, node.id desc  [ RunTime:0.000383s ]
SQL: SELECT `title` FROM `node` WHERE ( id=3 )  [ RunTime:0.000240s ]

[ 2015-10-19T17:47:39+08:00 ] 127.0.0.1 /index.php/Admin/Public/Left/mid/5
INFO: [ app_begin ] --START--
INFO: Run Behavior\ReadHtmlCacheBehavior [ RunTime:0.000635s ]
INFO: Run Behavior\CheckLangBehavior [ RunTime:0.000542s ]
INFO: [ app_begin ] --END-- [ RunTime:0.001673s ]
SQL: SHOW COLUMNS FROM `node` [ RunTime:0.007786s ]
SQL: SELECT * FROM `node` WHERE ( pid = 5 AND status = 1 ) ORDER BY node.sort asc, node.id desc  [ RunTime:0.000637s ]
SQL: SELECT `title` FROM `node` WHERE ( id=5 )  [ RunTime:0.000362s ]

[ 2015-10-19T17:48:50+08:00 ] 127.0.0.1 /index.php/Admin/Public/Left/mid/3
INFO: [ app_begin ] --START--
INFO: Run Behavior\ReadHtmlCacheBehavior [ RunTime:0.000481s ]
INFO: Run Behavior\CheckLangBehavior [ RunTime:0.000470s ]
INFO: [ app_begin ] --END-- [ RunTime:0.001340s ]
SQL: SHOW COLUMNS FROM `node` [ RunTime:0.006126s ]
SQL: SELECT * FROM `node` WHERE ( pid = 3 AND status = 1 ) ORDER BY node.sort asc, node.id desc  [ RunTime:0.000579s ]
SQL: SELECT `title` FROM `node` WHERE ( id=3 )  [ RunTime:0.000347s ]

[ 2015-10-19T17:51:38+08:00 ] 127.0.0.1 /index.php/Admin/Public/Left/mid/5
INFO: [ app_begin ] --START--
INFO: Run Behavior\ReadHtmlCacheBehavior [ RunTime:0.000444s ]
INFO: Run Behavior\CheckLangBehavior [ RunTime:0.000443s ]
INFO: [ app_begin ] --END-- [ RunTime:0.001247s ]
SQL: SHOW COLUMNS FROM `node` [ RunTime:0.005954s ]
SQL: SELECT * FROM `node` WHERE ( pid = 5 AND status = 1 ) ORDER BY node.sort asc, node.id desc  [ RunTime:0.000600s ]
SQL: SELECT `title` FROM `node` WHERE ( id=5 )  [ RunTime:0.000420s ]

[ 2015-10-19T17:51:39+08:00 ] 127.0.0.1 /index.php/Admin/Public/Left/mid/3
INFO: [ app_begin ] --START--
INFO: Run Behavior\ReadHtmlCacheBehavior [ RunTime:0.000677s ]
INFO: Run Behavior\CheckLangBehavior [ RunTime:0.000699s ]
INFO: [ app_begin ] --END-- [ RunTime:0.001856s ]
SQL: SHOW COLUMNS FROM `node` [ RunTime:0.006310s ]
SQL: SELECT * FROM `node` WHERE ( pid = 3 AND status = 1 ) ORDER BY node.sort asc, node.id desc  [ RunTime:0.000604s ]
SQL: SELECT `title` FROM `node` WHERE ( id=3 )  [ RunTime:0.000442s ]

[ 2015-10-19T17:56:54+08:00 ] 127.0.0.1 /index.php/Admin/Public/Left/mid/5
INFO: [ app_begin ] --START--
INFO: Run Behavior\ReadHtmlCacheBehavior [ RunTime:0.000665s ]
INFO: Run Behavior\CheckLangBehavior [ RunTime:0.000883s ]
INFO: [ app_begin ] --END-- [ RunTime:0.001973s ]
SQL: SHOW COLUMNS FROM `node` [ RunTime:0.006234s ]
SQL: SELECT * FROM `node` WHERE ( pid = 5 AND status = 1 ) ORDER BY node.sort asc, node.id desc  [ RunTime:0.000648s ]
SQL: SELECT `title` FROM `node` WHERE ( id=5 )  [ RunTime:0.000395s ]

[ 2015-10-19T17:56:55+08:00 ] 127.0.0.1 /index.php/Admin/Public/Left/mid/3
INFO: [ app_begin ] --START--
INFO: Run Behavior\ReadHtmlCacheBehavior [ RunTime:0.000574s ]
INFO: Run Behavior\CheckLangBehavior [ RunTime:0.000495s ]
INFO: [ app_begin ] --END-- [ RunTime:0.001477s ]
SQL: SHOW COLUMNS FROM `node` [ RunTime:0.006028s ]
SQL: SELECT * FROM `node` WHERE ( pid = 3 AND status = 1 ) ORDER BY node.sort asc, node.id desc  [ RunTime:0.000558s ]
SQL: SELECT `title` FROM `node` WHERE ( id=3 )  [ RunTime:0.000372s ]

[ 2015-10-19T17:57:49+08:00 ] 127.0.0.1 /index.php/Admin/Public/Left/mid/5
INFO: [ app_begin ] --START--
INFO: Run Behavior\ReadHtmlCacheBehavior [ RunTime:0.000505s ]
INFO: Run Behavior\CheckLangBehavior [ RunTime:0.000480s ]
INFO: [ app_begin ] --END-- [ RunTime:0.001398s ]
SQL: SHOW COLUMNS FROM `node` [ RunTime:0.003219s ]
SQL: SELECT * FROM `node` WHERE ( pid = 5 AND status = 1 ) ORDER BY node.sort asc, node.id desc  [ RunTime:0.000346s ]
SQL: SELECT `title` FROM `node` WHERE ( id=5 )  [ RunTime:0.000222s ]

[ 2015-10-19T17:57:50+08:00 ] 127.0.0.1 /index.php/Admin/Public/Left/mid/3
INFO: [ app_begin ] --START--
INFO: Run Behavior\ReadHtmlCacheBehavior [ RunTime:0.000596s ]
INFO: Run Behavior\CheckLangBehavior [ RunTime:0.000485s ]
INFO: [ app_begin ] --END-- [ RunTime:0.001524s ]
SQL: SHOW COLUMNS FROM `node` [ RunTime:0.006216s ]
SQL: SELECT * FROM `node` WHERE ( pid = 3 AND status = 1 ) ORDER BY node.sort asc, node.id desc  [ RunTime:0.000648s ]
SQL: SELECT `title` FROM `node` WHERE ( id=3 )  [ RunTime:0.000415s ]

[ 2015-10-19T18:03:18+08:00 ] 127.0.0.1 /index.php/Admin/Public/Left/mid/5
INFO: [ app_begin ] --START--
INFO: Run Behavior\ReadHtmlCacheBehavior [ RunTime:0.000640s ]
INFO: Run Behavior\CheckLangBehavior [ RunTime:0.000576s ]
INFO: [ app_begin ] --END-- [ RunTime:0.001653s ]
SQL: SHOW COLUMNS FROM `node` [ RunTime:0.006192s ]
SQL: SELECT * FROM `node` WHERE ( pid = 5 AND status = 1 ) ORDER BY node.sort asc, node.id desc  [ RunTime:0.000502s ]
SQL: SELECT `title` FROM `node` WHERE ( id=5 )  [ RunTime:0.000411s ]

[ 2015-10-19T18:03:19+08:00 ] 127.0.0.1 /index.php/Admin/Public/Left/mid/3
INFO: [ app_begin ] --START--
INFO: Run Behavior\ReadHtmlCacheBehavior [ RunTime:0.000447s ]
INFO: Run Behavior\CheckLangBehavior [ RunTime:0.000443s ]
INFO: [ app_begin ] --END-- [ RunTime:0.001240s ]
SQL: SHOW COLUMNS FROM `node` [ RunTime:0.006114s ]
SQL: SELECT * FROM `node` WHERE ( pid = 3 AND status = 1 ) ORDER BY node.sort asc, node.id desc  [ RunTime:0.000544s ]
SQL: SELECT `title` FROM `node` WHERE ( id=3 )  [ RunTime:0.000355s ]

[ 2015-10-19T18:03:37+08:00 ] 127.0.0.1 /index.php/Admin/Public/Left/mid/5
INFO: [ app_begin ] --START--
INFO: Run Behavior\ReadHtmlCacheBehavior [ RunTime:0.000626s ]
INFO: Run Behavior\CheckLangBehavior [ RunTime:0.000751s ]
INFO: [ app_begin ] --END-- [ RunTime:0.001827s ]
SQL: SHOW COLUMNS FROM `node` [ RunTime:0.006170s ]
SQL: SELECT * FROM `node` WHERE ( pid = 5 AND status = 1 ) ORDER BY node.sort asc, node.id desc  [ RunTime:0.000544s ]
SQL: SELECT `title` FROM `node` WHERE ( id=5 )  [ RunTime:0.000341s ]

[ 2015-10-19T18:03:38+08:00 ] 127.0.0.1 /index.php/Admin/Public/Left/mid/3
INFO: [ app_begin ] --START--
INFO: Run Behavior\ReadHtmlCacheBehavior [ RunTime:0.000451s ]
INFO: Run Behavior\CheckLangBehavior [ RunTime:0.000452s ]
INFO: [ app_begin ] --END-- [ RunTime:0.001258s ]
SQL: SHOW COLUMNS FROM `node` [ RunTime:0.003217s ]
SQL: SELECT * FROM `node` WHERE ( pid = 3 AND status = 1 ) ORDER BY node.sort asc, node.id desc  [ RunTime:0.000311s ]
SQL: SELECT `title` FROM `node` WHERE ( id=3 )  [ RunTime:0.000176s ]

[ 2015-10-19T18:08:55+08:00 ] 127.0.0.1 /index.php/Admin/Public/Left/mid/5
INFO: [ app_begin ] --START--
INFO: Run Behavior\ReadHtmlCacheBehavior [ RunTime:0.000495s ]
INFO: Run Behavior\CheckLangBehavior [ RunTime:0.000470s ]
INFO: [ app_begin ] --END-- [ RunTime:0.001408s ]
SQL: SHOW COLUMNS FROM `node` [ RunTime:0.005936s ]
SQL: SELECT * FROM `node` WHERE ( pid = 5 AND status = 1 ) ORDER BY node.sort asc, node.id desc  [ RunTime:0.000638s ]
SQL: SELECT `title` FROM `node` WHERE ( id=5 )  [ RunTime:0.000346s ]

[ 2015-10-19T18:08:56+08:00 ] 127.0.0.1 /index.php/Admin/Public/Left/mid/3
INFO: [ app_begin ] --START--
INFO: Run Behavior\ReadHtmlCacheBehavior [ RunTime:0.000524s ]
INFO: Run Behavior\CheckLangBehavior [ RunTime:0.000509s ]
INFO: [ app_begin ] --END-- [ RunTime:0.001491s ]
SQL: SHOW COLUMNS FROM `node` [ RunTime:0.003226s ]
SQL: SELECT * FROM `node` WHERE ( pid = 3 AND status = 1 ) ORDER BY node.sort asc, node.id desc  [ RunTime:0.000323s ]
SQL: SELECT `title` FROM `node` WHERE ( id=3 )  [ RunTime:0.000201s ]

