[ 2015-10-29T15:48:46+08:00 ] 127.0.0.1 /index.php/Admin/Public/Left/mid/5
INFO: [ app_begin ] --START--
INFO: Run Behavior\ReadHtmlCacheBehavior [ RunTime:0.000465s ]
INFO: Run Behavior\CheckLangBehavior [ RunTime:0.000505s ]
INFO: [ app_begin ] --END-- [ RunTime:0.001441s ]
SQL: SHOW COLUMNS FROM `node` [ RunTime:0.006633s ]
SQL: SELECT * FROM `node` WHERE ( pid = 5 AND status = 1 ) ORDER BY node.sort asc, node.id desc  [ RunTime:0.000660s ]
SQL: SELECT `title` FROM `node` WHERE ( id=5 )  [ RunTime:0.000447s ]

[ 2015-10-29T15:59:30+08:00 ] 127.0.0.1 /index.php/Admin/Public/Left/mid/2
INFO: [ app_begin ] --START--
INFO: Run Behavior\ReadHtmlCacheBehavior [ RunTime:0.000625s ]
INFO: Run Behavior\CheckLangBehavior [ RunTime:0.000569s ]
INFO: [ app_begin ] --END-- [ RunTime:0.001648s ]
SQL: SHOW COLUMNS FROM `node` [ RunTime:0.006282s ]
SQL: SELECT * FROM `node` WHERE ( pid = 2 AND status = 1 ) ORDER BY node.sort asc, node.id desc  [ RunTime:0.000675s ]
SQL: SELECT `title` FROM `node` WHERE ( id=2 )  [ RunTime:0.000399s ]

[ 2015-10-29T15:59:33+08:00 ] 127.0.0.1 /index.php/Admin/Public/Left/mid/2
INFO: [ app_begin ] --START--
INFO: Run Behavior\ReadHtmlCacheBehavior [ RunTime:0.000476s ]
INFO: Run Behavior\CheckLangBehavior [ RunTime:0.000477s ]
INFO: [ app_begin ] --END-- [ RunTime:0.001342s ]
SQL: SHOW COLUMNS FROM `node` [ RunTime:0.005571s ]
SQL: SELECT * FROM `node` WHERE ( pid = 2 AND status = 1 ) ORDER BY node.sort asc, node.id desc  [ RunTime:0.000627s ]
SQL: SELECT `title` FROM `node` WHERE ( id=2 )  [ RunTime:0.000410s ]

[ 2015-10-29T16:06:34+08:00 ] 127.0.0.1 /index.php/Admin/Public/Left/mid/2
INFO: [ app_begin ] --START--
INFO: Run Behavior\ReadHtmlCacheBehavior [ RunTime:0.000482s ]
INFO: Run Behavior\CheckLangBehavior [ RunTime:0.000457s ]
INFO: [ app_begin ] --END-- [ RunTime:0.001371s ]
SQL: SHOW COLUMNS FROM `node` [ RunTime:0.006239s ]
SQL: SELECT * FROM `node` WHERE ( pid = 2 AND status = 1 ) ORDER BY node.sort asc, node.id desc  [ RunTime:0.000617s ]
SQL: SELECT `title` FROM `node` WHERE ( id=2 )  [ RunTime:0.000386s ]

[ 2015-10-29T16:14:31+08:00 ] 127.0.0.1 /index.php/Admin/Public/Left/mid/3
INFO: [ app_begin ] --START--
INFO: Run Behavior\ReadHtmlCacheBehavior [ RunTime:0.000497s ]
INFO: Run Behavior\CheckLangBehavior [ RunTime:0.000534s ]
INFO: [ app_begin ] --END-- [ RunTime:0.001435s ]
SQL: SHOW COLUMNS FROM `node` [ RunTime:0.005879s ]
SQL: SELECT * FROM `node` WHERE ( pid = 3 AND status = 1 ) ORDER BY node.sort asc, node.id desc  [ RunTime:0.000599s ]
SQL: SELECT `title` FROM `node` WHERE ( id=3 )  [ RunTime:0.000343s ]

[ 2015-10-29T16:21:46+08:00 ] 127.0.0.1 /index.php/Admin/Public/Left/mid/2
INFO: [ app_begin ] --START--
INFO: Run Behavior\ReadHtmlCacheBehavior [ RunTime:0.000601s ]
INFO: Run Behavior\CheckLangBehavior [ RunTime:0.000551s ]
INFO: [ app_begin ] --END-- [ RunTime:0.001552s ]
SQL: SHOW COLUMNS FROM `node` [ RunTime:0.003917s ]
SQL: SELECT * FROM `node` WHERE ( pid = 2 AND status = 1 ) ORDER BY node.sort asc, node.id desc  [ RunTime:0.000364s ]
SQL: SELECT `title` FROM `node` WHERE ( id=2 )  [ RunTime:0.000239s ]

[ 2015-10-29T16:27:56+08:00 ] 127.0.0.1 /index.php/Admin/Public/Left/mid/5
INFO: [ app_begin ] --START--
INFO: Run Behavior\ReadHtmlCacheBehavior [ RunTime:0.000569s ]
INFO: Run Behavior\CheckLangBehavior [ RunTime:0.000546s ]
INFO: [ app_begin ] --END-- [ RunTime:0.001523s ]
SQL: SHOW COLUMNS FROM `node` [ RunTime:0.005963s ]
SQL: SELECT * FROM `node` WHERE ( pid = 5 AND status = 1 ) ORDER BY node.sort asc, node.id desc  [ RunTime:0.000621s ]
SQL: SELECT `title` FROM `node` WHERE ( id=5 )  [ RunTime:0.000437s ]

[ 2015-10-29T16:27:59+08:00 ] 127.0.0.1 /index.php/Admin/Public/Left/mid/2
INFO: [ app_begin ] --START--
INFO: Run Behavior\ReadHtmlCacheBehavior [ RunTime:0.000493s ]
INFO: Run Behavior\CheckLangBehavior [ RunTime:0.000486s ]
INFO: [ app_begin ] --END-- [ RunTime:0.001427s ]
SQL: SHOW COLUMNS FROM `node` [ RunTime:0.006098s ]
SQL: SELECT * FROM `node` WHERE ( pid = 2 AND status = 1 ) ORDER BY node.sort asc, node.id desc  [ RunTime:0.000652s ]
SQL: SELECT `title` FROM `node` WHERE ( id=2 )  [ RunTime:0.000352s ]

[ 2015-10-29T16:46:11+08:00 ] 127.0.0.1 /index.php/Admin/Public/Left/mid/2
INFO: [ app_begin ] --START--
INFO: Run Behavior\ReadHtmlCacheBehavior [ RunTime:0.000588s ]
INFO: Run Behavior\CheckLangBehavior [ RunTime:0.000546s ]
INFO: [ app_begin ] --END-- [ RunTime:0.001558s ]
SQL: SHOW COLUMNS FROM `node` [ RunTime:0.006369s ]
SQL: SELECT * FROM `node` WHERE ( pid = 2 AND status = 1 ) ORDER BY node.sort asc, node.id desc  [ RunTime:0.000985s ]
SQL: SELECT `title` FROM `node` WHERE ( id=2 )  [ RunTime:0.000482s ]

